<?xml version="1.0" encoding="UTF-8"?>
<coverage generated="1764567046262" clover="3.2.0">
  <project timestamp="1764567046262" name="All files">
    <metrics statements="235" coveredstatements="126" conditionals="95" coveredconditionals="28" methods="79" coveredmethods="29" elements="409" coveredelements="183" complexity="0" loc="235" ncloc="235" packages="6" files="14" classes="14"/>
    <package name="components">
      <metrics statements="7" coveredstatements="4" conditionals="4" coveredconditionals="2" methods="4" coveredmethods="1"/>
      <file name="LanguageSwitcher.jsx" path="C:\Users\Juan\.gemini\antigravity\scratch\mortgage-simulator\frontend\src\components\LanguageSwitcher.jsx">
        <metrics statements="7" coveredstatements="4" conditionals="4" coveredconditionals="2" methods="4" coveredmethods="1"/>
        <line num="4" count="1" type="stmt"/>
        <line num="5" count="10" type="stmt"/>
        <line num="7" count="10" type="stmt"/>
        <line num="8" count="0" type="stmt"/>
        <line num="11" count="10" type="stmt"/>
        <line num="16" count="0" type="stmt"/>
        <line num="23" count="0" type="stmt"/>
      </file>
    </package>
    <package name="components.ui">
      <metrics statements="35" coveredstatements="35" conditionals="2" coveredconditionals="2" methods="10" coveredmethods="10"/>
      <file name="Button.jsx" path="C:\Users\Juan\.gemini\antigravity\scratch\mortgage-simulator\frontend\src\components\ui\Button.jsx">
        <metrics statements="5" coveredstatements="5" conditionals="1" coveredconditionals="1" methods="1" coveredmethods="1"/>
        <line num="5" count="4" type="stmt"/>
        <line num="31" count="4" type="cond" truecount="1" falsecount="0"/>
        <line num="32" count="44" type="stmt"/>
        <line num="33" count="44" type="stmt"/>
        <line num="41" count="4" type="stmt"/>
      </file>
      <file name="Card.jsx" path="C:\Users\Juan\.gemini\antigravity\scratch\mortgage-simulator\frontend\src\components\ui\Card.jsx">
        <metrics statements="18" coveredstatements="18" conditionals="0" coveredconditionals="0" methods="6" coveredmethods="6"/>
        <line num="4" count="4" type="stmt"/>
        <line num="5" count="16" type="stmt"/>
        <line num="11" count="4" type="stmt"/>
        <line num="13" count="4" type="stmt"/>
        <line num="14" count="14" type="stmt"/>
        <line num="20" count="4" type="stmt"/>
        <line num="22" count="4" type="stmt"/>
        <line num="23" count="14" type="stmt"/>
        <line num="29" count="4" type="stmt"/>
        <line num="31" count="4" type="stmt"/>
        <line num="32" count="8" type="stmt"/>
        <line num="38" count="4" type="stmt"/>
        <line num="40" count="4" type="stmt"/>
        <line num="41" count="16" type="stmt"/>
        <line num="43" count="4" type="stmt"/>
        <line num="45" count="4" type="stmt"/>
        <line num="46" count="8" type="stmt"/>
        <line num="52" count="4" type="stmt"/>
      </file>
      <file name="Input.jsx" path="C:\Users\Juan\.gemini\antigravity\scratch\mortgage-simulator\frontend\src\components\ui\Input.jsx">
        <metrics statements="3" coveredstatements="3" conditionals="0" coveredconditionals="0" methods="1" coveredmethods="1"/>
        <line num="4" count="4" type="stmt"/>
        <line num="5" count="32" type="stmt"/>
        <line num="17" count="4" type="stmt"/>
      </file>
      <file name="Label.jsx" path="C:\Users\Juan\.gemini\antigravity\scratch\mortgage-simulator\frontend\src\components\ui\Label.jsx">
        <metrics statements="3" coveredstatements="3" conditionals="0" coveredconditionals="0" methods="1" coveredmethods="1"/>
        <line num="4" count="4" type="stmt"/>
        <line num="5" count="42" type="stmt"/>
        <line num="14" count="4" type="stmt"/>
      </file>
      <file name="Tooltip.jsx" path="C:\Users\Juan\.gemini\antigravity\scratch\mortgage-simulator\frontend\src\components\ui\Tooltip.jsx">
        <metrics statements="6" coveredstatements="6" conditionals="1" coveredconditionals="1" methods="1" coveredmethods="1"/>
        <line num="5" count="3" type="stmt"/>
        <line num="7" count="3" type="stmt"/>
        <line num="9" count="3" type="stmt"/>
        <line num="11" count="3" type="cond" truecount="1" falsecount="0"/>
        <line num="12" count="8" type="stmt"/>
        <line num="22" count="3" type="stmt"/>
      </file>
    </package>
    <package name="lib">
      <metrics statements="1" coveredstatements="1" conditionals="0" coveredconditionals="0" methods="1" coveredmethods="1"/>
      <file name="utils.js" path="C:\Users\Juan\.gemini\antigravity\scratch\mortgage-simulator\frontend\src\lib\utils.js">
        <metrics statements="1" coveredstatements="1" conditionals="0" coveredconditionals="0" methods="1" coveredmethods="1"/>
        <line num="5" count="196" type="stmt"/>
      </file>
    </package>
    <package name="locales">
      <metrics statements="0" coveredstatements="0" conditionals="0" coveredconditionals="0" methods="0" coveredmethods="0"/>
      <file name="en.json" path="C:\Users\Juan\.gemini\antigravity\scratch\mortgage-simulator\frontend\src\locales\en.json">
        <metrics statements="0" coveredstatements="0" conditionals="0" coveredconditionals="0" methods="0" coveredmethods="0"/>
      </file>
      <file name="es.json" path="C:\Users\Juan\.gemini\antigravity\scratch\mortgage-simulator\frontend\src\locales\es.json">
        <metrics statements="0" coveredstatements="0" conditionals="0" coveredconditionals="0" methods="0" coveredmethods="0"/>
      </file>
    </package>
    <package name="pages">
      <metrics statements="191" coveredstatements="85" conditionals="89" coveredconditionals="24" methods="64" coveredmethods="17"/>
      <file name="Clients.jsx" path="C:\Users\Juan\.gemini\antigravity\scratch\mortgage-simulator\frontend\src\pages\Clients.jsx">
        <metrics statements="53" coveredstatements="19" conditionals="10" coveredconditionals="3" methods="16" coveredmethods="4"/>
        <line num="12" count="1" type="stmt"/>
        <line num="13" count="7" type="stmt"/>
        <line num="14" count="7" type="stmt"/>
        <line num="15" count="7" type="stmt"/>
        <line num="16" count="7" type="stmt"/>
        <line num="23" count="7" type="stmt"/>
        <line num="25" count="7" type="stmt"/>
        <line num="26" count="2" type="stmt"/>
        <line num="29" count="7" type="stmt"/>
        <line num="30" count="2" type="stmt"/>
        <line num="31" count="2" type="stmt"/>
        <line num="32" count="2" type="stmt"/>
        <line num="34" count="0" type="stmt"/>
        <line num="38" count="7" type="stmt"/>
        <line num="39" count="0" type="stmt"/>
        <line num="40" count="0" type="stmt"/>
        <line num="41" count="0" type="stmt"/>
        <line num="51" count="0" type="cond" truecount="0" falsecount="2"/>
        <line num="52" count="0" type="stmt"/>
        <line num="53" count="0" type="stmt"/>
        <line num="55" count="0" type="stmt"/>
        <line num="56" count="0" type="stmt"/>
        <line num="59" count="0" type="stmt"/>
        <line num="60" count="0" type="stmt"/>
        <line num="61" count="0" type="stmt"/>
        <line num="62" count="0" type="stmt"/>
        <line num="64" count="0" type="stmt"/>
        <line num="65" count="0" type="cond" truecount="0" falsecount="2"/>
        <line num="69" count="7" type="stmt"/>
        <line num="70" count="0" type="stmt"/>
        <line num="71" count="0" type="stmt"/>
        <line num="78" count="0" type="stmt"/>
        <line num="81" count="7" type="stmt"/>
        <line num="82" count="0" type="cond" truecount="0" falsecount="2"/>
        <line num="83" count="0" type="stmt"/>
        <line num="84" count="0" type="stmt"/>
        <line num="85" count="0" type="stmt"/>
        <line num="86" count="0" type="stmt"/>
        <line num="88" count="0" type="stmt"/>
        <line num="89" count="0" type="stmt"/>
        <line num="94" count="7" type="stmt"/>
        <line num="99" count="1" type="stmt"/>
        <line num="100" count="1" type="stmt"/>
        <line num="101" count="1" type="stmt"/>
        <line num="132" count="0" type="stmt"/>
        <line num="141" count="0" type="stmt"/>
        <line num="150" count="0" type="stmt"/>
        <line num="172" count="0" type="stmt"/>
        <line num="182" count="0" type="stmt"/>
        <line num="188" count="0" type="stmt"/>
        <line num="212" count="0" type="stmt"/>
        <line num="219" count="0" type="stmt"/>
        <line num="222" count="0" type="stmt"/>
      </file>
      <file name="Login.jsx" path="C:\Users\Juan\.gemini\antigravity\scratch\mortgage-simulator\frontend\src\pages\Login.jsx">
        <metrics statements="16" coveredstatements="16" conditionals="2" coveredconditionals="2" methods="4" coveredmethods="4"/>
        <line num="11" count="1" type="stmt"/>
        <line num="12" count="10" type="stmt"/>
        <line num="13" count="10" type="stmt"/>
        <line num="14" count="10" type="stmt"/>
        <line num="15" count="10" type="stmt"/>
        <line num="16" count="10" type="stmt"/>
        <line num="17" count="10" type="stmt"/>
        <line num="19" count="10" type="stmt"/>
        <line num="20" count="2" type="stmt"/>
        <line num="21" count="2" type="stmt"/>
        <line num="22" count="2" type="stmt"/>
        <line num="23" count="1" type="stmt"/>
        <line num="25" count="1" type="stmt"/>
        <line num="29" count="10" type="stmt"/>
        <line num="49" count="2" type="stmt"/>
        <line num="60" count="2" type="stmt"/>
      </file>
      <file name="Properties.jsx" path="C:\Users\Juan\.gemini\antigravity\scratch\mortgage-simulator\frontend\src\pages\Properties.jsx">
        <metrics statements="52" coveredstatements="19" conditionals="20" coveredconditionals="3" methods="16" coveredmethods="4"/>
        <line num="12" count="1" type="stmt"/>
        <line num="13" count="7" type="stmt"/>
        <line num="14" count="7" type="stmt"/>
        <line num="15" count="7" type="stmt"/>
        <line num="16" count="7" type="stmt"/>
        <line num="23" count="7" type="stmt"/>
        <line num="25" count="7" type="stmt"/>
        <line num="26" count="2" type="stmt"/>
        <line num="29" count="7" type="stmt"/>
        <line num="30" count="2" type="stmt"/>
        <line num="31" count="2" type="stmt"/>
        <line num="32" count="2" type="stmt"/>
        <line num="34" count="0" type="stmt"/>
        <line num="38" count="7" type="stmt"/>
        <line num="39" count="0" type="stmt"/>
        <line num="40" count="0" type="stmt"/>
        <line num="41" count="0" type="cond" truecount="0" falsecount="2"/>
        <line num="42" count="0" type="stmt"/>
        <line num="43" count="0" type="stmt"/>
        <line num="45" count="0" type="stmt"/>
        <line num="46" count="0" type="stmt"/>
        <line num="49" count="0" type="stmt"/>
        <line num="50" count="0" type="stmt"/>
        <line num="51" count="0" type="stmt"/>
        <line num="52" count="0" type="stmt"/>
        <line num="54" count="0" type="stmt"/>
        <line num="55" count="0" type="cond" truecount="0" falsecount="2"/>
        <line num="59" count="7" type="stmt"/>
        <line num="60" count="0" type="stmt"/>
        <line num="61" count="0" type="stmt"/>
        <line num="68" count="0" type="stmt"/>
        <line num="71" count="7" type="stmt"/>
        <line num="72" count="0" type="cond" truecount="0" falsecount="2"/>
        <line num="73" count="0" type="stmt"/>
        <line num="74" count="0" type="stmt"/>
        <line num="75" count="0" type="stmt"/>
        <line num="76" count="0" type="stmt"/>
        <line num="78" count="0" type="stmt"/>
        <line num="79" count="0" type="stmt"/>
        <line num="84" count="7" type="stmt"/>
        <line num="89" count="1" type="stmt"/>
        <line num="90" count="1" type="stmt"/>
        <line num="91" count="1" type="stmt"/>
        <line num="122" count="0" type="stmt"/>
        <line num="131" count="0" type="stmt"/>
        <line num="153" count="0" type="stmt"/>
        <line num="163" count="0" type="stmt"/>
        <line num="175" count="0" type="stmt"/>
        <line num="184" count="0" type="stmt"/>
        <line num="208" count="0" type="stmt"/>
        <line num="222" count="0" type="stmt"/>
        <line num="225" count="0" type="stmt"/>
      </file>
      <file name="Simulator.jsx" path="C:\Users\Juan\.gemini\antigravity\scratch\mortgage-simulator\frontend\src\pages\Simulator.jsx">
        <metrics statements="70" coveredstatements="31" conditionals="57" coveredconditionals="16" methods="28" coveredmethods="5"/>
        <line num="13" count="1" type="stmt"/>
        <line num="14" count="2" type="stmt"/>
        <line num="15" count="2" type="stmt"/>
        <line num="16" count="2" type="stmt"/>
        <line num="18" count="2" type="stmt"/>
        <line num="19" count="2" type="stmt"/>
        <line num="20" count="2" type="stmt"/>
        <line num="22" count="2" type="stmt"/>
        <line num="23" count="2" type="stmt"/>
        <line num="25" count="2" type="stmt"/>
        <line num="39" count="2" type="stmt"/>
        <line num="41" count="2" type="stmt"/>
        <line num="42" count="2" type="stmt"/>
        <line num="43" count="2" type="stmt"/>
        <line num="44" count="2" type="stmt"/>
        <line num="48" count="2" type="stmt"/>
        <line num="49" count="2" type="stmt"/>
        <line num="51" count="2" type="stmt"/>
        <line num="54" count="2" type="stmt"/>
        <line num="58" count="2" type="stmt"/>
        <line num="59" count="2" type="stmt"/>
        <line num="60" count="2" type="cond" truecount="1" falsecount="1"/>
        <line num="61" count="0" type="stmt"/>
        <line num="62" count="0" type="stmt"/>
        <line num="64" count="0" type="cond" truecount="0" falsecount="2"/>
        <line num="67" count="2" type="cond" truecount="0" falsecount="4"/>
        <line num="69" count="2" type="stmt"/>
        <line num="83" count="2" type="stmt"/>
        <line num="89" count="0" type="stmt"/>
        <line num="100" count="2" type="stmt"/>
        <line num="102" count="0" type="stmt"/>
        <line num="103" count="0" type="stmt"/>
        <line num="106" count="2" type="stmt"/>
        <line num="109" count="2" type="stmt"/>
        <line num="110" count="0" type="stmt"/>
        <line num="111" count="0" type="stmt"/>
        <line num="112" count="0" type="stmt"/>
        <line num="113" count="0" type="stmt"/>
        <line num="115" count="0" type="stmt"/>
        <line num="116" count="0" type="cond" truecount="0" falsecount="2"/>
        <line num="120" count="2" type="stmt"/>
        <line num="121" count="0" type="stmt"/>
        <line num="122" count="0" type="stmt"/>
        <line num="123" count="0" type="stmt"/>
        <line num="125" count="0" type="stmt"/>
        <line num="149" count="0" type="stmt"/>
        <line num="150" count="0" type="stmt"/>
        <line num="152" count="0" type="stmt"/>
        <line num="153" count="0" type="stmt"/>
        <line num="157" count="2" type="cond" truecount="1" falsecount="1"/>
        <line num="159" count="2" type="stmt"/>
        <line num="183" count="0" type="stmt"/>
        <line num="188" count="0" type="stmt"/>
        <line num="198" count="0" type="stmt"/>
        <line num="199" count="0" type="stmt"/>
        <line num="200" count="0" type="cond" truecount="0" falsecount="2"/>
        <line num="201" count="0" type="stmt"/>
        <line num="212" count="0" type="cond" truecount="0" falsecount="2"/>
        <line num="219" count="0" type="stmt"/>
        <line num="242" count="0" type="stmt"/>
        <line num="263" count="0" type="stmt"/>
        <line num="280" count="0" type="stmt"/>
        <line num="297" count="0" type="stmt"/>
        <line num="305" count="0" type="stmt"/>
        <line num="318" count="0" type="stmt"/>
        <line num="331" count="0" type="stmt"/>
        <line num="346" count="0" type="stmt"/>
        <line num="352" count="0" type="stmt"/>
        <line num="413" count="0" type="stmt"/>
        <line num="435" count="0" type="stmt"/>
      </file>
    </package>
    <package name="tests">
      <metrics statements="1" coveredstatements="1" conditionals="0" coveredconditionals="0" methods="0" coveredmethods="0"/>
      <file name="i18nForTests.js" path="C:\Users\Juan\.gemini\antigravity\scratch\mortgage-simulator\frontend\src\tests\i18nForTests.js">
        <metrics statements="1" coveredstatements="1" conditionals="0" coveredconditionals="0" methods="0" coveredmethods="0"/>
        <line num="6" count="4" type="stmt"/>
      </file>
    </package>
  </project>
</coverage>
