{"C:\\Users\\Juan\\.gemini\\antigravity\\scratch\\mortgage-simulator\\frontend\\src\\components\\LanguageSwitcher.jsx": {"path":"C:\\Users\\Juan\\.gemini\\antigravity\\scratch\\mortgage-simulator\\frontend\\src\\components\\LanguageSwitcher.jsx","statementMap":{"0":{"start":{"line":4,"column":25},"end":{"line":29,"column":null}},"1":{"start":{"line":5,"column":17},"end":{"line":5,"column":null}},"2":{"start":{"line":7,"column":27},"end":{"line":9,"column":null}},"3":{"start":{"line":8,"column":8},"end":{"line":8,"column":null}},"4":{"start":{"line":11,"column":4},"end":{"line":27,"column":null}},"5":{"start":{"line":16,"column":31},"end":{"line":16,"column":null}},"6":{"start":{"line":23,"column":31},"end":{"line":23,"column":null}}},"fnMap":{"0":{"name":"(anonymous_0)","decl":{"start":{"line":4,"column":25},"end":{"line":4,"column":31}},"loc":{"start":{"line":4,"column":31},"end":{"line":29,"column":null}},"line":4},"1":{"name":"(anonymous_1)","decl":{"start":{"line":7,"column":27},"end":{"line":7,"column":28}},"loc":{"start":{"line":7,"column":36},"end":{"line":9,"column":null}},"line":7},"2":{"name":"(anonymous_2)","decl":{"start":{"line":16,"column":25},"end":{"line":16,"column":31}},"loc":{"start":{"line":16,"column":31},"end":{"line":16,"column":null}},"line":16},"3":{"name":"(anonymous_3)","decl":{"start":{"line":23,"column":25},"end":{"line":23,"column":31}},"loc":{"start":{"line":23,"column":31},"end":{"line":23,"column":null}},"line":23}},"branchMap":{"0":{"loc":{"start":{"line":14,"column":25},"end":{"line":14,"column":null}},"type":"cond-expr","locations":[{"start":{"line":14,"column":50},"end":{"line":14,"column":62}},{"start":{"line":14,"column":62},"end":{"line":14,"column":null}}],"line":14},"1":{"loc":{"start":{"line":21,"column":25},"end":{"line":21,"column":null}},"type":"cond-expr","locations":[{"start":{"line":21,"column":50},"end":{"line":21,"column":62}},{"start":{"line":21,"column":62},"end":{"line":21,"column":null}}],"line":21}},"s":{"0":1,"1":10,"2":10,"3":0,"4":10,"5":0,"6":0},"f":{"0":10,"1":0,"2":0,"3":0},"b":{"0":[10,0],"1":[0,10]},"meta":{"lastBranch":2,"lastFunction":4,"lastStatement":7,"seen":{"s:4:25:29:Infinity":0,"f:4:25:4:31":0,"s:5:17:5:Infinity":1,"s:7:27:9:Infinity":2,"f:7:27:7:28":1,"s:8:8:8:Infinity":3,"s:11:4:27:Infinity":4,"b:14:50:14:62:14:62:14:Infinity":0,"f:16:25:16:31":2,"s:16:31:16:Infinity":5,"b:21:50:21:62:21:62:21:Infinity":1,"f:23:25:23:31":3,"s:23:31:23:Infinity":6}}}
,"C:\\Users\\Juan\\.gemini\\antigravity\\scratch\\mortgage-simulator\\frontend\\src\\components\\ui\\Button.jsx": {"path":"C:\\Users\\Juan\\.gemini\\antigravity\\scratch\\mortgage-simulator\\frontend\\src\\components\\ui\\Button.jsx","statementMap":{"0":{"start":{"line":5,"column":6},"end":{"line":29,"column":null}},"1":{"start":{"line":31,"column":15},"end":{"line":40,"column":null}},"2":{"start":{"line":32,"column":17},"end":{"line":32,"column":null}},"3":{"start":{"line":33,"column":4},"end":{"line":38,"column":null}},"4":{"start":{"line":41,"column":0},"end":{"line":41,"column":null}}},"fnMap":{"0":{"name":"(anonymous_0)","decl":{"start":{"line":31,"column":32},"end":{"line":31,"column":33}},"loc":{"start":{"line":31,"column":98},"end":{"line":40,"column":1}},"line":31}},"branchMap":{"0":{"loc":{"start":{"line":31,"column":61},"end":{"line":31,"column":78}},"type":"default-arg","locations":[{"start":{"line":31,"column":71},"end":{"line":31,"column":78}}],"line":31}},"s":{"0":4,"1":4,"2":44,"3":44,"4":4},"f":{"0":44},"b":{"0":[44]},"meta":{"lastBranch":1,"lastFunction":1,"lastStatement":5,"seen":{"s:5:6:29:Infinity":0,"s:31:15:40:Infinity":1,"f:31:32:31:33":0,"b:31:71:31:78":0,"s:32:17:32:Infinity":2,"s:33:4:38:Infinity":3,"s:41:0:41:Infinity":4}}}
,"C:\\Users\\Juan\\.gemini\\antigravity\\scratch\\mortgage-simulator\\frontend\\src\\components\\ui\\Card.jsx": {"path":"C:\\Users\\Juan\\.gemini\\antigravity\\scratch\\mortgage-simulator\\frontend\\src\\components\\ui\\Card.jsx","statementMap":{"0":{"start":{"line":4,"column":13},"end":{"line":10,"column":null}},"1":{"start":{"line":5,"column":4},"end":{"line":9,"column":null}},"2":{"start":{"line":11,"column":0},"end":{"line":11,"column":null}},"3":{"start":{"line":13,"column":19},"end":{"line":19,"column":null}},"4":{"start":{"line":14,"column":4},"end":{"line":18,"column":null}},"5":{"start":{"line":20,"column":0},"end":{"line":20,"column":null}},"6":{"start":{"line":22,"column":18},"end":{"line":28,"column":null}},"7":{"start":{"line":23,"column":4},"end":{"line":27,"column":null}},"8":{"start":{"line":29,"column":0},"end":{"line":29,"column":null}},"9":{"start":{"line":31,"column":24},"end":{"line":37,"column":null}},"10":{"start":{"line":32,"column":4},"end":{"line":36,"column":null}},"11":{"start":{"line":38,"column":0},"end":{"line":38,"column":null}},"12":{"start":{"line":40,"column":20},"end":{"line":42,"column":null}},"13":{"start":{"line":41,"column":4},"end":{"line":41,"column":null}},"14":{"start":{"line":43,"column":0},"end":{"line":43,"column":null}},"15":{"start":{"line":45,"column":19},"end":{"line":51,"column":null}},"16":{"start":{"line":46,"column":4},"end":{"line":50,"column":null}},"17":{"start":{"line":52,"column":0},"end":{"line":52,"column":null}}},"fnMap":{"0":{"name":"(anonymous_0)","decl":{"start":{"line":4,"column":30},"end":{"line":4,"column":31}},"loc":{"start":{"line":5,"column":4},"end":{"line":9,"column":null}},"line":5},"1":{"name":"(anonymous_1)","decl":{"start":{"line":13,"column":36},"end":{"line":13,"column":37}},"loc":{"start":{"line":14,"column":4},"end":{"line":18,"column":null}},"line":14},"2":{"name":"(anonymous_2)","decl":{"start":{"line":22,"column":35},"end":{"line":22,"column":36}},"loc":{"start":{"line":23,"column":4},"end":{"line":27,"column":null}},"line":23},"3":{"name":"(anonymous_3)","decl":{"start":{"line":31,"column":41},"end":{"line":31,"column":42}},"loc":{"start":{"line":32,"column":4},"end":{"line":36,"column":null}},"line":32},"4":{"name":"(anonymous_4)","decl":{"start":{"line":40,"column":37},"end":{"line":40,"column":38}},"loc":{"start":{"line":41,"column":4},"end":{"line":41,"column":null}},"line":41},"5":{"name":"(anonymous_5)","decl":{"start":{"line":45,"column":36},"end":{"line":45,"column":37}},"loc":{"start":{"line":46,"column":4},"end":{"line":50,"column":null}},"line":46}},"branchMap":{},"s":{"0":4,"1":16,"2":4,"3":4,"4":14,"5":4,"6":4,"7":14,"8":4,"9":4,"10":8,"11":4,"12":4,"13":16,"14":4,"15":4,"16":8,"17":4},"f":{"0":16,"1":14,"2":14,"3":8,"4":16,"5":8},"b":{},"meta":{"lastBranch":0,"lastFunction":6,"lastStatement":18,"seen":{"s:4:13:10:Infinity":0,"f:4:30:4:31":0,"s:5:4:9:Infinity":1,"s:11:0:11:Infinity":2,"s:13:19:19:Infinity":3,"f:13:36:13:37":1,"s:14:4:18:Infinity":4,"s:20:0:20:Infinity":5,"s:22:18:28:Infinity":6,"f:22:35:22:36":2,"s:23:4:27:Infinity":7,"s:29:0:29:Infinity":8,"s:31:24:37:Infinity":9,"f:31:41:31:42":3,"s:32:4:36:Infinity":10,"s:38:0:38:Infinity":11,"s:40:20:42:Infinity":12,"f:40:37:40:38":4,"s:41:4:41:Infinity":13,"s:43:0:43:Infinity":14,"s:45:19:51:Infinity":15,"f:45:36:45:37":5,"s:46:4:50:Infinity":16,"s:52:0:52:Infinity":17}}}
,"C:\\Users\\Juan\\.gemini\\antigravity\\scratch\\mortgage-simulator\\frontend\\src\\components\\ui\\Input.jsx": {"path":"C:\\Users\\Juan\\.gemini\\antigravity\\scratch\\mortgage-simulator\\frontend\\src\\components\\ui\\Input.jsx","statementMap":{"0":{"start":{"line":4,"column":14},"end":{"line":16,"column":null}},"1":{"start":{"line":5,"column":4},"end":{"line":14,"column":null}},"2":{"start":{"line":17,"column":0},"end":{"line":17,"column":null}}},"fnMap":{"0":{"name":"(anonymous_0)","decl":{"start":{"line":4,"column":31},"end":{"line":4,"column":32}},"loc":{"start":{"line":4,"column":71},"end":{"line":16,"column":1}},"line":4}},"branchMap":{},"s":{"0":4,"1":32,"2":4},"f":{"0":32},"b":{},"meta":{"lastBranch":0,"lastFunction":1,"lastStatement":3,"seen":{"s:4:14:16:Infinity":0,"f:4:31:4:32":0,"s:5:4:14:Infinity":1,"s:17:0:17:Infinity":2}}}
,"C:\\Users\\Juan\\.gemini\\antigravity\\scratch\\mortgage-simulator\\frontend\\src\\components\\ui\\Label.jsx": {"path":"C:\\Users\\Juan\\.gemini\\antigravity\\scratch\\mortgage-simulator\\frontend\\src\\components\\ui\\Label.jsx","statementMap":{"0":{"start":{"line":4,"column":14},"end":{"line":13,"column":null}},"1":{"start":{"line":5,"column":4},"end":{"line":12,"column":null}},"2":{"start":{"line":14,"column":0},"end":{"line":14,"column":null}}},"fnMap":{"0":{"name":"(anonymous_0)","decl":{"start":{"line":4,"column":31},"end":{"line":4,"column":32}},"loc":{"start":{"line":5,"column":4},"end":{"line":12,"column":null}},"line":5}},"branchMap":{},"s":{"0":4,"1":42,"2":4},"f":{"0":42},"b":{},"meta":{"lastBranch":0,"lastFunction":1,"lastStatement":3,"seen":{"s:4:14:13:Infinity":0,"f:4:31:4:32":0,"s:5:4:12:Infinity":1,"s:14:0:14:Infinity":2}}}
,"C:\\Users\\Juan\\.gemini\\antigravity\\scratch\\mortgage-simulator\\frontend\\src\\components\\ui\\Tooltip.jsx": {"path":"C:\\Users\\Juan\\.gemini\\antigravity\\scratch\\mortgage-simulator\\frontend\\src\\components\\ui\\Tooltip.jsx","statementMap":{"0":{"start":{"line":5,"column":24},"end":{"line":5,"column":null}},"1":{"start":{"line":7,"column":16},"end":{"line":7,"column":null}},"2":{"start":{"line":9,"column":23},"end":{"line":9,"column":null}},"3":{"start":{"line":11,"column":23},"end":{"line":21,"column":null}},"4":{"start":{"line":12,"column":4},"end":{"line":20,"column":null}},"5":{"start":{"line":22,"column":0},"end":{"line":22,"column":null}}},"fnMap":{"0":{"name":"(anonymous_0)","decl":{"start":{"line":11,"column":40},"end":{"line":11,"column":41}},"loc":{"start":{"line":12,"column":4},"end":{"line":20,"column":null}},"line":12}},"branchMap":{"0":{"loc":{"start":{"line":11,"column":54},"end":{"line":11,"column":70}},"type":"default-arg","locations":[{"start":{"line":11,"column":67},"end":{"line":11,"column":70}}],"line":11}},"s":{"0":3,"1":3,"2":3,"3":3,"4":8,"5":3},"f":{"0":8},"b":{"0":[8]},"meta":{"lastBranch":1,"lastFunction":1,"lastStatement":6,"seen":{"s:5:24:5:Infinity":0,"s:7:16:7:Infinity":1,"s:9:23:9:Infinity":2,"s:11:23:21:Infinity":3,"f:11:40:11:41":0,"s:12:4:20:Infinity":4,"b:11:67:11:70":0,"s:22:0:22:Infinity":5}}}
,"C:\\Users\\Juan\\.gemini\\antigravity\\scratch\\mortgage-simulator\\frontend\\src\\lib\\utils.js": {"path":"C:\\Users\\Juan\\.gemini\\antigravity\\scratch\\mortgage-simulator\\frontend\\src\\lib\\utils.js","statementMap":{"0":{"start":{"line":5,"column":4},"end":{"line":5,"column":32}}},"fnMap":{"0":{"name":"cn","decl":{"start":{"line":4,"column":16},"end":{"line":4,"column":18}},"loc":{"start":{"line":4,"column":30},"end":{"line":6,"column":1}},"line":4}},"branchMap":{},"s":{"0":196},"f":{"0":196},"b":{},"meta":{"lastBranch":0,"lastFunction":1,"lastStatement":1,"seen":{"f:4:16:4:18":0,"s:5:4:5:32":0}}}
,"C:\\Users\\Juan\\.gemini\\antigravity\\scratch\\mortgage-simulator\\frontend\\src\\locales\\en.json": {"path":"C:\\Users\\Juan\\.gemini\\antigravity\\scratch\\mortgage-simulator\\frontend\\src\\locales\\en.json","statementMap":{},"fnMap":{},"branchMap":{},"s":{},"f":{},"b":{},"meta":{"lastBranch":0,"lastFunction":0,"lastStatement":0,"seen":{}}}
,"C:\\Users\\Juan\\.gemini\\antigravity\\scratch\\mortgage-simulator\\frontend\\src\\locales\\es.json": {"path":"C:\\Users\\Juan\\.gemini\\antigravity\\scratch\\mortgage-simulator\\frontend\\src\\locales\\es.json","statementMap":{},"fnMap":{},"branchMap":{},"s":{},"f":{},"b":{},"meta":{"lastBranch":0,"lastFunction":0,"lastStatement":0,"seen":{}}}
,"C:\\Users\\Juan\\.gemini\\antigravity\\scratch\\mortgage-simulator\\frontend\\src\\pages\\Clients.jsx": {"path":"C:\\Users\\Juan\\.gemini\\antigravity\\scratch\\mortgage-simulator\\frontend\\src\\pages\\Clients.jsx","statementMap":{"0":{"start":{"line":12,"column":16},"end":{"line":233,"column":null}},"1":{"start":{"line":13,"column":30},"end":{"line":13,"column":null}},"2":{"start":{"line":14,"column":32},"end":{"line":14,"column":null}},"3":{"start":{"line":15,"column":34},"end":{"line":15,"column":null}},"4":{"start":{"line":16,"column":32},"end":{"line":22,"column":null}},"5":{"start":{"line":23,"column":14},"end":{"line":23,"column":null}},"6":{"start":{"line":25,"column":4},"end":{"line":27,"column":null}},"7":{"start":{"line":26,"column":8},"end":{"line":26,"column":null}},"8":{"start":{"line":29,"column":25},"end":{"line":36,"column":null}},"9":{"start":{"line":30,"column":8},"end":{"line":35,"column":null}},"10":{"start":{"line":31,"column":29},"end":{"line":31,"column":null}},"11":{"start":{"line":32,"column":12},"end":{"line":32,"column":null}},"12":{"start":{"line":34,"column":12},"end":{"line":34,"column":null}},"13":{"start":{"line":38,"column":25},"end":{"line":67,"column":null}},"14":{"start":{"line":39,"column":8},"end":{"line":39,"column":null}},"15":{"start":{"line":40,"column":8},"end":{"line":66,"column":null}},"16":{"start":{"line":41,"column":28},"end":{"line":49,"column":null}},"17":{"start":{"line":51,"column":12},"end":{"line":57,"column":null}},"18":{"start":{"line":52,"column":16},"end":{"line":52,"column":null}},"19":{"start":{"line":53,"column":16},"end":{"line":53,"column":null}},"20":{"start":{"line":55,"column":16},"end":{"line":55,"column":null}},"21":{"start":{"line":56,"column":16},"end":{"line":56,"column":null}},"22":{"start":{"line":59,"column":12},"end":{"line":59,"column":null}},"23":{"start":{"line":60,"column":12},"end":{"line":60,"column":null}},"24":{"start":{"line":61,"column":12},"end":{"line":61,"column":null}},"25":{"start":{"line":62,"column":12},"end":{"line":62,"column":null}},"26":{"start":{"line":64,"column":12},"end":{"line":64,"column":null}},"27":{"start":{"line":65,"column":12},"end":{"line":65,"column":null}},"28":{"start":{"line":69,"column":23},"end":{"line":79,"column":null}},"29":{"start":{"line":70,"column":8},"end":{"line":70,"column":null}},"30":{"start":{"line":71,"column":8},"end":{"line":77,"column":null}},"31":{"start":{"line":78,"column":8},"end":{"line":78,"column":null}},"32":{"start":{"line":81,"column":25},"end":{"line":92,"column":null}},"33":{"start":{"line":82,"column":8},"end":{"line":91,"column":null}},"34":{"start":{"line":83,"column":12},"end":{"line":90,"column":null}},"35":{"start":{"line":84,"column":16},"end":{"line":84,"column":null}},"36":{"start":{"line":85,"column":16},"end":{"line":85,"column":null}},"37":{"start":{"line":86,"column":16},"end":{"line":86,"column":null}},"38":{"start":{"line":88,"column":16},"end":{"line":88,"column":null}},"39":{"start":{"line":89,"column":16},"end":{"line":89,"column":null}},"40":{"start":{"line":94,"column":4},"end":{"line":231,"column":null}},"41":{"start":{"line":99,"column":20},"end":{"line":99,"column":null}},"42":{"start":{"line":100,"column":20},"end":{"line":100,"column":null}},"43":{"start":{"line":101,"column":20},"end":{"line":101,"column":null}},"44":{"start":{"line":132,"column":57},"end":{"line":132,"column":null}},"45":{"start":{"line":141,"column":57},"end":{"line":141,"column":null}},"46":{"start":{"line":150,"column":57},"end":{"line":150,"column":null}},"47":{"start":{"line":172,"column":57},"end":{"line":172,"column":null}},"48":{"start":{"line":182,"column":57},"end":{"line":182,"column":null}},"49":{"start":{"line":188,"column":87},"end":{"line":188,"column":null}},"50":{"start":{"line":212,"column":28},"end":{"line":226,"column":null}},"51":{"start":{"line":219,"column":87},"end":{"line":219,"column":null}},"52":{"start":{"line":222,"column":131},"end":{"line":222,"column":null}}},"fnMap":{"0":{"name":"(anonymous_0)","decl":{"start":{"line":12,"column":16},"end":{"line":12,"column":22}},"loc":{"start":{"line":12,"column":22},"end":{"line":233,"column":null}},"line":12},"1":{"name":"(anonymous_1)","decl":{"start":{"line":25,"column":14},"end":{"line":25,"column":20}},"loc":{"start":{"line":25,"column":20},"end":{"line":27,"column":7}},"line":25},"2":{"name":"(anonymous_2)","decl":{"start":{"line":29,"column":25},"end":{"line":29,"column":37}},"loc":{"start":{"line":29,"column":37},"end":{"line":36,"column":null}},"line":29},"3":{"name":"(anonymous_3)","decl":{"start":{"line":38,"column":25},"end":{"line":38,"column":32}},"loc":{"start":{"line":38,"column":38},"end":{"line":67,"column":null}},"line":38},"4":{"name":"(anonymous_4)","decl":{"start":{"line":69,"column":23},"end":{"line":69,"column":24}},"loc":{"start":{"line":69,"column":35},"end":{"line":79,"column":null}},"line":69},"5":{"name":"(anonymous_5)","decl":{"start":{"line":81,"column":25},"end":{"line":81,"column":32}},"loc":{"start":{"line":81,"column":39},"end":{"line":92,"column":null}},"line":81},"6":{"name":"(anonymous_6)","decl":{"start":{"line":98,"column":33},"end":{"line":98,"column":39}},"loc":{"start":{"line":98,"column":39},"end":{"line":102,"column":null}},"line":98},"7":{"name":"(anonymous_7)","decl":{"start":{"line":132,"column":50},"end":{"line":132,"column":51}},"loc":{"start":{"line":132,"column":57},"end":{"line":132,"column":null}},"line":132},"8":{"name":"(anonymous_8)","decl":{"start":{"line":141,"column":50},"end":{"line":141,"column":51}},"loc":{"start":{"line":141,"column":57},"end":{"line":141,"column":null}},"line":141},"9":{"name":"(anonymous_9)","decl":{"start":{"line":150,"column":50},"end":{"line":150,"column":51}},"loc":{"start":{"line":150,"column":57},"end":{"line":150,"column":null}},"line":150},"10":{"name":"(anonymous_10)","decl":{"start":{"line":172,"column":50},"end":{"line":172,"column":51}},"loc":{"start":{"line":172,"column":57},"end":{"line":172,"column":null}},"line":172},"11":{"name":"(anonymous_11)","decl":{"start":{"line":182,"column":50},"end":{"line":182,"column":51}},"loc":{"start":{"line":182,"column":57},"end":{"line":182,"column":null}},"line":182},"12":{"name":"(anonymous_12)","decl":{"start":{"line":188,"column":81},"end":{"line":188,"column":87}},"loc":{"start":{"line":188,"column":87},"end":{"line":188,"column":null}},"line":188},"13":{"name":"(anonymous_13)","decl":{"start":{"line":211,"column":37},"end":{"line":211,"column":38}},"loc":{"start":{"line":212,"column":28},"end":{"line":226,"column":null}},"line":212},"14":{"name":"(anonymous_14)","decl":{"start":{"line":219,"column":81},"end":{"line":219,"column":87}},"loc":{"start":{"line":219,"column":87},"end":{"line":219,"column":null}},"line":219},"15":{"name":"(anonymous_15)","decl":{"start":{"line":222,"column":125},"end":{"line":222,"column":131}},"loc":{"start":{"line":222,"column":131},"end":{"line":222,"column":null}},"line":222}},"branchMap":{"0":{"loc":{"start":{"line":51,"column":12},"end":{"line":57,"column":null}},"type":"if","locations":[{"start":{"line":51,"column":12},"end":{"line":57,"column":null}},{"start":{"line":54,"column":19},"end":{"line":57,"column":null}}],"line":51},"1":{"loc":{"start":{"line":65,"column":24},"end":{"line":65,"column":93}},"type":"cond-expr","locations":[{"start":{"line":65,"column":36},"end":{"line":65,"column":66}},{"start":{"line":65,"column":66},"end":{"line":65,"column":93}}],"line":65},"2":{"loc":{"start":{"line":82,"column":8},"end":{"line":91,"column":null}},"type":"if","locations":[{"start":{"line":82,"column":8},"end":{"line":91,"column":null}},{"start":{},"end":{}}],"line":82},"3":{"loc":{"start":{"line":107,"column":13},"end":{"line":195,"column":null}},"type":"binary-expr","locations":[{"start":{"line":107,"column":13},"end":{"line":107,"column":null}},{"start":{"line":108,"column":16},"end":{"line":195,"column":null}}],"line":107},"4":{"loc":{"start":{"line":110,"column":36},"end":{"line":110,"column":99}},"type":"cond-expr","locations":[{"start":{"line":110,"column":48},"end":{"line":110,"column":75}},{"start":{"line":110,"column":75},"end":{"line":110,"column":99}}],"line":110}},"s":{"0":1,"1":7,"2":7,"3":7,"4":7,"5":7,"6":7,"7":2,"8":7,"9":2,"10":2,"11":2,"12":0,"13":7,"14":0,"15":0,"16":0,"17":0,"18":0,"19":0,"20":0,"21":0,"22":0,"23":0,"24":0,"25":0,"26":0,"27":0,"28":7,"29":0,"30":0,"31":0,"32":7,"33":0,"34":0,"35":0,"36":0,"37":0,"38":0,"39":0,"40":7,"41":1,"42":1,"43":1,"44":0,"45":0,"46":0,"47":0,"48":0,"49":0,"50":0,"51":0,"52":0},"f":{"0":7,"1":2,"2":2,"3":0,"4":0,"5":0,"6":1,"7":0,"8":0,"9":0,"10":0,"11":0,"12":0,"13":0,"14":0,"15":0},"b":{"0":[0,0],"1":[0,0],"2":[0,0],"3":[7,3],"4":[0,3]},"meta":{"lastBranch":5,"lastFunction":16,"lastStatement":53,"seen":{"s:12:16:233:Infinity":0,"f:12:16:12:22":0,"s:13:30:13:Infinity":1,"s:14:32:14:Infinity":2,"s:15:34:15:Infinity":3,"s:16:32:22:Infinity":4,"s:23:14:23:Infinity":5,"s:25:4:27:Infinity":6,"f:25:14:25:20":1,"s:26:8:26:Infinity":7,"s:29:25:36:Infinity":8,"f:29:25:29:37":2,"s:30:8:35:Infinity":9,"s:31:29:31:Infinity":10,"s:32:12:32:Infinity":11,"s:34:12:34:Infinity":12,"s:38:25:67:Infinity":13,"f:38:25:38:32":3,"s:39:8:39:Infinity":14,"s:40:8:66:Infinity":15,"s:41:28:49:Infinity":16,"b:51:12:57:Infinity:54:19:57:Infinity":0,"s:51:12:57:Infinity":17,"s:52:16:52:Infinity":18,"s:53:16:53:Infinity":19,"s:55:16:55:Infinity":20,"s:56:16:56:Infinity":21,"s:59:12:59:Infinity":22,"s:60:12:60:Infinity":23,"s:61:12:61:Infinity":24,"s:62:12:62:Infinity":25,"s:64:12:64:Infinity":26,"s:65:12:65:Infinity":27,"b:65:36:65:66:65:66:65:93":1,"s:69:23:79:Infinity":28,"f:69:23:69:24":4,"s:70:8:70:Infinity":29,"s:71:8:77:Infinity":30,"s:78:8:78:Infinity":31,"s:81:25:92:Infinity":32,"f:81:25:81:32":5,"b:82:8:91:Infinity:undefined:undefined:undefined:undefined":2,"s:82:8:91:Infinity":33,"s:83:12:90:Infinity":34,"s:84:16:84:Infinity":35,"s:85:16:85:Infinity":36,"s:86:16:86:Infinity":37,"s:88:16:88:Infinity":38,"s:89:16:89:Infinity":39,"s:94:4:231:Infinity":40,"f:98:33:98:39":6,"s:99:20:99:Infinity":41,"s:100:20:100:Infinity":42,"s:101:20:101:Infinity":43,"b:107:13:107:Infinity:108:16:195:Infinity":3,"b:110:48:110:75:110:75:110:99":4,"f:132:50:132:51":7,"s:132:57:132:Infinity":44,"f:141:50:141:51":8,"s:141:57:141:Infinity":45,"f:150:50:150:51":9,"s:150:57:150:Infinity":46,"f:172:50:172:51":10,"s:172:57:172:Infinity":47,"f:182:50:182:51":11,"s:182:57:182:Infinity":48,"f:188:81:188:87":12,"s:188:87:188:Infinity":49,"f:211:37:211:38":13,"s:212:28:226:Infinity":50,"f:219:81:219:87":14,"s:219:87:219:Infinity":51,"f:222:125:222:131":15,"s:222:131:222:Infinity":52}}}
,"C:\\Users\\Juan\\.gemini\\antigravity\\scratch\\mortgage-simulator\\frontend\\src\\pages\\Login.jsx": {"path":"C:\\Users\\Juan\\.gemini\\antigravity\\scratch\\mortgage-simulator\\frontend\\src\\pages\\Login.jsx","statementMap":{"0":{"start":{"line":11,"column":14},"end":{"line":79,"column":null}},"1":{"start":{"line":12,"column":32},"end":{"line":12,"column":null}},"2":{"start":{"line":13,"column":32},"end":{"line":13,"column":null}},"3":{"start":{"line":14,"column":18},"end":{"line":14,"column":null}},"4":{"start":{"line":15,"column":10},"end":{"line":15,"column":null}},"5":{"start":{"line":16,"column":26},"end":{"line":16,"column":null}},"6":{"start":{"line":17,"column":14},"end":{"line":17,"column":null}},"7":{"start":{"line":19,"column":25},"end":{"line":27,"column":null}},"8":{"start":{"line":20,"column":8},"end":{"line":20,"column":null}},"9":{"start":{"line":21,"column":8},"end":{"line":26,"column":null}},"10":{"start":{"line":22,"column":12},"end":{"line":22,"column":null}},"11":{"start":{"line":23,"column":12},"end":{"line":23,"column":null}},"12":{"start":{"line":25,"column":12},"end":{"line":25,"column":null}},"13":{"start":{"line":29,"column":4},"end":{"line":77,"column":null}},"14":{"start":{"line":49,"column":49},"end":{"line":49,"column":null}},"15":{"start":{"line":60,"column":49},"end":{"line":60,"column":null}}},"fnMap":{"0":{"name":"(anonymous_0)","decl":{"start":{"line":11,"column":14},"end":{"line":11,"column":20}},"loc":{"start":{"line":11,"column":20},"end":{"line":79,"column":null}},"line":11},"1":{"name":"(anonymous_1)","decl":{"start":{"line":19,"column":25},"end":{"line":19,"column":32}},"loc":{"start":{"line":19,"column":38},"end":{"line":27,"column":null}},"line":19},"2":{"name":"(anonymous_2)","decl":{"start":{"line":49,"column":42},"end":{"line":49,"column":43}},"loc":{"start":{"line":49,"column":49},"end":{"line":49,"column":null}},"line":49},"3":{"name":"(anonymous_3)","decl":{"start":{"line":60,"column":42},"end":{"line":60,"column":43}},"loc":{"start":{"line":60,"column":49},"end":{"line":60,"column":null}},"line":60}},"branchMap":{"0":{"loc":{"start":{"line":40,"column":21},"end":{"line":40,"column":null}},"type":"binary-expr","locations":[{"start":{"line":40,"column":21},"end":{"line":40,"column":30}},{"start":{"line":40,"column":30},"end":{"line":40,"column":null}}],"line":40}},"s":{"0":1,"1":10,"2":10,"3":10,"4":10,"5":10,"6":10,"7":10,"8":2,"9":2,"10":2,"11":1,"12":1,"13":10,"14":2,"15":2},"f":{"0":10,"1":2,"2":2,"3":2},"b":{"0":[10,1]},"meta":{"lastBranch":1,"lastFunction":4,"lastStatement":16,"seen":{"s:11:14:79:Infinity":0,"f:11:14:11:20":0,"s:12:32:12:Infinity":1,"s:13:32:13:Infinity":2,"s:14:18:14:Infinity":3,"s:15:10:15:Infinity":4,"s:16:26:16:Infinity":5,"s:17:14:17:Infinity":6,"s:19:25:27:Infinity":7,"f:19:25:19:32":1,"s:20:8:20:Infinity":8,"s:21:8:26:Infinity":9,"s:22:12:22:Infinity":10,"s:23:12:23:Infinity":11,"s:25:12:25:Infinity":12,"s:29:4:77:Infinity":13,"b:40:21:40:30:40:30:40:Infinity":0,"f:49:42:49:43":2,"s:49:49:49:Infinity":14,"f:60:42:60:43":3,"s:60:49:60:Infinity":15}}}
,"C:\\Users\\Juan\\.gemini\\antigravity\\scratch\\mortgage-simulator\\frontend\\src\\pages\\Properties.jsx": {"path":"C:\\Users\\Juan\\.gemini\\antigravity\\scratch\\mortgage-simulator\\frontend\\src\\pages\\Properties.jsx","statementMap":{"0":{"start":{"line":12,"column":19},"end":{"line":236,"column":null}},"1":{"start":{"line":13,"column":36},"end":{"line":13,"column":null}},"2":{"start":{"line":14,"column":32},"end":{"line":14,"column":null}},"3":{"start":{"line":15,"column":34},"end":{"line":15,"column":null}},"4":{"start":{"line":16,"column":32},"end":{"line":22,"column":null}},"5":{"start":{"line":23,"column":14},"end":{"line":23,"column":null}},"6":{"start":{"line":25,"column":4},"end":{"line":27,"column":null}},"7":{"start":{"line":26,"column":8},"end":{"line":26,"column":null}},"8":{"start":{"line":29,"column":28},"end":{"line":36,"column":null}},"9":{"start":{"line":30,"column":8},"end":{"line":35,"column":null}},"10":{"start":{"line":31,"column":29},"end":{"line":31,"column":null}},"11":{"start":{"line":32,"column":12},"end":{"line":32,"column":null}},"12":{"start":{"line":34,"column":12},"end":{"line":34,"column":null}},"13":{"start":{"line":38,"column":25},"end":{"line":57,"column":null}},"14":{"start":{"line":39,"column":8},"end":{"line":39,"column":null}},"15":{"start":{"line":40,"column":8},"end":{"line":56,"column":null}},"16":{"start":{"line":41,"column":12},"end":{"line":47,"column":null}},"17":{"start":{"line":42,"column":16},"end":{"line":42,"column":null}},"18":{"start":{"line":43,"column":16},"end":{"line":43,"column":null}},"19":{"start":{"line":45,"column":16},"end":{"line":45,"column":null}},"20":{"start":{"line":46,"column":16},"end":{"line":46,"column":null}},"21":{"start":{"line":49,"column":12},"end":{"line":49,"column":null}},"22":{"start":{"line":50,"column":12},"end":{"line":50,"column":null}},"23":{"start":{"line":51,"column":12},"end":{"line":51,"column":null}},"24":{"start":{"line":52,"column":12},"end":{"line":52,"column":null}},"25":{"start":{"line":54,"column":12},"end":{"line":54,"column":null}},"26":{"start":{"line":55,"column":12},"end":{"line":55,"column":null}},"27":{"start":{"line":59,"column":23},"end":{"line":69,"column":null}},"28":{"start":{"line":60,"column":8},"end":{"line":60,"column":null}},"29":{"start":{"line":61,"column":8},"end":{"line":67,"column":null}},"30":{"start":{"line":68,"column":8},"end":{"line":68,"column":null}},"31":{"start":{"line":71,"column":25},"end":{"line":82,"column":null}},"32":{"start":{"line":72,"column":8},"end":{"line":81,"column":null}},"33":{"start":{"line":73,"column":12},"end":{"line":80,"column":null}},"34":{"start":{"line":74,"column":16},"end":{"line":74,"column":null}},"35":{"start":{"line":75,"column":16},"end":{"line":75,"column":null}},"36":{"start":{"line":76,"column":16},"end":{"line":76,"column":null}},"37":{"start":{"line":78,"column":16},"end":{"line":78,"column":null}},"38":{"start":{"line":79,"column":16},"end":{"line":79,"column":null}},"39":{"start":{"line":84,"column":4},"end":{"line":234,"column":null}},"40":{"start":{"line":89,"column":20},"end":{"line":89,"column":null}},"41":{"start":{"line":90,"column":20},"end":{"line":90,"column":null}},"42":{"start":{"line":91,"column":20},"end":{"line":91,"column":null}},"43":{"start":{"line":122,"column":57},"end":{"line":122,"column":null}},"44":{"start":{"line":131,"column":57},"end":{"line":131,"column":null}},"45":{"start":{"line":153,"column":57},"end":{"line":153,"column":null}},"46":{"start":{"line":163,"column":57},"end":{"line":163,"column":null}},"47":{"start":{"line":175,"column":57},"end":{"line":175,"column":null}},"48":{"start":{"line":184,"column":87},"end":{"line":184,"column":null}},"49":{"start":{"line":208,"column":28},"end":{"line":229,"column":null}},"50":{"start":{"line":222,"column":87},"end":{"line":222,"column":null}},"51":{"start":{"line":225,"column":131},"end":{"line":225,"column":null}}},"fnMap":{"0":{"name":"(anonymous_0)","decl":{"start":{"line":12,"column":19},"end":{"line":12,"column":25}},"loc":{"start":{"line":12,"column":25},"end":{"line":236,"column":null}},"line":12},"1":{"name":"(anonymous_1)","decl":{"start":{"line":25,"column":14},"end":{"line":25,"column":20}},"loc":{"start":{"line":25,"column":20},"end":{"line":27,"column":7}},"line":25},"2":{"name":"(anonymous_2)","decl":{"start":{"line":29,"column":28},"end":{"line":29,"column":40}},"loc":{"start":{"line":29,"column":40},"end":{"line":36,"column":null}},"line":29},"3":{"name":"(anonymous_3)","decl":{"start":{"line":38,"column":25},"end":{"line":38,"column":32}},"loc":{"start":{"line":38,"column":38},"end":{"line":57,"column":null}},"line":38},"4":{"name":"(anonymous_4)","decl":{"start":{"line":59,"column":23},"end":{"line":59,"column":24}},"loc":{"start":{"line":59,"column":37},"end":{"line":69,"column":null}},"line":59},"5":{"name":"(anonymous_5)","decl":{"start":{"line":71,"column":25},"end":{"line":71,"column":32}},"loc":{"start":{"line":71,"column":39},"end":{"line":82,"column":null}},"line":71},"6":{"name":"(anonymous_6)","decl":{"start":{"line":88,"column":33},"end":{"line":88,"column":39}},"loc":{"start":{"line":88,"column":39},"end":{"line":92,"column":null}},"line":88},"7":{"name":"(anonymous_7)","decl":{"start":{"line":122,"column":50},"end":{"line":122,"column":51}},"loc":{"start":{"line":122,"column":57},"end":{"line":122,"column":null}},"line":122},"8":{"name":"(anonymous_8)","decl":{"start":{"line":131,"column":50},"end":{"line":131,"column":51}},"loc":{"start":{"line":131,"column":57},"end":{"line":131,"column":null}},"line":131},"9":{"name":"(anonymous_9)","decl":{"start":{"line":153,"column":50},"end":{"line":153,"column":51}},"loc":{"start":{"line":153,"column":57},"end":{"line":153,"column":null}},"line":153},"10":{"name":"(anonymous_10)","decl":{"start":{"line":163,"column":50},"end":{"line":163,"column":51}},"loc":{"start":{"line":163,"column":57},"end":{"line":163,"column":null}},"line":163},"11":{"name":"(anonymous_11)","decl":{"start":{"line":175,"column":50},"end":{"line":175,"column":51}},"loc":{"start":{"line":175,"column":57},"end":{"line":175,"column":null}},"line":175},"12":{"name":"(anonymous_12)","decl":{"start":{"line":184,"column":81},"end":{"line":184,"column":87}},"loc":{"start":{"line":184,"column":87},"end":{"line":184,"column":null}},"line":184},"13":{"name":"(anonymous_13)","decl":{"start":{"line":207,"column":40},"end":{"line":207,"column":41}},"loc":{"start":{"line":208,"column":28},"end":{"line":229,"column":null}},"line":208},"14":{"name":"(anonymous_14)","decl":{"start":{"line":222,"column":81},"end":{"line":222,"column":87}},"loc":{"start":{"line":222,"column":87},"end":{"line":222,"column":null}},"line":222},"15":{"name":"(anonymous_15)","decl":{"start":{"line":225,"column":125},"end":{"line":225,"column":131}},"loc":{"start":{"line":225,"column":131},"end":{"line":225,"column":null}},"line":225}},"branchMap":{"0":{"loc":{"start":{"line":41,"column":12},"end":{"line":47,"column":null}},"type":"if","locations":[{"start":{"line":41,"column":12},"end":{"line":47,"column":null}},{"start":{"line":44,"column":19},"end":{"line":47,"column":null}}],"line":41},"1":{"loc":{"start":{"line":55,"column":24},"end":{"line":55,"column":99}},"type":"cond-expr","locations":[{"start":{"line":55,"column":36},"end":{"line":55,"column":69}},{"start":{"line":55,"column":69},"end":{"line":55,"column":99}}],"line":55},"2":{"loc":{"start":{"line":65,"column":20},"end":{"line":65,"column":null}},"type":"binary-expr","locations":[{"start":{"line":65,"column":20},"end":{"line":65,"column":39}},{"start":{"line":65,"column":39},"end":{"line":65,"column":null}}],"line":65},"3":{"loc":{"start":{"line":72,"column":8},"end":{"line":81,"column":null}},"type":"if","locations":[{"start":{"line":72,"column":8},"end":{"line":81,"column":null}},{"start":{},"end":{}}],"line":72},"4":{"loc":{"start":{"line":97,"column":13},"end":{"line":191,"column":null}},"type":"binary-expr","locations":[{"start":{"line":97,"column":13},"end":{"line":97,"column":null}},{"start":{"line":98,"column":16},"end":{"line":191,"column":null}}],"line":97},"5":{"loc":{"start":{"line":100,"column":36},"end":{"line":100,"column":109}},"type":"cond-expr","locations":[{"start":{"line":100,"column":48},"end":{"line":100,"column":80}},{"start":{"line":100,"column":80},"end":{"line":100,"column":109}}],"line":100},"6":{"loc":{"start":{"line":211,"column":59},"end":{"line":211,"column":98}},"type":"cond-expr","locations":[{"start":{"line":211,"column":87},"end":{"line":211,"column":93}},{"start":{"line":211,"column":93},"end":{"line":211,"column":98}}],"line":211},"7":{"loc":{"start":{"line":212,"column":59},"end":{"line":212,"column":84}},"type":"binary-expr","locations":[{"start":{"line":212,"column":59},"end":{"line":212,"column":78}},{"start":{"line":212,"column":78},"end":{"line":212,"column":84}}],"line":212},"8":{"loc":{"start":{"line":214,"column":87},"end":{"line":216,"column":null}},"type":"cond-expr","locations":[{"start":{"line":214,"column":122},"end":{"line":214,"column":null}},{"start":{"line":215,"column":44},"end":{"line":216,"column":null}}],"line":214},"9":{"loc":{"start":{"line":215,"column":44},"end":{"line":216,"column":null}},"type":"cond-expr","locations":[{"start":{"line":215,"column":78},"end":{"line":215,"column":null}},{"start":{"line":216,"column":48},"end":{"line":216,"column":null}}],"line":215}},"s":{"0":1,"1":7,"2":7,"3":7,"4":7,"5":7,"6":7,"7":2,"8":7,"9":2,"10":2,"11":2,"12":0,"13":7,"14":0,"15":0,"16":0,"17":0,"18":0,"19":0,"20":0,"21":0,"22":0,"23":0,"24":0,"25":0,"26":0,"27":7,"28":0,"29":0,"30":0,"31":7,"32":0,"33":0,"34":0,"35":0,"36":0,"37":0,"38":0,"39":7,"40":1,"41":1,"42":1,"43":0,"44":0,"45":0,"46":0,"47":0,"48":0,"49":0,"50":0,"51":0},"f":{"0":7,"1":2,"2":2,"3":0,"4":0,"5":0,"6":1,"7":0,"8":0,"9":0,"10":0,"11":0,"12":0,"13":0,"14":0,"15":0},"b":{"0":[0,0],"1":[0,0],"2":[0,0],"3":[0,0],"4":[7,3],"5":[0,3],"6":[0,0],"7":[0,0],"8":[0,0],"9":[0,0]},"meta":{"lastBranch":10,"lastFunction":16,"lastStatement":52,"seen":{"s:12:19:236:Infinity":0,"f:12:19:12:25":0,"s:13:36:13:Infinity":1,"s:14:32:14:Infinity":2,"s:15:34:15:Infinity":3,"s:16:32:22:Infinity":4,"s:23:14:23:Infinity":5,"s:25:4:27:Infinity":6,"f:25:14:25:20":1,"s:26:8:26:Infinity":7,"s:29:28:36:Infinity":8,"f:29:28:29:40":2,"s:30:8:35:Infinity":9,"s:31:29:31:Infinity":10,"s:32:12:32:Infinity":11,"s:34:12:34:Infinity":12,"s:38:25:57:Infinity":13,"f:38:25:38:32":3,"s:39:8:39:Infinity":14,"s:40:8:56:Infinity":15,"b:41:12:47:Infinity:44:19:47:Infinity":0,"s:41:12:47:Infinity":16,"s:42:16:42:Infinity":17,"s:43:16:43:Infinity":18,"s:45:16:45:Infinity":19,"s:46:16:46:Infinity":20,"s:49:12:49:Infinity":21,"s:50:12:50:Infinity":22,"s:51:12:51:Infinity":23,"s:52:12:52:Infinity":24,"s:54:12:54:Infinity":25,"s:55:12:55:Infinity":26,"b:55:36:55:69:55:69:55:99":1,"s:59:23:69:Infinity":27,"f:59:23:59:24":4,"s:60:8:60:Infinity":28,"s:61:8:67:Infinity":29,"b:65:20:65:39:65:39:65:Infinity":2,"s:68:8:68:Infinity":30,"s:71:25:82:Infinity":31,"f:71:25:71:32":5,"b:72:8:81:Infinity:undefined:undefined:undefined:undefined":3,"s:72:8:81:Infinity":32,"s:73:12:80:Infinity":33,"s:74:16:74:Infinity":34,"s:75:16:75:Infinity":35,"s:76:16:76:Infinity":36,"s:78:16:78:Infinity":37,"s:79:16:79:Infinity":38,"s:84:4:234:Infinity":39,"f:88:33:88:39":6,"s:89:20:89:Infinity":40,"s:90:20:90:Infinity":41,"s:91:20:91:Infinity":42,"b:97:13:97:Infinity:98:16:191:Infinity":4,"b:100:48:100:80:100:80:100:109":5,"f:122:50:122:51":7,"s:122:57:122:Infinity":43,"f:131:50:131:51":8,"s:131:57:131:Infinity":44,"f:153:50:153:51":9,"s:153:57:153:Infinity":45,"f:163:50:163:51":10,"s:163:57:163:Infinity":46,"f:175:50:175:51":11,"s:175:57:175:Infinity":47,"f:184:81:184:87":12,"s:184:87:184:Infinity":48,"f:207:40:207:41":13,"s:208:28:229:Infinity":49,"b:211:87:211:93:211:93:211:98":6,"b:212:59:212:78:212:78:212:84":7,"b:214:122:214:Infinity:215:44:216:Infinity":8,"b:215:78:215:Infinity:216:48:216:Infinity":9,"f:222:81:222:87":14,"s:222:87:222:Infinity":50,"f:225:125:225:131":15,"s:225:131:225:Infinity":51}}}
,"C:\\Users\\Juan\\.gemini\\antigravity\\scratch\\mortgage-simulator\\frontend\\src\\pages\\Simulator.jsx": {"path":"C:\\Users\\Juan\\.gemini\\antigravity\\scratch\\mortgage-simulator\\frontend\\src\\pages\\Simulator.jsx","statementMap":{"0":{"start":{"line":13,"column":18},"end":{"line":443,"column":null}},"1":{"start":{"line":14,"column":14},"end":{"line":14,"column":null}},"2":{"start":{"line":15,"column":23},"end":{"line":15,"column":null}},"3":{"start":{"line":16,"column":25},"end":{"line":16,"column":null}},"4":{"start":{"line":18,"column":24},"end":{"line":18,"column":null}},"5":{"start":{"line":19,"column":30},"end":{"line":19,"column":null}},"6":{"start":{"line":20,"column":36},"end":{"line":20,"column":null}},"7":{"start":{"line":22,"column":44},"end":{"line":22,"column":null}},"8":{"start":{"line":23,"column":48},"end":{"line":23,"column":null}},"9":{"start":{"line":25,"column":28},"end":{"line":37,"column":null}},"10":{"start":{"line":39,"column":30},"end":{"line":39,"column":null}},"11":{"start":{"line":41,"column":4},"end":{"line":55,"column":null}},"12":{"start":{"line":42,"column":26},"end":{"line":53,"column":null}},"13":{"start":{"line":43,"column":12},"end":{"line":52,"column":null}},"14":{"start":{"line":44,"column":37},"end":{"line":47,"column":null}},"15":{"start":{"line":48,"column":16},"end":{"line":48,"column":null}},"16":{"start":{"line":49,"column":16},"end":{"line":49,"column":null}},"17":{"start":{"line":51,"column":16},"end":{"line":51,"column":null}},"18":{"start":{"line":54,"column":8},"end":{"line":54,"column":null}},"19":{"start":{"line":58,"column":4},"end":{"line":107,"column":null}},"20":{"start":{"line":59,"column":31},"end":{"line":105,"column":null}},"21":{"start":{"line":60,"column":12},"end":{"line":60,"column":null}},"22":{"start":{"line":60,"column":31},"end":{"line":60,"column":null}},"23":{"start":{"line":61,"column":12},"end":{"line":104,"column":null}},"24":{"start":{"line":62,"column":33},"end":{"line":62,"column":null}},"25":{"start":{"line":64,"column":16},"end":{"line":64,"column":null}},"26":{"start":{"line":67,"column":35},"end":{"line":67,"column":null}},"27":{"start":{"line":67,"column":44},"end":{"line":67,"column":null}},"28":{"start":{"line":69,"column":16},"end":{"line":81,"column":null}},"29":{"start":{"line":83,"column":16},"end":{"line":99,"column":null}},"30":{"start":{"line":89,"column":58},"end":{"line":97,"column":22}},"31":{"start":{"line":100,"column":16},"end":{"line":100,"column":null}},"32":{"start":{"line":102,"column":16},"end":{"line":102,"column":null}},"33":{"start":{"line":103,"column":16},"end":{"line":103,"column":null}},"34":{"start":{"line":106,"column":8},"end":{"line":106,"column":null}},"35":{"start":{"line":109,"column":28},"end":{"line":118,"column":null}},"36":{"start":{"line":110,"column":8},"end":{"line":117,"column":null}},"37":{"start":{"line":111,"column":29},"end":{"line":111,"column":null}},"38":{"start":{"line":112,"column":12},"end":{"line":112,"column":null}},"39":{"start":{"line":113,"column":12},"end":{"line":113,"column":null}},"40":{"start":{"line":115,"column":12},"end":{"line":115,"column":null}},"41":{"start":{"line":116,"column":12},"end":{"line":116,"column":null}},"42":{"start":{"line":120,"column":23},"end":{"line":155,"column":null}},"43":{"start":{"line":121,"column":8},"end":{"line":154,"column":null}},"44":{"start":{"line":122,"column":27},"end":{"line":122,"column":null}},"45":{"start":{"line":122,"column":45},"end":{"line":122,"column":69}},"46":{"start":{"line":123,"column":29},"end":{"line":123,"column":null}},"47":{"start":{"line":123,"column":50},"end":{"line":123,"column":76}},"48":{"start":{"line":125,"column":28},"end":{"line":147,"column":null}},"49":{"start":{"line":149,"column":12},"end":{"line":149,"column":null}},"50":{"start":{"line":150,"column":12},"end":{"line":150,"column":null}},"51":{"start":{"line":152,"column":12},"end":{"line":152,"column":null}},"52":{"start":{"line":153,"column":12},"end":{"line":153,"column":null}},"53":{"start":{"line":157,"column":27},"end":{"line":157,"column":null}},"54":{"start":{"line":159,"column":4},"end":{"line":441,"column":null}},"55":{"start":{"line":183,"column":49},"end":{"line":183,"column":null}},"56":{"start":{"line":188,"column":36},"end":{"line":188,"column":null}},"57":{"start":{"line":198,"column":36},"end":{"line":198,"column":null}},"58":{"start":{"line":199,"column":49},"end":{"line":199,"column":null}},"59":{"start":{"line":199,"column":70},"end":{"line":199,"column":94}},"60":{"start":{"line":200,"column":36},"end":{"line":206,"column":null}},"61":{"start":{"line":201,"column":40},"end":{"line":205,"column":null}},"62":{"start":{"line":212,"column":36},"end":{"line":212,"column":null}},"63":{"start":{"line":219,"column":47},"end":{"line":219,"column":null}},"64":{"start":{"line":242,"column":53},"end":{"line":242,"column":null}},"65":{"start":{"line":263,"column":53},"end":{"line":263,"column":null}},"66":{"start":{"line":280,"column":53},"end":{"line":280,"column":null}},"67":{"start":{"line":297,"column":53},"end":{"line":297,"column":null}},"68":{"start":{"line":305,"column":53},"end":{"line":305,"column":null}},"69":{"start":{"line":318,"column":57},"end":{"line":318,"column":null}},"70":{"start":{"line":331,"column":53},"end":{"line":331,"column":null}},"71":{"start":{"line":346,"column":57},"end":{"line":346,"column":null}},"72":{"start":{"line":352,"column":69},"end":{"line":352,"column":null}},"73":{"start":{"line":413,"column":44},"end":{"line":426,"column":null}},"74":{"start":{"line":435,"column":63},"end":{"line":435,"column":null}}},"fnMap":{"0":{"name":"(anonymous_0)","decl":{"start":{"line":13,"column":18},"end":{"line":13,"column":24}},"loc":{"start":{"line":13,"column":24},"end":{"line":443,"column":null}},"line":13},"1":{"name":"(anonymous_1)","decl":{"start":{"line":41,"column":14},"end":{"line":41,"column":20}},"loc":{"start":{"line":41,"column":20},"end":{"line":55,"column":7}},"line":41},"2":{"name":"(anonymous_2)","decl":{"start":{"line":42,"column":26},"end":{"line":42,"column":38}},"loc":{"start":{"line":42,"column":38},"end":{"line":53,"column":null}},"line":42},"3":{"name":"(anonymous_3)","decl":{"start":{"line":58,"column":14},"end":{"line":58,"column":20}},"loc":{"start":{"line":58,"column":20},"end":{"line":107,"column":7}},"line":58},"4":{"name":"(anonymous_4)","decl":{"start":{"line":59,"column":31},"end":{"line":59,"column":43}},"loc":{"start":{"line":59,"column":43},"end":{"line":105,"column":null}},"line":59},"5":{"name":"(anonymous_5)","decl":{"start":{"line":67,"column":35},"end":{"line":67,"column":36}},"loc":{"start":{"line":67,"column":44},"end":{"line":67,"column":null}},"line":67},"6":{"name":"(anonymous_6)","decl":{"start":{"line":89,"column":50},"end":{"line":89,"column":58}},"loc":{"start":{"line":89,"column":58},"end":{"line":97,"column":22}},"line":89},"7":{"name":"(anonymous_7)","decl":{"start":{"line":109,"column":28},"end":{"line":109,"column":40}},"loc":{"start":{"line":109,"column":40},"end":{"line":118,"column":null}},"line":109},"8":{"name":"(anonymous_8)","decl":{"start":{"line":120,"column":23},"end":{"line":120,"column":35}},"loc":{"start":{"line":120,"column":35},"end":{"line":155,"column":null}},"line":120},"9":{"name":"(anonymous_9)","decl":{"start":{"line":122,"column":40},"end":{"line":122,"column":45}},"loc":{"start":{"line":122,"column":45},"end":{"line":122,"column":69}},"line":122},"10":{"name":"(anonymous_10)","decl":{"start":{"line":123,"column":45},"end":{"line":123,"column":50}},"loc":{"start":{"line":123,"column":50},"end":{"line":123,"column":76}},"line":123},"11":{"name":"(anonymous_11)","decl":{"start":{"line":183,"column":42},"end":{"line":183,"column":43}},"loc":{"start":{"line":183,"column":49},"end":{"line":183,"column":null}},"line":183},"12":{"name":"(anonymous_12)","decl":{"start":{"line":187,"column":45},"end":{"line":187,"column":null}},"loc":{"start":{"line":188,"column":36},"end":{"line":188,"column":null}},"line":188},"13":{"name":"(anonymous_13)","decl":{"start":{"line":197,"column":42},"end":{"line":197,"column":43}},"loc":{"start":{"line":197,"column":49},"end":{"line":207,"column":null}},"line":197},"14":{"name":"(anonymous_14)","decl":{"start":{"line":199,"column":65},"end":{"line":199,"column":70}},"loc":{"start":{"line":199,"column":70},"end":{"line":199,"column":94}},"line":199},"15":{"name":"(anonymous_15)","decl":{"start":{"line":211,"column":48},"end":{"line":211,"column":null}},"loc":{"start":{"line":212,"column":36},"end":{"line":212,"column":null}},"line":212},"16":{"name":"(anonymous_16)","decl":{"start":{"line":219,"column":41},"end":{"line":219,"column":47}},"loc":{"start":{"line":219,"column":47},"end":{"line":219,"column":null}},"line":219},"17":{"name":"(anonymous_17)","decl":{"start":{"line":242,"column":46},"end":{"line":242,"column":47}},"loc":{"start":{"line":242,"column":53},"end":{"line":242,"column":null}},"line":242},"18":{"name":"(anonymous_18)","decl":{"start":{"line":263,"column":46},"end":{"line":263,"column":47}},"loc":{"start":{"line":263,"column":53},"end":{"line":263,"column":null}},"line":263},"19":{"name":"(anonymous_19)","decl":{"start":{"line":280,"column":46},"end":{"line":280,"column":47}},"loc":{"start":{"line":280,"column":53},"end":{"line":280,"column":null}},"line":280},"20":{"name":"(anonymous_20)","decl":{"start":{"line":297,"column":46},"end":{"line":297,"column":47}},"loc":{"start":{"line":297,"column":53},"end":{"line":297,"column":null}},"line":297},"21":{"name":"(anonymous_21)","decl":{"start":{"line":305,"column":46},"end":{"line":305,"column":47}},"loc":{"start":{"line":305,"column":53},"end":{"line":305,"column":null}},"line":305},"22":{"name":"(anonymous_22)","decl":{"start":{"line":318,"column":50},"end":{"line":318,"column":51}},"loc":{"start":{"line":318,"column":57},"end":{"line":318,"column":null}},"line":318},"23":{"name":"(anonymous_23)","decl":{"start":{"line":331,"column":46},"end":{"line":331,"column":47}},"loc":{"start":{"line":331,"column":53},"end":{"line":331,"column":null}},"line":331},"24":{"name":"(anonymous_24)","decl":{"start":{"line":346,"column":50},"end":{"line":346,"column":51}},"loc":{"start":{"line":346,"column":57},"end":{"line":346,"column":null}},"line":346},"25":{"name":"(anonymous_25)","decl":{"start":{"line":352,"column":63},"end":{"line":352,"column":69}},"loc":{"start":{"line":352,"column":69},"end":{"line":352,"column":null}},"line":352},"26":{"name":"(anonymous_26)","decl":{"start":{"line":412,"column":62},"end":{"line":412,"column":63}},"loc":{"start":{"line":413,"column":44},"end":{"line":426,"column":null}},"line":413},"27":{"name":"(anonymous_27)","decl":{"start":{"line":435,"column":57},"end":{"line":435,"column":63}},"loc":{"start":{"line":435,"column":63},"end":{"line":435,"column":null}},"line":435}},"branchMap":{"0":{"loc":{"start":{"line":60,"column":12},"end":{"line":60,"column":null}},"type":"if","locations":[{"start":{"line":60,"column":12},"end":{"line":60,"column":null}},{"start":{},"end":{}}],"line":60},"1":{"loc":{"start":{"line":64,"column":34},"end":{"line":64,"column":70}},"type":"binary-expr","locations":[{"start":{"line":64,"column":34},"end":{"line":64,"column":56}},{"start":{"line":64,"column":56},"end":{"line":64,"column":70}}],"line":64},"2":{"loc":{"start":{"line":67,"column":44},"end":{"line":67,"column":null}},"type":"cond-expr","locations":[{"start":{"line":67,"column":72},"end":{"line":67,"column":105}},{"start":{"line":67,"column":105},"end":{"line":67,"column":null}}],"line":67},"3":{"loc":{"start":{"line":67,"column":44},"end":{"line":67,"column":72}},"type":"binary-expr","locations":[{"start":{"line":67,"column":44},"end":{"line":67,"column":51}},{"start":{"line":67,"column":51},"end":{"line":67,"column":72}}],"line":67},"4":{"loc":{"start":{"line":70,"column":28},"end":{"line":70,"column":null}},"type":"binary-expr","locations":[{"start":{"line":70,"column":28},"end":{"line":70,"column":54}},{"start":{"line":70,"column":54},"end":{"line":70,"column":null}}],"line":70},"5":{"loc":{"start":{"line":72,"column":32},"end":{"line":72,"column":null}},"type":"binary-expr","locations":[{"start":{"line":72,"column":32},"end":{"line":72,"column":74}},{"start":{"line":72,"column":74},"end":{"line":72,"column":null}}],"line":72},"6":{"loc":{"start":{"line":73,"column":31},"end":{"line":73,"column":null}},"type":"binary-expr","locations":[{"start":{"line":73,"column":31},"end":{"line":73,"column":60}},{"start":{"line":73,"column":60},"end":{"line":73,"column":null}}],"line":73},"7":{"loc":{"start":{"line":74,"column":36},"end":{"line":74,"column":null}},"type":"binary-expr","locations":[{"start":{"line":74,"column":36},"end":{"line":74,"column":70}},{"start":{"line":74,"column":70},"end":{"line":74,"column":null}}],"line":74},"8":{"loc":{"start":{"line":116,"column":24},"end":{"line":116,"column":89}},"type":"binary-expr","locations":[{"start":{"line":116,"column":24},"end":{"line":116,"column":57}},{"start":{"line":116,"column":57},"end":{"line":116,"column":89}}],"line":116},"9":{"loc":{"start":{"line":128,"column":28},"end":{"line":128,"column":null}},"type":"binary-expr","locations":[{"start":{"line":128,"column":28},"end":{"line":128,"column":48}},{"start":{"line":128,"column":48},"end":{"line":128,"column":null}}],"line":128},"10":{"loc":{"start":{"line":129,"column":31},"end":{"line":129,"column":null}},"type":"binary-expr","locations":[{"start":{"line":129,"column":31},"end":{"line":129,"column":54}},{"start":{"line":129,"column":54},"end":{"line":129,"column":null}}],"line":129},"11":{"loc":{"start":{"line":130,"column":33},"end":{"line":130,"column":null}},"type":"binary-expr","locations":[{"start":{"line":130,"column":33},"end":{"line":130,"column":74}},{"start":{"line":130,"column":74},"end":{"line":130,"column":null}}],"line":130},"12":{"loc":{"start":{"line":131,"column":28},"end":{"line":131,"column":null}},"type":"binary-expr","locations":[{"start":{"line":131,"column":28},"end":{"line":131,"column":48}},{"start":{"line":131,"column":48},"end":{"line":131,"column":null}}],"line":131},"13":{"loc":{"start":{"line":157,"column":27},"end":{"line":157,"column":null}},"type":"cond-expr","locations":[{"start":{"line":157,"column":53},"end":{"line":157,"column":59}},{"start":{"line":157,"column":59},"end":{"line":157,"column":null}}],"line":157},"14":{"loc":{"start":{"line":165,"column":89},"end":{"line":165,"column":141}},"type":"cond-expr","locations":[{"start":{"line":165,"column":101},"end":{"line":165,"column":128}},{"start":{"line":165,"column":128},"end":{"line":165,"column":141}}],"line":165},"15":{"loc":{"start":{"line":166,"column":44},"end":{"line":166,"column":85}},"type":"cond-expr","locations":[{"start":{"line":166,"column":56},"end":{"line":166,"column":72}},{"start":{"line":166,"column":72},"end":{"line":166,"column":85}}],"line":166},"16":{"loc":{"start":{"line":167,"column":89},"end":{"line":167,"column":141}},"type":"cond-expr","locations":[{"start":{"line":167,"column":101},"end":{"line":167,"column":128}},{"start":{"line":167,"column":128},"end":{"line":167,"column":141}}],"line":167},"17":{"loc":{"start":{"line":168,"column":44},"end":{"line":168,"column":85}},"type":"cond-expr","locations":[{"start":{"line":168,"column":56},"end":{"line":168,"column":72}},{"start":{"line":168,"column":72},"end":{"line":168,"column":85}}],"line":168},"18":{"loc":{"start":{"line":169,"column":89},"end":{"line":169,"column":141}},"type":"cond-expr","locations":[{"start":{"line":169,"column":101},"end":{"line":169,"column":128}},{"start":{"line":169,"column":128},"end":{"line":169,"column":141}}],"line":169},"19":{"loc":{"start":{"line":172,"column":13},"end":{"line":225,"column":null}},"type":"binary-expr","locations":[{"start":{"line":172,"column":13},"end":{"line":172,"column":null}},{"start":{"line":173,"column":16},"end":{"line":225,"column":null}}],"line":172},"20":{"loc":{"start":{"line":200,"column":36},"end":{"line":206,"column":null}},"type":"if","locations":[{"start":{"line":200,"column":36},"end":{"line":206,"column":null}},{"start":{},"end":{}}],"line":200},"21":{"loc":{"start":{"line":204,"column":52},"end":{"line":204,"column":null}},"type":"binary-expr","locations":[{"start":{"line":204,"column":52},"end":{"line":204,"column":67}},{"start":{"line":204,"column":67},"end":{"line":204,"column":null}}],"line":204},"22":{"loc":{"start":{"line":212,"column":87},"end":{"line":212,"column":119}},"type":"cond-expr","locations":[{"start":{"line":212,"column":108},"end":{"line":212,"column":114}},{"start":{"line":212,"column":114},"end":{"line":212,"column":119}}],"line":212},"23":{"loc":{"start":{"line":218,"column":42},"end":{"line":218,"column":null}},"type":"binary-expr","locations":[{"start":{"line":218,"column":42},"end":{"line":218,"column":61}},{"start":{"line":218,"column":61},"end":{"line":218,"column":null}}],"line":218},"24":{"loc":{"start":{"line":228,"column":13},"end":{"line":361,"column":null}},"type":"binary-expr","locations":[{"start":{"line":228,"column":13},"end":{"line":228,"column":null}},{"start":{"line":229,"column":16},"end":{"line":361,"column":null}}],"line":228},"25":{"loc":{"start":{"line":312,"column":29},"end":{"line":324,"column":null}},"type":"binary-expr","locations":[{"start":{"line":312,"column":29},"end":{"line":312,"column":null}},{"start":{"line":313,"column":32},"end":{"line":324,"column":null}}],"line":312},"26":{"loc":{"start":{"line":339,"column":29},"end":{"line":348,"column":null}},"type":"binary-expr","locations":[{"start":{"line":339,"column":29},"end":{"line":339,"column":null}},{"start":{"line":340,"column":32},"end":{"line":348,"column":null}}],"line":339},"27":{"loc":{"start":{"line":364,"column":13},"end":{"line":439,"column":null}},"type":"binary-expr","locations":[{"start":{"line":364,"column":13},"end":{"line":364,"column":27}},{"start":{"line":364,"column":27},"end":{"line":364,"column":null}},{"start":{"line":365,"column":16},"end":{"line":439,"column":null}}],"line":364}},"s":{"0":1,"1":2,"2":2,"3":2,"4":2,"5":2,"6":2,"7":2,"8":2,"9":2,"10":2,"11":2,"12":2,"13":2,"14":2,"15":2,"16":2,"17":2,"18":2,"19":2,"20":2,"21":2,"22":2,"23":0,"24":0,"25":0,"26":2,"27":0,"28":2,"29":2,"30":0,"31":2,"32":0,"33":0,"34":2,"35":2,"36":0,"37":0,"38":0,"39":0,"40":0,"41":0,"42":2,"43":0,"44":0,"45":0,"46":0,"47":0,"48":0,"49":0,"50":0,"51":0,"52":0,"53":2,"54":2,"55":0,"56":0,"57":0,"58":0,"59":0,"60":0,"61":0,"62":0,"63":0,"64":0,"65":0,"66":0,"67":0,"68":0,"69":0,"70":0,"71":0,"72":0,"73":0,"74":0},"f":{"0":2,"1":2,"2":2,"3":2,"4":2,"5":0,"6":0,"7":0,"8":0,"9":0,"10":0,"11":0,"12":0,"13":0,"14":0,"15":0,"16":0,"17":0,"18":0,"19":0,"20":0,"21":0,"22":0,"23":0,"24":0,"25":0,"26":0,"27":0},"b":{"0":[2,0],"1":[0,0],"2":[0,0],"3":[0,0],"4":[2,0],"5":[2,0],"6":[2,0],"7":[2,0],"8":[0,0],"9":[0,0],"10":[0,0],"11":[0,0],"12":[0,0],"13":[0,2],"14":[2,0],"15":[0,2],"16":[0,2],"17":[0,2],"18":[0,2],"19":[2,2],"20":[0,0],"21":[0,0],"22":[0,0],"23":[2,0],"24":[2,0],"25":[0,0],"26":[0,0],"27":[2,0,0]},"meta":{"lastBranch":28,"lastFunction":28,"lastStatement":75,"seen":{"s:13:18:443:Infinity":0,"f:13:18:13:24":0,"s:14:14:14:Infinity":1,"s:15:23:15:Infinity":2,"s:16:25:16:Infinity":3,"s:18:24:18:Infinity":4,"s:19:30:19:Infinity":5,"s:20:36:20:Infinity":6,"s:22:44:22:Infinity":7,"s:23:48:23:Infinity":8,"s:25:28:37:Infinity":9,"s:39:30:39:Infinity":10,"s:41:4:55:Infinity":11,"f:41:14:41:20":1,"s:42:26:53:Infinity":12,"f:42:26:42:38":2,"s:43:12:52:Infinity":13,"s:44:37:47:Infinity":14,"s:48:16:48:Infinity":15,"s:49:16:49:Infinity":16,"s:51:16:51:Infinity":17,"s:54:8:54:Infinity":18,"s:58:4:107:Infinity":19,"f:58:14:58:20":3,"s:59:31:105:Infinity":20,"f:59:31:59:43":4,"b:60:12:60:Infinity:undefined:undefined:undefined:undefined":0,"s:60:12:60:Infinity":21,"s:60:31:60:Infinity":22,"s:61:12:104:Infinity":23,"s:62:33:62:Infinity":24,"s:64:16:64:Infinity":25,"b:64:34:64:56:64:56:64:70":1,"s:67:35:67:Infinity":26,"f:67:35:67:36":5,"s:67:44:67:Infinity":27,"b:67:72:67:105:67:105:67:Infinity":2,"b:67:44:67:51:67:51:67:72":3,"s:69:16:81:Infinity":28,"b:70:28:70:54:70:54:70:Infinity":4,"b:72:32:72:74:72:74:72:Infinity":5,"b:73:31:73:60:73:60:73:Infinity":6,"b:74:36:74:70:74:70:74:Infinity":7,"s:83:16:99:Infinity":29,"f:89:50:89:58":6,"s:89:58:97:22":30,"s:100:16:100:Infinity":31,"s:102:16:102:Infinity":32,"s:103:16:103:Infinity":33,"s:106:8:106:Infinity":34,"s:109:28:118:Infinity":35,"f:109:28:109:40":7,"s:110:8:117:Infinity":36,"s:111:29:111:Infinity":37,"s:112:12:112:Infinity":38,"s:113:12:113:Infinity":39,"s:115:12:115:Infinity":40,"s:116:12:116:Infinity":41,"b:116:24:116:57:116:57:116:89":8,"s:120:23:155:Infinity":42,"f:120:23:120:35":8,"s:121:8:154:Infinity":43,"s:122:27:122:Infinity":44,"f:122:40:122:45":9,"s:122:45:122:69":45,"s:123:29:123:Infinity":46,"f:123:45:123:50":10,"s:123:50:123:76":47,"s:125:28:147:Infinity":48,"b:128:28:128:48:128:48:128:Infinity":9,"b:129:31:129:54:129:54:129:Infinity":10,"b:130:33:130:74:130:74:130:Infinity":11,"b:131:28:131:48:131:48:131:Infinity":12,"s:149:12:149:Infinity":49,"s:150:12:150:Infinity":50,"s:152:12:152:Infinity":51,"s:153:12:153:Infinity":52,"s:157:27:157:Infinity":53,"b:157:53:157:59:157:59:157:Infinity":13,"s:159:4:441:Infinity":54,"b:165:101:165:128:165:128:165:141":14,"b:166:56:166:72:166:72:166:85":15,"b:167:101:167:128:167:128:167:141":16,"b:168:56:168:72:168:72:168:85":17,"b:169:101:169:128:169:128:169:141":18,"b:172:13:172:Infinity:173:16:225:Infinity":19,"f:183:42:183:43":11,"s:183:49:183:Infinity":55,"f:187:45:187:Infinity":12,"s:188:36:188:Infinity":56,"f:197:42:197:43":13,"s:198:36:198:Infinity":57,"s:199:49:199:Infinity":58,"f:199:65:199:70":14,"s:199:70:199:94":59,"b:200:36:206:Infinity:undefined:undefined:undefined:undefined":20,"s:200:36:206:Infinity":60,"s:201:40:205:Infinity":61,"b:204:52:204:67:204:67:204:Infinity":21,"f:211:48:211:Infinity":15,"s:212:36:212:Infinity":62,"b:212:108:212:114:212:114:212:119":22,"b:218:42:218:61:218:61:218:Infinity":23,"f:219:41:219:47":16,"s:219:47:219:Infinity":63,"b:228:13:228:Infinity:229:16:361:Infinity":24,"f:242:46:242:47":17,"s:242:53:242:Infinity":64,"f:263:46:263:47":18,"s:263:53:263:Infinity":65,"f:280:46:280:47":19,"s:280:53:280:Infinity":66,"f:297:46:297:47":20,"s:297:53:297:Infinity":67,"f:305:46:305:47":21,"s:305:53:305:Infinity":68,"b:312:29:312:Infinity:313:32:324:Infinity":25,"f:318:50:318:51":22,"s:318:57:318:Infinity":69,"f:331:46:331:47":23,"s:331:53:331:Infinity":70,"b:339:29:339:Infinity:340:32:348:Infinity":26,"f:346:50:346:51":24,"s:346:57:346:Infinity":71,"f:352:63:352:69":25,"s:352:69:352:Infinity":72,"b:364:13:364:27:364:27:364:Infinity:365:16:439:Infinity":27,"f:412:62:412:63":26,"s:413:44:426:Infinity":73,"f:435:57:435:63":27,"s:435:63:435:Infinity":74}}}
,"C:\\Users\\Juan\\.gemini\\antigravity\\scratch\\mortgage-simulator\\frontend\\src\\tests\\i18nForTests.js": {"path":"C:\\Users\\Juan\\.gemini\\antigravity\\scratch\\mortgage-simulator\\frontend\\src\\tests\\i18nForTests.js","statementMap":{"0":{"start":{"line":6,"column":0},"end":{"line":23,"column":7}}},"fnMap":{},"branchMap":{},"s":{"0":4},"f":{},"b":{},"meta":{"lastBranch":0,"lastFunction":0,"lastStatement":1,"seen":{"s:6:0:23:7":0}}}
}
