{"C:\\Users\\Juan\\Desktop\\Finanzas e ingenieria economica\\Proyecto\\mortgage-simulator\\backend\\index.js": {"path":"C:\\Users\\Juan\\Desktop\\Finanzas e ingenieria economica\\Proyecto\\mortgage-simulator\\backend\\index.js","statementMap":{"0":{"start":{"line":12,"column":0},"end":{"line":12,"column":16}},"1":{"start":{"line":14,"column":12},"end":{"line":14,"column":21}},"2":{"start":{"line":15,"column":13},"end":{"line":15,"column":37}},"3":{"start":{"line":18,"column":0},"end":{"line":28,"column":4}},"4":{"start":{"line":29,"column":0},"end":{"line":29,"column":24}},"5":{"start":{"line":33,"column":0},"end":{"line":35,"column":1}},"6":{"start":{"line":34,"column":4},"end":{"line":34,"column":16}},"7":{"start":{"line":38,"column":0},"end":{"line":38,"column":33}},"8":{"start":{"line":39,"column":0},"end":{"line":39,"column":38}},"9":{"start":{"line":40,"column":0},"end":{"line":40,"column":43}},"10":{"start":{"line":41,"column":0},"end":{"line":41,"column":43}},"11":{"start":{"line":42,"column":0},"end":{"line":42,"column":43}},"12":{"start":{"line":44,"column":0},"end":{"line":46,"column":3}},"13":{"start":{"line":45,"column":4},"end":{"line":45,"column":50}},"14":{"start":{"line":48,"column":0},"end":{"line":52,"column":1}},"15":{"start":{"line":49,"column":4},"end":{"line":51,"column":7}},"16":{"start":{"line":50,"column":8},"end":{"line":50,"column":54}}},"fnMap":{"0":{"name":"(anonymous_0)","decl":{"start":{"line":44,"column":13},"end":{"line":44,"column":14}},"loc":{"start":{"line":44,"column":27},"end":{"line":46,"column":1}},"line":44},"1":{"name":"(anonymous_1)","decl":{"start":{"line":49,"column":21},"end":{"line":49,"column":22}},"loc":{"start":{"line":49,"column":27},"end":{"line":51,"column":5}},"line":49}},"branchMap":{"0":{"loc":{"start":{"line":15,"column":13},"end":{"line":15,"column":37}},"type":"binary-expr","locations":[{"start":{"line":15,"column":13},"end":{"line":15,"column":29}},{"start":{"line":15,"column":33},"end":{"line":15,"column":37}}],"line":15},"1":{"loc":{"start":{"line":33,"column":0},"end":{"line":35,"column":1}},"type":"if","locations":[{"start":{"line":33,"column":0},"end":{"line":35,"column":1}},{"start":{},"end":{}}],"line":33},"2":{"loc":{"start":{"line":48,"column":0},"end":{"line":52,"column":1}},"type":"if","locations":[{"start":{"line":48,"column":0},"end":{"line":52,"column":1}},{"start":{},"end":{}}],"line":48}},"s":{"0":1,"1":1,"2":1,"3":1,"4":1,"5":1,"6":0,"7":1,"8":1,"9":1,"10":1,"11":1,"12":1,"13":0,"14":1,"15":0,"16":0},"f":{"0":0,"1":0},"b":{"0":[1,0],"1":[0,1],"2":[0,1]},"inputSourceMap":null,"_coverageSchema":"1a1c01bbd47fc00a2c39e90264f33305004495a9","hash":"c1056925da16808ddaa70a344998ab28ce3077d5"}
,"C:\\Users\\Juan\\Desktop\\Finanzas e ingenieria economica\\Proyecto\\mortgage-simulator\\backend\\config\\db.js": {"path":"C:\\Users\\Juan\\Desktop\\Finanzas e ingenieria economica\\Proyecto\\mortgage-simulator\\backend\\config\\db.js","statementMap":{"0":{"start":{"line":23,"column":18},"end":{"line":31,"column":1}},"1":{"start":{"line":24,"column":4},"end":{"line":30,"column":5}},"2":{"start":{"line":25,"column":21},"end":{"line":25,"column":66}},"3":{"start":{"line":26,"column":8},"end":{"line":26,"column":66}},"4":{"start":{"line":28,"column":8},"end":{"line":28,"column":49}},"5":{"start":{"line":29,"column":8},"end":{"line":29,"column":24}}},"fnMap":{"0":{"name":"(anonymous_0)","decl":{"start":{"line":23,"column":18},"end":{"line":23,"column":19}},"loc":{"start":{"line":23,"column":30},"end":{"line":31,"column":1}},"line":23}},"branchMap":{},"s":{"0":1,"1":0,"2":0,"3":0,"4":0,"5":0},"f":{"0":0},"b":{},"inputSourceMap":null,"_coverageSchema":"1a1c01bbd47fc00a2c39e90264f33305004495a9","hash":"5f0e8d1b9cdfda399f22906545856b6c0d27e41e"}
,"C:\\Users\\Juan\\Desktop\\Finanzas e ingenieria economica\\Proyecto\\mortgage-simulator\\backend\\controllers\\auth.controller.js": {"path":"C:\\Users\\Juan\\Desktop\\Finanzas e ingenieria economica\\Proyecto\\mortgage-simulator\\backend\\controllers\\auth.controller.js","statementMap":{"0":{"start":{"line":19,"column":22},"end":{"line":23,"column":1}},"1":{"start":{"line":20,"column":4},"end":{"line":22,"column":7}},"2":{"start":{"line":39,"column":24},"end":{"line":54,"column":1}},"3":{"start":{"line":40,"column":35},"end":{"line":40,"column":43}},"4":{"start":{"line":42,"column":17},"end":{"line":42,"column":49}},"5":{"start":{"line":44,"column":4},"end":{"line":53,"column":5}},"6":{"start":{"line":45,"column":8},"end":{"line":50,"column":11}},"7":{"start":{"line":52,"column":8},"end":{"line":52,"column":74}},"8":{"start":{"line":70,"column":28},"end":{"line":95,"column":1}},"9":{"start":{"line":71,"column":35},"end":{"line":71,"column":43}},"10":{"start":{"line":73,"column":23},"end":{"line":73,"column":55}},"11":{"start":{"line":75,"column":4},"end":{"line":78,"column":5}},"12":{"start":{"line":76,"column":8},"end":{"line":76,"column":65}},"13":{"start":{"line":77,"column":8},"end":{"line":77,"column":15}},"14":{"start":{"line":80,"column":17},"end":{"line":83,"column":6}},"15":{"start":{"line":85,"column":4},"end":{"line":94,"column":5}},"16":{"start":{"line":86,"column":8},"end":{"line":91,"column":11}},"17":{"start":{"line":93,"column":8},"end":{"line":93,"column":63}}},"fnMap":{"0":{"name":"(anonymous_0)","decl":{"start":{"line":19,"column":22},"end":{"line":19,"column":23}},"loc":{"start":{"line":19,"column":30},"end":{"line":23,"column":1}},"line":19},"1":{"name":"(anonymous_1)","decl":{"start":{"line":39,"column":24},"end":{"line":39,"column":25}},"loc":{"start":{"line":39,"column":44},"end":{"line":54,"column":1}},"line":39},"2":{"name":"(anonymous_2)","decl":{"start":{"line":70,"column":28},"end":{"line":70,"column":29}},"loc":{"start":{"line":70,"column":48},"end":{"line":95,"column":1}},"line":70}},"branchMap":{"0":{"loc":{"start":{"line":44,"column":4},"end":{"line":53,"column":5}},"type":"if","locations":[{"start":{"line":44,"column":4},"end":{"line":53,"column":5}},{"start":{"line":51,"column":11},"end":{"line":53,"column":5}}],"line":44},"1":{"loc":{"start":{"line":44,"column":8},"end":{"line":44,"column":52}},"type":"binary-expr","locations":[{"start":{"line":44,"column":8},"end":{"line":44,"column":12}},{"start":{"line":44,"column":17},"end":{"line":44,"column":51}}],"line":44},"2":{"loc":{"start":{"line":75,"column":4},"end":{"line":78,"column":5}},"type":"if","locations":[{"start":{"line":75,"column":4},"end":{"line":78,"column":5}},{"start":{},"end":{}}],"line":75},"3":{"loc":{"start":{"line":85,"column":4},"end":{"line":94,"column":5}},"type":"if","locations":[{"start":{"line":85,"column":4},"end":{"line":94,"column":5}},{"start":{"line":92,"column":11},"end":{"line":94,"column":5}}],"line":85}},"s":{"0":1,"1":0,"2":1,"3":0,"4":0,"5":0,"6":0,"7":0,"8":1,"9":0,"10":0,"11":0,"12":0,"13":0,"14":0,"15":0,"16":0,"17":0},"f":{"0":0,"1":0,"2":0},"b":{"0":[0,0],"1":[0,0],"2":[0,0],"3":[0,0]},"inputSourceMap":null,"_coverageSchema":"1a1c01bbd47fc00a2c39e90264f33305004495a9","hash":"c57fa24bfb36712cee673808f67591bc13e368a0"}
,"C:\\Users\\Juan\\Desktop\\Finanzas e ingenieria economica\\Proyecto\\mortgage-simulator\\backend\\controllers\\client.controller.js": {"path":"C:\\Users\\Juan\\Desktop\\Finanzas e ingenieria economica\\Proyecto\\mortgage-simulator\\backend\\controllers\\client.controller.js","statementMap":{"0":{"start":{"line":23,"column":26},"end":{"line":30,"column":1}},"1":{"start":{"line":24,"column":4},"end":{"line":29,"column":5}},"2":{"start":{"line":25,"column":24},"end":{"line":25,"column":65}},"3":{"start":{"line":26,"column":8},"end":{"line":26,"column":26}},"4":{"start":{"line":28,"column":8},"end":{"line":28,"column":57}},"5":{"start":{"line":49,"column":28},"end":{"line":66,"column":1}},"6":{"start":{"line":50,"column":63},"end":{"line":50,"column":71}},"7":{"start":{"line":52,"column":4},"end":{"line":65,"column":5}},"8":{"start":{"line":53,"column":23},"end":{"line":59,"column":10}},"9":{"start":{"line":61,"column":30},"end":{"line":61,"column":49}},"10":{"start":{"line":62,"column":8},"end":{"line":62,"column":44}},"11":{"start":{"line":64,"column":8},"end":{"line":64,"column":57}},"12":{"start":{"line":82,"column":28},"end":{"line":98,"column":1}},"13":{"start":{"line":83,"column":4},"end":{"line":97,"column":5}},"14":{"start":{"line":84,"column":23},"end":{"line":84,"column":59}},"15":{"start":{"line":86,"column":8},"end":{"line":88,"column":9}},"16":{"start":{"line":87,"column":12},"end":{"line":87,"column":73}},"17":{"start":{"line":90,"column":30},"end":{"line":92,"column":10}},"18":{"start":{"line":94,"column":8},"end":{"line":94,"column":32}},"19":{"start":{"line":96,"column":8},"end":{"line":96,"column":57}},"20":{"start":{"line":113,"column":28},"end":{"line":126,"column":1}},"21":{"start":{"line":114,"column":4},"end":{"line":125,"column":5}},"22":{"start":{"line":115,"column":23},"end":{"line":115,"column":59}},"23":{"start":{"line":117,"column":8},"end":{"line":119,"column":9}},"24":{"start":{"line":118,"column":12},"end":{"line":118,"column":73}},"25":{"start":{"line":121,"column":8},"end":{"line":121,"column":33}},"26":{"start":{"line":122,"column":8},"end":{"line":122,"column":48}},"27":{"start":{"line":124,"column":8},"end":{"line":124,"column":57}}},"fnMap":{"0":{"name":"(anonymous_0)","decl":{"start":{"line":23,"column":26},"end":{"line":23,"column":27}},"loc":{"start":{"line":23,"column":46},"end":{"line":30,"column":1}},"line":23},"1":{"name":"(anonymous_1)","decl":{"start":{"line":49,"column":28},"end":{"line":49,"column":29}},"loc":{"start":{"line":49,"column":48},"end":{"line":66,"column":1}},"line":49},"2":{"name":"(anonymous_2)","decl":{"start":{"line":82,"column":28},"end":{"line":82,"column":29}},"loc":{"start":{"line":82,"column":48},"end":{"line":98,"column":1}},"line":82},"3":{"name":"(anonymous_3)","decl":{"start":{"line":113,"column":28},"end":{"line":113,"column":29}},"loc":{"start":{"line":113,"column":48},"end":{"line":126,"column":1}},"line":113}},"branchMap":{"0":{"loc":{"start":{"line":86,"column":8},"end":{"line":88,"column":9}},"type":"if","locations":[{"start":{"line":86,"column":8},"end":{"line":88,"column":9}},{"start":{},"end":{}}],"line":86},"1":{"loc":{"start":{"line":117,"column":8},"end":{"line":119,"column":9}},"type":"if","locations":[{"start":{"line":117,"column":8},"end":{"line":119,"column":9}},{"start":{},"end":{}}],"line":117}},"s":{"0":1,"1":0,"2":0,"3":0,"4":0,"5":1,"6":0,"7":0,"8":0,"9":0,"10":0,"11":0,"12":1,"13":0,"14":0,"15":0,"16":0,"17":0,"18":0,"19":0,"20":1,"21":0,"22":0,"23":0,"24":0,"25":0,"26":0,"27":0},"f":{"0":0,"1":0,"2":0,"3":0},"b":{"0":[0,0],"1":[0,0]},"inputSourceMap":null,"_coverageSchema":"1a1c01bbd47fc00a2c39e90264f33305004495a9","hash":"cb3e2b3b5ce31e4a043081cd2b74ff66acda0898"}
,"C:\\Users\\Juan\\Desktop\\Finanzas e ingenieria economica\\Proyecto\\mortgage-simulator\\backend\\controllers\\dashboard.controller.js": {"path":"C:\\Users\\Juan\\Desktop\\Finanzas e ingenieria economica\\Proyecto\\mortgage-simulator\\backend\\controllers\\dashboard.controller.js","statementMap":{"0":{"start":{"line":25,"column":33},"end":{"line":81,"column":1}},"1":{"start":{"line":26,"column":4},"end":{"line":80,"column":5}},"2":{"start":{"line":27,"column":29},"end":{"line":27,"column":80}},"3":{"start":{"line":29,"column":32},"end":{"line":29,"column":65}},"4":{"start":{"line":30,"column":33},"end":{"line":30,"column":91}},"5":{"start":{"line":33,"column":34},"end":{"line":36,"column":59}},"6":{"start":{"line":39,"column":29},"end":{"line":39,"column":39}},"7":{"start":{"line":40,"column":8},"end":{"line":40,"column":59}},"8":{"start":{"line":42,"column":36},"end":{"line":59,"column":10}},"9":{"start":{"line":62,"column":26},"end":{"line":68,"column":10}},"10":{"start":{"line":63,"column":25},"end":{"line":63,"column":68}},"11":{"start":{"line":64,"column":12},"end":{"line":67,"column":14}},"12":{"start":{"line":70,"column":8},"end":{"line":76,"column":11}},"13":{"start":{"line":78,"column":8},"end":{"line":78,"column":29}},"14":{"start":{"line":79,"column":8},"end":{"line":79,"column":58}}},"fnMap":{"0":{"name":"(anonymous_0)","decl":{"start":{"line":25,"column":33},"end":{"line":25,"column":34}},"loc":{"start":{"line":25,"column":53},"end":{"line":81,"column":1}},"line":25},"1":{"name":"(anonymous_1)","decl":{"start":{"line":62,"column":50},"end":{"line":62,"column":51}},"loc":{"start":{"line":62,"column":58},"end":{"line":68,"column":9}},"line":62}},"branchMap":{},"s":{"0":1,"1":0,"2":0,"3":0,"4":0,"5":0,"6":0,"7":0,"8":0,"9":0,"10":0,"11":0,"12":0,"13":0,"14":0},"f":{"0":0,"1":0},"b":{},"inputSourceMap":null,"_coverageSchema":"1a1c01bbd47fc00a2c39e90264f33305004495a9","hash":"190d4975fb4572e6e5c17195a7229343be6b6c8f"}
,"C:\\Users\\Juan\\Desktop\\Finanzas e ingenieria economica\\Proyecto\\mortgage-simulator\\backend\\controllers\\property.controller.js": {"path":"C:\\Users\\Juan\\Desktop\\Finanzas e ingenieria economica\\Proyecto\\mortgage-simulator\\backend\\controllers\\property.controller.js","statementMap":{"0":{"start":{"line":23,"column":29},"end":{"line":30,"column":1}},"1":{"start":{"line":24,"column":4},"end":{"line":29,"column":5}},"2":{"start":{"line":25,"column":27},"end":{"line":25,"column":70}},"3":{"start":{"line":26,"column":8},"end":{"line":26,"column":29}},"4":{"start":{"line":28,"column":8},"end":{"line":28,"column":57}},"5":{"start":{"line":50,"column":30},"end":{"line":68,"column":1}},"6":{"start":{"line":51,"column":63},"end":{"line":51,"column":71}},"7":{"start":{"line":53,"column":4},"end":{"line":67,"column":5}},"8":{"start":{"line":54,"column":25},"end":{"line":61,"column":10}},"9":{"start":{"line":63,"column":32},"end":{"line":63,"column":53}},"10":{"start":{"line":64,"column":8},"end":{"line":64,"column":46}},"11":{"start":{"line":66,"column":8},"end":{"line":66,"column":57}},"12":{"start":{"line":84,"column":30},"end":{"line":100,"column":1}},"13":{"start":{"line":85,"column":4},"end":{"line":99,"column":5}},"14":{"start":{"line":86,"column":25},"end":{"line":86,"column":63}},"15":{"start":{"line":88,"column":8},"end":{"line":90,"column":9}},"16":{"start":{"line":89,"column":12},"end":{"line":89,"column":75}},"17":{"start":{"line":92,"column":32},"end":{"line":94,"column":10}},"18":{"start":{"line":96,"column":8},"end":{"line":96,"column":34}},"19":{"start":{"line":98,"column":8},"end":{"line":98,"column":57}},"20":{"start":{"line":115,"column":30},"end":{"line":128,"column":1}},"21":{"start":{"line":116,"column":4},"end":{"line":127,"column":5}},"22":{"start":{"line":117,"column":25},"end":{"line":117,"column":63}},"23":{"start":{"line":119,"column":8},"end":{"line":121,"column":9}},"24":{"start":{"line":120,"column":12},"end":{"line":120,"column":75}},"25":{"start":{"line":123,"column":8},"end":{"line":123,"column":35}},"26":{"start":{"line":124,"column":8},"end":{"line":124,"column":50}},"27":{"start":{"line":126,"column":8},"end":{"line":126,"column":57}}},"fnMap":{"0":{"name":"(anonymous_0)","decl":{"start":{"line":23,"column":29},"end":{"line":23,"column":30}},"loc":{"start":{"line":23,"column":49},"end":{"line":30,"column":1}},"line":23},"1":{"name":"(anonymous_1)","decl":{"start":{"line":50,"column":30},"end":{"line":50,"column":31}},"loc":{"start":{"line":50,"column":50},"end":{"line":68,"column":1}},"line":50},"2":{"name":"(anonymous_2)","decl":{"start":{"line":84,"column":30},"end":{"line":84,"column":31}},"loc":{"start":{"line":84,"column":50},"end":{"line":100,"column":1}},"line":84},"3":{"name":"(anonymous_3)","decl":{"start":{"line":115,"column":30},"end":{"line":115,"column":31}},"loc":{"start":{"line":115,"column":50},"end":{"line":128,"column":1}},"line":115}},"branchMap":{"0":{"loc":{"start":{"line":88,"column":8},"end":{"line":90,"column":9}},"type":"if","locations":[{"start":{"line":88,"column":8},"end":{"line":90,"column":9}},{"start":{},"end":{}}],"line":88},"1":{"loc":{"start":{"line":119,"column":8},"end":{"line":121,"column":9}},"type":"if","locations":[{"start":{"line":119,"column":8},"end":{"line":121,"column":9}},{"start":{},"end":{}}],"line":119}},"s":{"0":1,"1":0,"2":0,"3":0,"4":0,"5":1,"6":0,"7":0,"8":0,"9":0,"10":0,"11":0,"12":1,"13":0,"14":0,"15":0,"16":0,"17":0,"18":0,"19":0,"20":1,"21":0,"22":0,"23":0,"24":0,"25":0,"26":0,"27":0},"f":{"0":0,"1":0,"2":0,"3":0},"b":{"0":[0,0],"1":[0,0]},"inputSourceMap":null,"_coverageSchema":"1a1c01bbd47fc00a2c39e90264f33305004495a9","hash":"61bb126727008525ed05bd84165fc6ed8d9ea7c7"}
,"C:\\Users\\Juan\\Desktop\\Finanzas e ingenieria economica\\Proyecto\\mortgage-simulator\\backend\\controllers\\simulation.controller.js": {"path":"C:\\Users\\Juan\\Desktop\\Finanzas e ingenieria economica\\Proyecto\\mortgage-simulator\\backend\\controllers\\simulation.controller.js","statementMap":{"0":{"start":{"line":40,"column":35},"end":{"line":115,"column":1}},"1":{"start":{"line":57,"column":8},"end":{"line":57,"column":16}},"2":{"start":{"line":59,"column":4},"end":{"line":59,"column":64}},"3":{"start":{"line":61,"column":4},"end":{"line":63,"column":5}},"4":{"start":{"line":62,"column":8},"end":{"line":62,"column":117}},"5":{"start":{"line":65,"column":4},"end":{"line":114,"column":5}},"6":{"start":{"line":66,"column":20},"end":{"line":66,"column":71}},"7":{"start":{"line":68,"column":35},"end":{"line":68,"column":36}},"8":{"start":{"line":69,"column":8},"end":{"line":83,"column":9}},"9":{"start":{"line":70,"column":12},"end":{"line":82,"column":15}},"10":{"start":{"line":71,"column":16},"end":{"line":81,"column":17}},"11":{"start":{"line":72,"column":20},"end":{"line":72,"column":68}},"12":{"start":{"line":73,"column":23},"end":{"line":81,"column":17}},"13":{"start":{"line":74,"column":31},"end":{"line":74,"column":32}},"14":{"start":{"line":75,"column":20},"end":{"line":79,"column":21}},"15":{"start":{"line":76,"column":24},"end":{"line":76,"column":58}},"16":{"start":{"line":77,"column":27},"end":{"line":79,"column":21}},"17":{"start":{"line":78,"column":24},"end":{"line":78,"column":77}},"18":{"start":{"line":80,"column":20},"end":{"line":80,"column":83}},"19":{"start":{"line":85,"column":25},"end":{"line":96,"column":10}},"20":{"start":{"line":98,"column":22},"end":{"line":98,"column":73}},"21":{"start":{"line":99,"column":8},"end":{"line":101,"column":11}},"22":{"start":{"line":100,"column":12},"end":{"line":100,"column":53}},"23":{"start":{"line":103,"column":27},"end":{"line":103,"column":83}},"24":{"start":{"line":105,"column":8},"end":{"line":110,"column":11}},"25":{"start":{"line":112,"column":8},"end":{"line":112,"column":29}},"26":{"start":{"line":113,"column":8},"end":{"line":113,"column":57}},"27":{"start":{"line":135,"column":30},"end":{"line":170,"column":1}},"28":{"start":{"line":136,"column":4},"end":{"line":169,"column":5}},"29":{"start":{"line":143,"column":12},"end":{"line":143,"column":20}},"30":{"start":{"line":145,"column":27},"end":{"line":163,"column":10}},"31":{"start":{"line":165,"column":34},"end":{"line":165,"column":57}},"32":{"start":{"line":166,"column":8},"end":{"line":166,"column":48}},"33":{"start":{"line":168,"column":8},"end":{"line":168,"column":57}},"34":{"start":{"line":186,"column":33},"end":{"line":206,"column":1}},"35":{"start":{"line":187,"column":4},"end":{"line":205,"column":5}},"36":{"start":{"line":188,"column":27},"end":{"line":190,"column":50}},"37":{"start":{"line":192,"column":8},"end":{"line":194,"column":9}},"38":{"start":{"line":193,"column":12},"end":{"line":193,"column":77}},"39":{"start":{"line":197,"column":8},"end":{"line":199,"column":9}},"40":{"start":{"line":198,"column":12},"end":{"line":198,"column":71}},"41":{"start":{"line":201,"column":8},"end":{"line":201,"column":29}},"42":{"start":{"line":203,"column":8},"end":{"line":203,"column":29}},"43":{"start":{"line":204,"column":8},"end":{"line":204,"column":58}}},"fnMap":{"0":{"name":"(anonymous_0)","decl":{"start":{"line":40,"column":35},"end":{"line":40,"column":36}},"loc":{"start":{"line":40,"column":55},"end":{"line":115,"column":1}},"line":40},"1":{"name":"(anonymous_1)","decl":{"start":{"line":70,"column":39},"end":{"line":70,"column":40}},"loc":{"start":{"line":70,"column":48},"end":{"line":82,"column":13}},"line":70},"2":{"name":"(anonymous_2)","decl":{"start":{"line":99,"column":25},"end":{"line":99,"column":26}},"loc":{"start":{"line":99,"column":32},"end":{"line":101,"column":9}},"line":99},"3":{"name":"(anonymous_3)","decl":{"start":{"line":135,"column":30},"end":{"line":135,"column":31}},"loc":{"start":{"line":135,"column":50},"end":{"line":170,"column":1}},"line":135},"4":{"name":"(anonymous_4)","decl":{"start":{"line":186,"column":33},"end":{"line":186,"column":34}},"loc":{"start":{"line":186,"column":53},"end":{"line":206,"column":1}},"line":186}},"branchMap":{"0":{"loc":{"start":{"line":61,"column":4},"end":{"line":63,"column":5}},"type":"if","locations":[{"start":{"line":61,"column":4},"end":{"line":63,"column":5}},{"start":{},"end":{}}],"line":61},"1":{"loc":{"start":{"line":61,"column":8},"end":{"line":61,"column":54}},"type":"binary-expr","locations":[{"start":{"line":61,"column":8},"end":{"line":61,"column":23}},{"start":{"line":61,"column":27},"end":{"line":61,"column":38}},{"start":{"line":61,"column":42},"end":{"line":61,"column":54}}],"line":61},"2":{"loc":{"start":{"line":69,"column":8},"end":{"line":83,"column":9}},"type":"if","locations":[{"start":{"line":69,"column":8},"end":{"line":83,"column":9}},{"start":{},"end":{}}],"line":69},"3":{"loc":{"start":{"line":69,"column":12},"end":{"line":69,"column":63}},"type":"binary-expr","locations":[{"start":{"line":69,"column":12},"end":{"line":69,"column":30}},{"start":{"line":69,"column":34},"end":{"line":69,"column":63}}],"line":69},"4":{"loc":{"start":{"line":71,"column":16},"end":{"line":81,"column":17}},"type":"if","locations":[{"start":{"line":71,"column":16},"end":{"line":81,"column":17}},{"start":{"line":73,"column":23},"end":{"line":81,"column":17}}],"line":71},"5":{"loc":{"start":{"line":73,"column":23},"end":{"line":81,"column":17}},"type":"if","locations":[{"start":{"line":73,"column":23},"end":{"line":81,"column":17}},{"start":{},"end":{}}],"line":73},"6":{"loc":{"start":{"line":75,"column":20},"end":{"line":79,"column":21}},"type":"if","locations":[{"start":{"line":75,"column":20},"end":{"line":79,"column":21}},{"start":{"line":77,"column":27},"end":{"line":79,"column":21}}],"line":75},"7":{"loc":{"start":{"line":77,"column":27},"end":{"line":79,"column":21}},"type":"if","locations":[{"start":{"line":77,"column":27},"end":{"line":79,"column":21}},{"start":{},"end":{}}],"line":77},"8":{"loc":{"start":{"line":78,"column":42},"end":{"line":78,"column":75}},"type":"binary-expr","locations":[{"start":{"line":78,"column":42},"end":{"line":78,"column":57}},{"start":{"line":78,"column":61},"end":{"line":78,"column":75}}],"line":78},"9":{"loc":{"start":{"line":103,"column":54},"end":{"line":103,"column":82}},"type":"binary-expr","locations":[{"start":{"line":103,"column":54},"end":{"line":103,"column":77}},{"start":{"line":103,"column":81},"end":{"line":103,"column":82}}],"line":103},"10":{"loc":{"start":{"line":192,"column":8},"end":{"line":194,"column":9}},"type":"if","locations":[{"start":{"line":192,"column":8},"end":{"line":194,"column":9}},{"start":{},"end":{}}],"line":192},"11":{"loc":{"start":{"line":197,"column":8},"end":{"line":199,"column":9}},"type":"if","locations":[{"start":{"line":197,"column":8},"end":{"line":199,"column":9}},{"start":{},"end":{}}],"line":197}},"s":{"0":1,"1":10,"2":10,"3":10,"4":1,"5":9,"6":9,"7":9,"8":9,"9":5,"10":8,"11":4,"12":4,"13":4,"14":4,"15":2,"16":2,"17":2,"18":4,"19":9,"20":9,"21":9,"22":876,"23":9,"24":9,"25":0,"26":0,"27":1,"28":1,"29":1,"30":1,"31":1,"32":1,"33":0,"34":1,"35":0,"36":0,"37":0,"38":0,"39":0,"40":0,"41":0,"42":0,"43":0},"f":{"0":10,"1":8,"2":876,"3":1,"4":0},"b":{"0":[1,9],"1":[10,9,9],"2":[5,4],"3":[9,8],"4":[4,4],"5":[4,0],"6":[2,2],"7":[2,0],"8":[2,0],"9":[9,1],"10":[0,0],"11":[0,0]},"inputSourceMap":null,"_coverageSchema":"1a1c01bbd47fc00a2c39e90264f33305004495a9","hash":"41a11ba4aca3a84cd49921eeb33a0dffe0ef64a2"}
,"C:\\Users\\Juan\\Desktop\\Finanzas e ingenieria economica\\Proyecto\\mortgage-simulator\\backend\\middleware\\authMiddleware.js": {"path":"C:\\Users\\Juan\\Desktop\\Finanzas e ingenieria economica\\Proyecto\\mortgage-simulator\\backend\\middleware\\authMiddleware.js","statementMap":{"0":{"start":{"line":33,"column":16},"end":{"line":61,"column":1}},"1":{"start":{"line":36,"column":4},"end":{"line":56,"column":5}},"2":{"start":{"line":40,"column":8},"end":{"line":55,"column":9}},"3":{"start":{"line":41,"column":12},"end":{"line":41,"column":60}},"4":{"start":{"line":43,"column":28},"end":{"line":43,"column":69}},"5":{"start":{"line":45,"column":12},"end":{"line":45,"column":75}},"6":{"start":{"line":47,"column":12},"end":{"line":49,"column":13}},"7":{"start":{"line":48,"column":16},"end":{"line":48,"column":75}},"8":{"start":{"line":51,"column":12},"end":{"line":51,"column":19}},"9":{"start":{"line":53,"column":12},"end":{"line":53,"column":33}},"10":{"start":{"line":54,"column":12},"end":{"line":54,"column":78}},"11":{"start":{"line":58,"column":4},"end":{"line":60,"column":5}},"12":{"start":{"line":59,"column":8},"end":{"line":59,"column":70}}},"fnMap":{"0":{"name":"(anonymous_0)","decl":{"start":{"line":33,"column":16},"end":{"line":33,"column":17}},"loc":{"start":{"line":33,"column":42},"end":{"line":61,"column":1}},"line":33}},"branchMap":{"0":{"loc":{"start":{"line":36,"column":4},"end":{"line":56,"column":5}},"type":"if","locations":[{"start":{"line":36,"column":4},"end":{"line":56,"column":5}},{"start":{},"end":{}}],"line":36},"1":{"loc":{"start":{"line":37,"column":8},"end":{"line":38,"column":54}},"type":"binary-expr","locations":[{"start":{"line":37,"column":8},"end":{"line":37,"column":33}},{"start":{"line":38,"column":8},"end":{"line":38,"column":54}}],"line":37},"2":{"loc":{"start":{"line":47,"column":12},"end":{"line":49,"column":13}},"type":"if","locations":[{"start":{"line":47,"column":12},"end":{"line":49,"column":13}},{"start":{},"end":{}}],"line":47},"3":{"loc":{"start":{"line":58,"column":4},"end":{"line":60,"column":5}},"type":"if","locations":[{"start":{"line":58,"column":4},"end":{"line":60,"column":5}},{"start":{},"end":{}}],"line":58}},"s":{"0":1,"1":11,"2":11,"3":11,"4":11,"5":11,"6":11,"7":0,"8":11,"9":0,"10":0,"11":11,"12":0},"f":{"0":11},"b":{"0":[11,0],"1":[11,11],"2":[0,11],"3":[0,11]},"inputSourceMap":null,"_coverageSchema":"1a1c01bbd47fc00a2c39e90264f33305004495a9","hash":"73bbf96e4fd0b966378e28c401a135d11f0b2770"}
,"C:\\Users\\Juan\\Desktop\\Finanzas e ingenieria economica\\Proyecto\\mortgage-simulator\\backend\\models\\Client.js": {"path":"C:\\Users\\Juan\\Desktop\\Finanzas e ingenieria economica\\Proyecto\\mortgage-simulator\\backend\\models\\Client.js","statementMap":{"0":{"start":{"line":24,"column":21},"end":{"line":55,"column":2}},"1":{"start":{"line":57,"column":15},"end":{"line":57,"column":53}}},"fnMap":{},"branchMap":{},"s":{"0":1,"1":1},"f":{},"b":{},"inputSourceMap":null,"_coverageSchema":"1a1c01bbd47fc00a2c39e90264f33305004495a9","hash":"14529de56ca43aced8130b6fb68c2990a618782f"}
,"C:\\Users\\Juan\\Desktop\\Finanzas e ingenieria economica\\Proyecto\\mortgage-simulator\\backend\\models\\Property.js": {"path":"C:\\Users\\Juan\\Desktop\\Finanzas e ingenieria economica\\Proyecto\\mortgage-simulator\\backend\\models\\Property.js","statementMap":{"0":{"start":{"line":23,"column":23},"end":{"line":55,"column":2}},"1":{"start":{"line":57,"column":17},"end":{"line":57,"column":59}}},"fnMap":{},"branchMap":{},"s":{"0":1,"1":1},"f":{},"b":{},"inputSourceMap":null,"_coverageSchema":"1a1c01bbd47fc00a2c39e90264f33305004495a9","hash":"e9a9a27c8b3bcebc69275af36d1092733b3b4ffc"}
,"C:\\Users\\Juan\\Desktop\\Finanzas e ingenieria economica\\Proyecto\\mortgage-simulator\\backend\\models\\Simulation.js": {"path":"C:\\Users\\Juan\\Desktop\\Finanzas e ingenieria economica\\Proyecto\\mortgage-simulator\\backend\\models\\Simulation.js","statementMap":{"0":{"start":{"line":23,"column":25},"end":{"line":108,"column":2}},"1":{"start":{"line":110,"column":19},"end":{"line":110,"column":65}}},"fnMap":{},"branchMap":{},"s":{"0":1,"1":1},"f":{},"b":{},"inputSourceMap":null,"_coverageSchema":"1a1c01bbd47fc00a2c39e90264f33305004495a9","hash":"5c7cca2bd3ec1c6980bafc9c561c6d57cb72bb75"}
,"C:\\Users\\Juan\\Desktop\\Finanzas e ingenieria economica\\Proyecto\\mortgage-simulator\\backend\\models\\User.js": {"path":"C:\\Users\\Juan\\Desktop\\Finanzas e ingenieria economica\\Proyecto\\mortgage-simulator\\backend\\models\\User.js","statementMap":{"0":{"start":{"line":21,"column":19},"end":{"line":37,"column":2}},"1":{"start":{"line":45,"column":0},"end":{"line":47,"column":2}},"2":{"start":{"line":46,"column":4},"end":{"line":46,"column":64}},"3":{"start":{"line":49,"column":0},"end":{"line":55,"column":3}},"4":{"start":{"line":50,"column":4},"end":{"line":52,"column":5}},"5":{"start":{"line":51,"column":8},"end":{"line":51,"column":15}},"6":{"start":{"line":53,"column":17},"end":{"line":53,"column":41}},"7":{"start":{"line":54,"column":4},"end":{"line":54,"column":59}},"8":{"start":{"line":57,"column":13},"end":{"line":57,"column":47}}},"fnMap":{"0":{"name":"(anonymous_0)","decl":{"start":{"line":45,"column":35},"end":{"line":45,"column":36}},"loc":{"start":{"line":45,"column":68},"end":{"line":47,"column":1}},"line":45},"1":{"name":"(anonymous_1)","decl":{"start":{"line":49,"column":23},"end":{"line":49,"column":24}},"loc":{"start":{"line":49,"column":45},"end":{"line":55,"column":1}},"line":49}},"branchMap":{"0":{"loc":{"start":{"line":50,"column":4},"end":{"line":52,"column":5}},"type":"if","locations":[{"start":{"line":50,"column":4},"end":{"line":52,"column":5}},{"start":{},"end":{}}],"line":50}},"s":{"0":1,"1":1,"2":0,"3":1,"4":10,"5":0,"6":10,"7":10,"8":1},"f":{"0":0,"1":10},"b":{"0":[0,10]},"inputSourceMap":null,"_coverageSchema":"1a1c01bbd47fc00a2c39e90264f33305004495a9","hash":"e31daf41f074bd1b5e4b47097f55158c96185c25"}
,"C:\\Users\\Juan\\Desktop\\Finanzas e ingenieria economica\\Proyecto\\mortgage-simulator\\backend\\routes\\auth.routes.js": {"path":"C:\\Users\\Juan\\Desktop\\Finanzas e ingenieria economica\\Proyecto\\mortgage-simulator\\backend\\routes\\auth.routes.js","statementMap":{"0":{"start":{"line":4,"column":15},"end":{"line":4,"column":31}},"1":{"start":{"line":6,"column":0},"end":{"line":6,"column":32}},"2":{"start":{"line":7,"column":0},"end":{"line":7,"column":39}}},"fnMap":{},"branchMap":{},"s":{"0":1,"1":1,"2":1},"f":{},"b":{},"inputSourceMap":null,"_coverageSchema":"1a1c01bbd47fc00a2c39e90264f33305004495a9","hash":"6c890796e15b3bba5f8e44beb1ce6a21b0d73cc1"}
,"C:\\Users\\Juan\\Desktop\\Finanzas e ingenieria economica\\Proyecto\\mortgage-simulator\\backend\\routes\\client.routes.js": {"path":"C:\\Users\\Juan\\Desktop\\Finanzas e ingenieria economica\\Proyecto\\mortgage-simulator\\backend\\routes\\client.routes.js","statementMap":{"0":{"start":{"line":5,"column":15},"end":{"line":5,"column":31}},"1":{"start":{"line":7,"column":0},"end":{"line":7,"column":71}},"2":{"start":{"line":8,"column":0},"end":{"line":8,"column":78}}},"fnMap":{},"branchMap":{},"s":{"0":1,"1":1,"2":1},"f":{},"b":{},"inputSourceMap":null,"_coverageSchema":"1a1c01bbd47fc00a2c39e90264f33305004495a9","hash":"d2eee3556d85d30fcc0f96d8ea874245ea531aa8"}
,"C:\\Users\\Juan\\Desktop\\Finanzas e ingenieria economica\\Proyecto\\mortgage-simulator\\backend\\routes\\dashboard.routes.js": {"path":"C:\\Users\\Juan\\Desktop\\Finanzas e ingenieria economica\\Proyecto\\mortgage-simulator\\backend\\routes\\dashboard.routes.js","statementMap":{"0":{"start":{"line":5,"column":15},"end":{"line":5,"column":31}},"1":{"start":{"line":7,"column":0},"end":{"line":7,"column":49}}},"fnMap":{},"branchMap":{},"s":{"0":1,"1":1},"f":{},"b":{},"inputSourceMap":null,"_coverageSchema":"1a1c01bbd47fc00a2c39e90264f33305004495a9","hash":"dd310558a8f9fb1a22d63dc8d9583a829ecb0b24"}
,"C:\\Users\\Juan\\Desktop\\Finanzas e ingenieria economica\\Proyecto\\mortgage-simulator\\backend\\routes\\property.routes.js": {"path":"C:\\Users\\Juan\\Desktop\\Finanzas e ingenieria economica\\Proyecto\\mortgage-simulator\\backend\\routes\\property.routes.js","statementMap":{"0":{"start":{"line":5,"column":15},"end":{"line":5,"column":31}},"1":{"start":{"line":7,"column":0},"end":{"line":7,"column":76}},"2":{"start":{"line":8,"column":0},"end":{"line":8,"column":82}}},"fnMap":{},"branchMap":{},"s":{"0":1,"1":1,"2":1},"f":{},"b":{},"inputSourceMap":null,"_coverageSchema":"1a1c01bbd47fc00a2c39e90264f33305004495a9","hash":"f787ca5c585c9b0210b32d16f060c5f059b4a584"}
,"C:\\Users\\Juan\\Desktop\\Finanzas e ingenieria economica\\Proyecto\\mortgage-simulator\\backend\\routes\\simulation.routes.js": {"path":"C:\\Users\\Juan\\Desktop\\Finanzas e ingenieria economica\\Proyecto\\mortgage-simulator\\backend\\routes\\simulation.routes.js","statementMap":{"0":{"start":{"line":5,"column":15},"end":{"line":5,"column":31}},"1":{"start":{"line":7,"column":0},"end":{"line":7,"column":56}},"2":{"start":{"line":8,"column":0},"end":{"line":8,"column":46}},"3":{"start":{"line":9,"column":0},"end":{"line":9,"column":47}}},"fnMap":{},"branchMap":{},"s":{"0":1,"1":1,"2":1,"3":1},"f":{},"b":{},"inputSourceMap":null,"_coverageSchema":"1a1c01bbd47fc00a2c39e90264f33305004495a9","hash":"d19307d109bcb917c034b236dd099df6d1acd5bf"}
,"C:\\Users\\Juan\\Desktop\\Finanzas e ingenieria economica\\Proyecto\\mortgage-simulator\\backend\\services\\financial.service.js": {"path":"C:\\Users\\Juan\\Desktop\\Finanzas e ingenieria economica\\Proyecto\\mortgage-simulator\\backend\\services\\financial.service.js","statementMap":{"0":{"start":{"line":11,"column":0},"end":{"line":11,"column":31}},"1":{"start":{"line":30,"column":28},"end":{"line":46,"column":1}},"2":{"start":{"line":31,"column":4},"end":{"line":33,"column":5}},"3":{"start":{"line":32,"column":8},"end":{"line":32,"column":46}},"4":{"start":{"line":34,"column":14},"end":{"line":34,"column":40}},"5":{"start":{"line":36,"column":4},"end":{"line":45,"column":5}},"6":{"start":{"line":37,"column":8},"end":{"line":42,"column":9}},"7":{"start":{"line":38,"column":22},"end":{"line":38,"column":32}},"8":{"start":{"line":39,"column":12},"end":{"line":39,"column":46}},"9":{"start":{"line":41,"column":12},"end":{"line":41,"column":29}},"10":{"start":{"line":44,"column":8},"end":{"line":44,"column":62}},"11":{"start":{"line":75,"column":32},"end":{"line":151,"column":1}},"12":{"start":{"line":88,"column":8},"end":{"line":88,"column":14}},"13":{"start":{"line":90,"column":16},"end":{"line":90,"column":43}},"14":{"start":{"line":91,"column":16},"end":{"line":91,"column":41}},"15":{"start":{"line":92,"column":14},"end":{"line":92,"column":35}},"16":{"start":{"line":93,"column":24},"end":{"line":93,"column":59}},"17":{"start":{"line":94,"column":28},"end":{"line":94,"column":76}},"18":{"start":{"line":95,"column":23},"end":{"line":95,"column":66}},"19":{"start":{"line":97,"column":21},"end":{"line":97,"column":23}},"20":{"start":{"line":98,"column":22},"end":{"line":98,"column":44}},"21":{"start":{"line":100,"column":4},"end":{"line":148,"column":5}},"22":{"start":{"line":100,"column":17},"end":{"line":100,"column":18}},"23":{"start":{"line":101,"column":8},"end":{"line":101,"column":57}},"24":{"start":{"line":103,"column":24},"end":{"line":103,"column":40}},"25":{"start":{"line":104,"column":34},"end":{"line":104,"column":62}},"26":{"start":{"line":105,"column":29},"end":{"line":105,"column":74}},"27":{"start":{"line":107,"column":27},"end":{"line":107,"column":41}},"28":{"start":{"line":108,"column":20},"end":{"line":108,"column":34}},"29":{"start":{"line":109,"column":25},"end":{"line":109,"column":39}},"30":{"start":{"line":111,"column":8},"end":{"line":127,"column":9}},"31":{"start":{"line":112,"column":12},"end":{"line":119,"column":13}},"32":{"start":{"line":113,"column":16},"end":{"line":113,"column":46}},"33":{"start":{"line":114,"column":16},"end":{"line":114,"column":39}},"34":{"start":{"line":115,"column":16},"end":{"line":115,"column":44}},"35":{"start":{"line":116,"column":19},"end":{"line":119,"column":13}},"36":{"start":{"line":117,"column":16},"end":{"line":117,"column":46}},"37":{"start":{"line":118,"column":16},"end":{"line":118,"column":32}},"38":{"start":{"line":121,"column":31},"end":{"line":121,"column":40}},"39":{"start":{"line":122,"column":27},"end":{"line":122,"column":54}},"40":{"start":{"line":123,"column":12},"end":{"line":123,"column":72}},"41":{"start":{"line":125,"column":12},"end":{"line":125,"column":48}},"42":{"start":{"line":126,"column":12},"end":{"line":126,"column":46}},"43":{"start":{"line":129,"column":30},"end":{"line":129,"column":44}},"44":{"start":{"line":130,"column":8},"end":{"line":133,"column":9}},"45":{"start":{"line":131,"column":12},"end":{"line":131,"column":91}},"46":{"start":{"line":132,"column":12},"end":{"line":132,"column":49}},"47":{"start":{"line":135,"column":8},"end":{"line":135,"column":70}},"48":{"start":{"line":137,"column":8},"end":{"line":147,"column":11}},"49":{"start":{"line":150,"column":4},"end":{"line":150,"column":20}},"50":{"start":{"line":168,"column":35},"end":{"line":203,"column":1}},"51":{"start":{"line":169,"column":25},"end":{"line":186,"column":5}},"52":{"start":{"line":170,"column":24},"end":{"line":170,"column":28}},"53":{"start":{"line":171,"column":20},"end":{"line":171,"column":24}},"54":{"start":{"line":172,"column":19},"end":{"line":172,"column":24}},"55":{"start":{"line":174,"column":8},"end":{"line":184,"column":9}},"56":{"start":{"line":174,"column":21},"end":{"line":174,"column":22}},"57":{"start":{"line":175,"column":25},"end":{"line":175,"column":26}},"58":{"start":{"line":176,"column":30},"end":{"line":176,"column":31}},"59":{"start":{"line":177,"column":12},"end":{"line":180,"column":13}},"60":{"start":{"line":177,"column":25},"end":{"line":177,"column":26}},"61":{"start":{"line":178,"column":16},"end":{"line":178,"column":60}},"62":{"start":{"line":179,"column":16},"end":{"line":179,"column":74}},"63":{"start":{"line":181,"column":28},"end":{"line":181,"column":55}},"64":{"start":{"line":182,"column":12},"end":{"line":182,"column":63}},"65":{"start":{"line":182,"column":48},"end":{"line":182,"column":63}},"66":{"start":{"line":183,"column":12},"end":{"line":183,"column":27}},"67":{"start":{"line":185,"column":8},"end":{"line":185,"column":20}},"68":{"start":{"line":188,"column":16},"end":{"line":188,"column":34}},"69":{"start":{"line":189,"column":17},"end":{"line":189,"column":50}},"70":{"start":{"line":191,"column":24},"end":{"line":191,"column":66}},"71":{"start":{"line":193,"column":14},"end":{"line":193,"column":15}},"72":{"start":{"line":194,"column":4},"end":{"line":196,"column":5}},"73":{"start":{"line":194,"column":17},"end":{"line":194,"column":18}},"74":{"start":{"line":195,"column":8},"end":{"line":195,"column":54}},"75":{"start":{"line":198,"column":4},"end":{"line":202,"column":6}}},"fnMap":{"0":{"name":"(anonymous_0)","decl":{"start":{"line":30,"column":28},"end":{"line":30,"column":29}},"loc":{"start":{"line":30,"column":76},"end":{"line":46,"column":1}},"line":30},"1":{"name":"(anonymous_1)","decl":{"start":{"line":75,"column":32},"end":{"line":75,"column":33}},"loc":{"start":{"line":75,"column":44},"end":{"line":151,"column":1}},"line":75},"2":{"name":"(anonymous_2)","decl":{"start":{"line":168,"column":35},"end":{"line":168,"column":36}},"loc":{"start":{"line":168,"column":61},"end":{"line":203,"column":1}},"line":168},"3":{"name":"(anonymous_3)","decl":{"start":{"line":169,"column":25},"end":{"line":169,"column":26}},"loc":{"start":{"line":169,"column":50},"end":{"line":186,"column":5}},"line":169}},"branchMap":{"0":{"loc":{"start":{"line":30,"column":45},"end":{"line":30,"column":71}},"type":"default-arg","locations":[{"start":{"line":30,"column":62},"end":{"line":30,"column":71}}],"line":30},"1":{"loc":{"start":{"line":31,"column":4},"end":{"line":33,"column":5}},"type":"if","locations":[{"start":{"line":31,"column":4},"end":{"line":33,"column":5}},{"start":{},"end":{}}],"line":31},"2":{"loc":{"start":{"line":31,"column":8},"end":{"line":31,"column":58}},"type":"binary-expr","locations":[{"start":{"line":31,"column":8},"end":{"line":31,"column":26}},{"start":{"line":31,"column":30},"end":{"line":31,"column":43}},{"start":{"line":31,"column":47},"end":{"line":31,"column":58}}],"line":31},"3":{"loc":{"start":{"line":36,"column":4},"end":{"line":45,"column":5}},"type":"if","locations":[{"start":{"line":36,"column":4},"end":{"line":45,"column":5}},{"start":{"line":43,"column":11},"end":{"line":45,"column":5}}],"line":36},"4":{"loc":{"start":{"line":37,"column":8},"end":{"line":42,"column":9}},"type":"if","locations":[{"start":{"line":37,"column":8},"end":{"line":42,"column":9}},{"start":{"line":40,"column":15},"end":{"line":42,"column":9}}],"line":37},"5":{"loc":{"start":{"line":82,"column":8},"end":{"line":82,"column":33}},"type":"default-arg","locations":[{"start":{"line":82,"column":23},"end":{"line":82,"column":33}}],"line":82},"6":{"loc":{"start":{"line":83,"column":8},"end":{"line":83,"column":38}},"type":"default-arg","locations":[{"start":{"line":83,"column":37},"end":{"line":83,"column":38}}],"line":83},"7":{"loc":{"start":{"line":84,"column":8},"end":{"line":84,"column":33}},"type":"default-arg","locations":[{"start":{"line":84,"column":32},"end":{"line":84,"column":33}}],"line":84},"8":{"loc":{"start":{"line":85,"column":8},"end":{"line":85,"column":33}},"type":"default-arg","locations":[{"start":{"line":85,"column":28},"end":{"line":85,"column":33}}],"line":85},"9":{"loc":{"start":{"line":86,"column":8},"end":{"line":86,"column":36}},"type":"default-arg","locations":[{"start":{"line":86,"column":34},"end":{"line":86,"column":36}}],"line":86},"10":{"loc":{"start":{"line":87,"column":8},"end":{"line":87,"column":39}},"type":"default-arg","locations":[{"start":{"line":87,"column":36},"end":{"line":87,"column":39}}],"line":87},"11":{"loc":{"start":{"line":93,"column":33},"end":{"line":93,"column":58}},"type":"binary-expr","locations":[{"start":{"line":93,"column":33},"end":{"line":93,"column":53}},{"start":{"line":93,"column":57},"end":{"line":93,"column":58}}],"line":93},"12":{"loc":{"start":{"line":111,"column":8},"end":{"line":127,"column":9}},"type":"if","locations":[{"start":{"line":111,"column":8},"end":{"line":127,"column":9}},{"start":{"line":120,"column":15},"end":{"line":127,"column":9}}],"line":111},"13":{"loc":{"start":{"line":112,"column":12},"end":{"line":119,"column":13}},"type":"if","locations":[{"start":{"line":112,"column":12},"end":{"line":119,"column":13}},{"start":{"line":116,"column":19},"end":{"line":119,"column":13}}],"line":112},"14":{"loc":{"start":{"line":116,"column":19},"end":{"line":119,"column":13}},"type":"if","locations":[{"start":{"line":116,"column":19},"end":{"line":119,"column":13}},{"start":{},"end":{}}],"line":116},"15":{"loc":{"start":{"line":130,"column":8},"end":{"line":133,"column":9}},"type":"if","locations":[{"start":{"line":130,"column":8},"end":{"line":133,"column":9}},{"start":{},"end":{}}],"line":130},"16":{"loc":{"start":{"line":130,"column":12},"end":{"line":130,"column":76}},"type":"binary-expr","locations":[{"start":{"line":130,"column":12},"end":{"line":130,"column":29}},{"start":{"line":130,"column":33},"end":{"line":130,"column":61}},{"start":{"line":130,"column":65},"end":{"line":130,"column":76}}],"line":130},"17":{"loc":{"start":{"line":168,"column":42},"end":{"line":168,"column":56}},"type":"default-arg","locations":[{"start":{"line":168,"column":55},"end":{"line":168,"column":56}}],"line":168},"18":{"loc":{"start":{"line":169,"column":34},"end":{"line":169,"column":45}},"type":"default-arg","locations":[{"start":{"line":169,"column":42},"end":{"line":169,"column":45}}],"line":169},"19":{"loc":{"start":{"line":182,"column":12},"end":{"line":182,"column":63}},"type":"if","locations":[{"start":{"line":182,"column":12},"end":{"line":182,"column":63}},{"start":{},"end":{}}],"line":182}},"s":{"0":2,"1":2,"2":18,"3":3,"4":15,"5":15,"6":2,"7":1,"8":1,"9":1,"10":13,"11":2,"12":15,"13":15,"14":15,"15":15,"16":15,"17":15,"18":15,"19":15,"20":15,"21":15,"22":15,"23":960,"24":960,"25":960,"26":960,"27":960,"28":960,"29":960,"30":960,"31":12,"32":3,"33":3,"34":3,"35":9,"36":9,"37":9,"38":948,"39":948,"40":948,"41":948,"42":948,"43":960,"44":960,"45":30,"46":30,"47":960,"48":960,"49":15,"50":2,"51":16,"52":16,"53":16,"54":16,"55":16,"56":16,"57":686,"58":686,"59":686,"60":686,"61":77570,"62":77570,"63":686,"64":686,"65":16,"66":670,"67":0,"68":16,"69":16,"70":16,"71":16,"72":16,"73":16,"74":970,"75":16},"f":{"0":18,"1":15,"2":16,"3":16},"b":{"0":[0],"1":[3,15],"2":[18,17,16],"3":[2,13],"4":[1,1],"5":[15],"6":[0],"7":[0],"8":[0],"9":[12],"10":[12],"11":[15,12],"12":[12,948],"13":[3,9],"14":[9,0],"15":[30,930],"16":[960,156,30],"17":[0],"18":[16],"19":[16,670]},"inputSourceMap":null,"_coverageSchema":"1a1c01bbd47fc00a2c39e90264f33305004495a9","hash":"805c7ee26b763a1ec7db64bd7f69c2baa33d486f"}
}
