{"C:\\Users\\Juan\\.gemini\\antigravity\\scratch\\mortgage-simulator\\backend\\index.js": {"path":"C:\\Users\\Juan\\.gemini\\antigravity\\scratch\\mortgage-simulator\\backend\\index.js","statementMap":{"0":{"start":{"line":12,"column":0},"end":{"line":12,"column":16}},"1":{"start":{"line":14,"column":12},"end":{"line":14,"column":21}},"2":{"start":{"line":15,"column":13},"end":{"line":15,"column":37}},"3":{"start":{"line":18,"column":0},"end":{"line":18,"column":16}},"4":{"start":{"line":19,"column":0},"end":{"line":19,"column":24}},"5":{"start":{"line":23,"column":0},"end":{"line":25,"column":1}},"6":{"start":{"line":24,"column":4},"end":{"line":24,"column":16}},"7":{"start":{"line":28,"column":0},"end":{"line":28,"column":33}},"8":{"start":{"line":29,"column":0},"end":{"line":29,"column":38}},"9":{"start":{"line":30,"column":0},"end":{"line":30,"column":43}},"10":{"start":{"line":31,"column":0},"end":{"line":31,"column":43}},"11":{"start":{"line":32,"column":0},"end":{"line":32,"column":43}},"12":{"start":{"line":34,"column":0},"end":{"line":36,"column":3}},"13":{"start":{"line":35,"column":4},"end":{"line":35,"column":50}},"14":{"start":{"line":38,"column":0},"end":{"line":42,"column":1}},"15":{"start":{"line":39,"column":4},"end":{"line":41,"column":7}},"16":{"start":{"line":40,"column":8},"end":{"line":40,"column":54}}},"fnMap":{"0":{"name":"(anonymous_0)","decl":{"start":{"line":34,"column":13},"end":{"line":34,"column":14}},"loc":{"start":{"line":34,"column":27},"end":{"line":36,"column":1}},"line":34},"1":{"name":"(anonymous_1)","decl":{"start":{"line":39,"column":21},"end":{"line":39,"column":22}},"loc":{"start":{"line":39,"column":27},"end":{"line":41,"column":5}},"line":39}},"branchMap":{"0":{"loc":{"start":{"line":15,"column":13},"end":{"line":15,"column":37}},"type":"binary-expr","locations":[{"start":{"line":15,"column":13},"end":{"line":15,"column":29}},{"start":{"line":15,"column":33},"end":{"line":15,"column":37}}],"line":15},"1":{"loc":{"start":{"line":23,"column":0},"end":{"line":25,"column":1}},"type":"if","locations":[{"start":{"line":23,"column":0},"end":{"line":25,"column":1}},{"start":{},"end":{}}],"line":23},"2":{"loc":{"start":{"line":38,"column":0},"end":{"line":42,"column":1}},"type":"if","locations":[{"start":{"line":38,"column":0},"end":{"line":42,"column":1}},{"start":{},"end":{}}],"line":38}},"s":{"0":5,"1":5,"2":5,"3":5,"4":5,"5":5,"6":0,"7":5,"8":5,"9":5,"10":5,"11":5,"12":5,"13":0,"14":5,"15":0,"16":0},"f":{"0":0,"1":0},"b":{"0":[5,0],"1":[0,5],"2":[0,5]},"inputSourceMap":null,"_coverageSchema":"1a1c01bbd47fc00a2c39e90264f33305004495a9","hash":"0b5aa81f7b2409c558f27524ae520f532563fd78"}
,"C:\\Users\\Juan\\.gemini\\antigravity\\scratch\\mortgage-simulator\\backend\\config\\db.js": {"path":"C:\\Users\\Juan\\.gemini\\antigravity\\scratch\\mortgage-simulator\\backend\\config\\db.js","statementMap":{"0":{"start":{"line":3,"column":18},"end":{"line":11,"column":1}},"1":{"start":{"line":4,"column":4},"end":{"line":10,"column":5}},"2":{"start":{"line":5,"column":21},"end":{"line":5,"column":66}},"3":{"start":{"line":6,"column":8},"end":{"line":6,"column":66}},"4":{"start":{"line":8,"column":8},"end":{"line":8,"column":49}},"5":{"start":{"line":9,"column":8},"end":{"line":9,"column":24}}},"fnMap":{"0":{"name":"(anonymous_0)","decl":{"start":{"line":3,"column":18},"end":{"line":3,"column":19}},"loc":{"start":{"line":3,"column":30},"end":{"line":11,"column":1}},"line":3}},"branchMap":{},"s":{"0":5,"1":0,"2":0,"3":0,"4":0,"5":0},"f":{"0":0},"b":{},"inputSourceMap":null,"_coverageSchema":"1a1c01bbd47fc00a2c39e90264f33305004495a9","hash":"647c3a2feb44fc6637225439a5bb1b5ddd1436f1"}
,"C:\\Users\\Juan\\.gemini\\antigravity\\scratch\\mortgage-simulator\\backend\\controllers\\auth.controller.js": {"path":"C:\\Users\\Juan\\.gemini\\antigravity\\scratch\\mortgage-simulator\\backend\\controllers\\auth.controller.js","statementMap":{"0":{"start":{"line":4,"column":22},"end":{"line":8,"column":1}},"1":{"start":{"line":5,"column":4},"end":{"line":7,"column":7}},"2":{"start":{"line":13,"column":24},"end":{"line":28,"column":1}},"3":{"start":{"line":14,"column":35},"end":{"line":14,"column":43}},"4":{"start":{"line":16,"column":17},"end":{"line":16,"column":49}},"5":{"start":{"line":18,"column":4},"end":{"line":27,"column":5}},"6":{"start":{"line":19,"column":8},"end":{"line":24,"column":11}},"7":{"start":{"line":26,"column":8},"end":{"line":26,"column":74}},"8":{"start":{"line":33,"column":28},"end":{"line":58,"column":1}},"9":{"start":{"line":34,"column":35},"end":{"line":34,"column":43}},"10":{"start":{"line":36,"column":23},"end":{"line":36,"column":55}},"11":{"start":{"line":38,"column":4},"end":{"line":41,"column":5}},"12":{"start":{"line":39,"column":8},"end":{"line":39,"column":65}},"13":{"start":{"line":40,"column":8},"end":{"line":40,"column":15}},"14":{"start":{"line":43,"column":17},"end":{"line":46,"column":6}},"15":{"start":{"line":48,"column":4},"end":{"line":57,"column":5}},"16":{"start":{"line":49,"column":8},"end":{"line":54,"column":11}},"17":{"start":{"line":56,"column":8},"end":{"line":56,"column":63}}},"fnMap":{"0":{"name":"(anonymous_0)","decl":{"start":{"line":4,"column":22},"end":{"line":4,"column":23}},"loc":{"start":{"line":4,"column":30},"end":{"line":8,"column":1}},"line":4},"1":{"name":"(anonymous_1)","decl":{"start":{"line":13,"column":24},"end":{"line":13,"column":25}},"loc":{"start":{"line":13,"column":44},"end":{"line":28,"column":1}},"line":13},"2":{"name":"(anonymous_2)","decl":{"start":{"line":33,"column":28},"end":{"line":33,"column":29}},"loc":{"start":{"line":33,"column":48},"end":{"line":58,"column":1}},"line":33}},"branchMap":{"0":{"loc":{"start":{"line":18,"column":4},"end":{"line":27,"column":5}},"type":"if","locations":[{"start":{"line":18,"column":4},"end":{"line":27,"column":5}},{"start":{"line":25,"column":11},"end":{"line":27,"column":5}}],"line":18},"1":{"loc":{"start":{"line":18,"column":8},"end":{"line":18,"column":52}},"type":"binary-expr","locations":[{"start":{"line":18,"column":8},"end":{"line":18,"column":12}},{"start":{"line":18,"column":17},"end":{"line":18,"column":51}}],"line":18},"2":{"loc":{"start":{"line":38,"column":4},"end":{"line":41,"column":5}},"type":"if","locations":[{"start":{"line":38,"column":4},"end":{"line":41,"column":5}},{"start":{},"end":{}}],"line":38},"3":{"loc":{"start":{"line":48,"column":4},"end":{"line":57,"column":5}},"type":"if","locations":[{"start":{"line":48,"column":4},"end":{"line":57,"column":5}},{"start":{"line":55,"column":11},"end":{"line":57,"column":5}}],"line":48}},"s":{"0":5,"1":4,"2":5,"3":2,"4":2,"5":2,"6":1,"7":1,"8":5,"9":4,"10":4,"11":4,"12":1,"13":1,"14":3,"15":3,"16":3,"17":0},"f":{"0":4,"1":2,"2":4},"b":{"0":[1,1],"1":[2,2],"2":[1,3],"3":[3,0]},"inputSourceMap":null,"_coverageSchema":"1a1c01bbd47fc00a2c39e90264f33305004495a9","hash":"387741cf8b16af54dac464c8c00c087bd077857f"}
,"C:\\Users\\Juan\\.gemini\\antigravity\\scratch\\mortgage-simulator\\backend\\controllers\\client.controller.js": {"path":"C:\\Users\\Juan\\.gemini\\antigravity\\scratch\\mortgage-simulator\\backend\\controllers\\client.controller.js","statementMap":{"0":{"start":{"line":6,"column":26},"end":{"line":13,"column":1}},"1":{"start":{"line":7,"column":4},"end":{"line":12,"column":5}},"2":{"start":{"line":8,"column":24},"end":{"line":8,"column":65}},"3":{"start":{"line":9,"column":8},"end":{"line":9,"column":26}},"4":{"start":{"line":11,"column":8},"end":{"line":11,"column":57}},"5":{"start":{"line":18,"column":28},"end":{"line":35,"column":1}},"6":{"start":{"line":19,"column":63},"end":{"line":19,"column":71}},"7":{"start":{"line":21,"column":4},"end":{"line":34,"column":5}},"8":{"start":{"line":22,"column":23},"end":{"line":28,"column":10}},"9":{"start":{"line":30,"column":30},"end":{"line":30,"column":49}},"10":{"start":{"line":31,"column":8},"end":{"line":31,"column":44}},"11":{"start":{"line":33,"column":8},"end":{"line":33,"column":57}},"12":{"start":{"line":40,"column":28},"end":{"line":56,"column":1}},"13":{"start":{"line":41,"column":4},"end":{"line":55,"column":5}},"14":{"start":{"line":42,"column":23},"end":{"line":42,"column":59}},"15":{"start":{"line":44,"column":8},"end":{"line":46,"column":9}},"16":{"start":{"line":45,"column":12},"end":{"line":45,"column":73}},"17":{"start":{"line":48,"column":30},"end":{"line":50,"column":10}},"18":{"start":{"line":52,"column":8},"end":{"line":52,"column":32}},"19":{"start":{"line":54,"column":8},"end":{"line":54,"column":57}},"20":{"start":{"line":61,"column":28},"end":{"line":74,"column":1}},"21":{"start":{"line":62,"column":4},"end":{"line":73,"column":5}},"22":{"start":{"line":63,"column":23},"end":{"line":63,"column":59}},"23":{"start":{"line":65,"column":8},"end":{"line":67,"column":9}},"24":{"start":{"line":66,"column":12},"end":{"line":66,"column":73}},"25":{"start":{"line":69,"column":8},"end":{"line":69,"column":33}},"26":{"start":{"line":70,"column":8},"end":{"line":70,"column":48}},"27":{"start":{"line":72,"column":8},"end":{"line":72,"column":57}}},"fnMap":{"0":{"name":"(anonymous_0)","decl":{"start":{"line":6,"column":26},"end":{"line":6,"column":27}},"loc":{"start":{"line":6,"column":46},"end":{"line":13,"column":1}},"line":6},"1":{"name":"(anonymous_1)","decl":{"start":{"line":18,"column":28},"end":{"line":18,"column":29}},"loc":{"start":{"line":18,"column":48},"end":{"line":35,"column":1}},"line":18},"2":{"name":"(anonymous_2)","decl":{"start":{"line":40,"column":28},"end":{"line":40,"column":29}},"loc":{"start":{"line":40,"column":48},"end":{"line":56,"column":1}},"line":40},"3":{"name":"(anonymous_3)","decl":{"start":{"line":61,"column":28},"end":{"line":61,"column":29}},"loc":{"start":{"line":61,"column":48},"end":{"line":74,"column":1}},"line":61}},"branchMap":{"0":{"loc":{"start":{"line":44,"column":8},"end":{"line":46,"column":9}},"type":"if","locations":[{"start":{"line":44,"column":8},"end":{"line":46,"column":9}},{"start":{},"end":{}}],"line":44},"1":{"loc":{"start":{"line":65,"column":8},"end":{"line":67,"column":9}},"type":"if","locations":[{"start":{"line":65,"column":8},"end":{"line":67,"column":9}},{"start":{},"end":{}}],"line":65}},"s":{"0":5,"1":1,"2":1,"3":1,"4":0,"5":5,"6":1,"7":1,"8":1,"9":1,"10":1,"11":0,"12":5,"13":0,"14":0,"15":0,"16":0,"17":0,"18":0,"19":0,"20":5,"21":0,"22":0,"23":0,"24":0,"25":0,"26":0,"27":0},"f":{"0":1,"1":1,"2":0,"3":0},"b":{"0":[0,0],"1":[0,0]},"inputSourceMap":null,"_coverageSchema":"1a1c01bbd47fc00a2c39e90264f33305004495a9","hash":"bef00134dfc0fd4b3f2d863597070a41bca331ee"}
,"C:\\Users\\Juan\\.gemini\\antigravity\\scratch\\mortgage-simulator\\backend\\controllers\\dashboard.controller.js": {"path":"C:\\Users\\Juan\\.gemini\\antigravity\\scratch\\mortgage-simulator\\backend\\controllers\\dashboard.controller.js","statementMap":{"0":{"start":{"line":8,"column":33},"end":{"line":67,"column":1}},"1":{"start":{"line":9,"column":4},"end":{"line":66,"column":5}},"2":{"start":{"line":10,"column":29},"end":{"line":10,"column":80}},"3":{"start":{"line":15,"column":32},"end":{"line":15,"column":65}},"4":{"start":{"line":16,"column":33},"end":{"line":16,"column":91}},"5":{"start":{"line":19,"column":34},"end":{"line":22,"column":59}},"6":{"start":{"line":25,"column":29},"end":{"line":25,"column":39}},"7":{"start":{"line":26,"column":8},"end":{"line":26,"column":59}},"8":{"start":{"line":28,"column":36},"end":{"line":45,"column":10}},"9":{"start":{"line":48,"column":26},"end":{"line":54,"column":10}},"10":{"start":{"line":49,"column":25},"end":{"line":49,"column":68}},"11":{"start":{"line":50,"column":12},"end":{"line":53,"column":14}},"12":{"start":{"line":56,"column":8},"end":{"line":62,"column":11}},"13":{"start":{"line":64,"column":8},"end":{"line":64,"column":29}},"14":{"start":{"line":65,"column":8},"end":{"line":65,"column":58}}},"fnMap":{"0":{"name":"(anonymous_0)","decl":{"start":{"line":8,"column":33},"end":{"line":8,"column":34}},"loc":{"start":{"line":8,"column":53},"end":{"line":67,"column":1}},"line":8},"1":{"name":"(anonymous_1)","decl":{"start":{"line":48,"column":50},"end":{"line":48,"column":51}},"loc":{"start":{"line":48,"column":58},"end":{"line":54,"column":9}},"line":48}},"branchMap":{},"s":{"0":5,"1":2,"2":2,"3":2,"4":2,"5":2,"6":2,"7":2,"8":2,"9":2,"10":1,"11":1,"12":2,"13":0,"14":0},"f":{"0":2,"1":1},"b":{},"inputSourceMap":null,"_coverageSchema":"1a1c01bbd47fc00a2c39e90264f33305004495a9","hash":"2e9d12405f9ae52b728103b7498483b1c6a6dc63"}
,"C:\\Users\\Juan\\.gemini\\antigravity\\scratch\\mortgage-simulator\\backend\\controllers\\property.controller.js": {"path":"C:\\Users\\Juan\\.gemini\\antigravity\\scratch\\mortgage-simulator\\backend\\controllers\\property.controller.js","statementMap":{"0":{"start":{"line":6,"column":29},"end":{"line":13,"column":1}},"1":{"start":{"line":7,"column":4},"end":{"line":12,"column":5}},"2":{"start":{"line":8,"column":27},"end":{"line":8,"column":70}},"3":{"start":{"line":9,"column":8},"end":{"line":9,"column":29}},"4":{"start":{"line":11,"column":8},"end":{"line":11,"column":57}},"5":{"start":{"line":18,"column":30},"end":{"line":36,"column":1}},"6":{"start":{"line":19,"column":63},"end":{"line":19,"column":71}},"7":{"start":{"line":21,"column":4},"end":{"line":35,"column":5}},"8":{"start":{"line":22,"column":25},"end":{"line":29,"column":10}},"9":{"start":{"line":31,"column":32},"end":{"line":31,"column":53}},"10":{"start":{"line":32,"column":8},"end":{"line":32,"column":46}},"11":{"start":{"line":34,"column":8},"end":{"line":34,"column":57}},"12":{"start":{"line":41,"column":30},"end":{"line":57,"column":1}},"13":{"start":{"line":42,"column":4},"end":{"line":56,"column":5}},"14":{"start":{"line":43,"column":25},"end":{"line":43,"column":63}},"15":{"start":{"line":45,"column":8},"end":{"line":47,"column":9}},"16":{"start":{"line":46,"column":12},"end":{"line":46,"column":75}},"17":{"start":{"line":49,"column":32},"end":{"line":51,"column":10}},"18":{"start":{"line":53,"column":8},"end":{"line":53,"column":34}},"19":{"start":{"line":55,"column":8},"end":{"line":55,"column":57}},"20":{"start":{"line":62,"column":30},"end":{"line":75,"column":1}},"21":{"start":{"line":63,"column":4},"end":{"line":74,"column":5}},"22":{"start":{"line":64,"column":25},"end":{"line":64,"column":63}},"23":{"start":{"line":66,"column":8},"end":{"line":68,"column":9}},"24":{"start":{"line":67,"column":12},"end":{"line":67,"column":75}},"25":{"start":{"line":70,"column":8},"end":{"line":70,"column":35}},"26":{"start":{"line":71,"column":8},"end":{"line":71,"column":50}},"27":{"start":{"line":73,"column":8},"end":{"line":73,"column":57}}},"fnMap":{"0":{"name":"(anonymous_0)","decl":{"start":{"line":6,"column":29},"end":{"line":6,"column":30}},"loc":{"start":{"line":6,"column":49},"end":{"line":13,"column":1}},"line":6},"1":{"name":"(anonymous_1)","decl":{"start":{"line":18,"column":30},"end":{"line":18,"column":31}},"loc":{"start":{"line":18,"column":50},"end":{"line":36,"column":1}},"line":18},"2":{"name":"(anonymous_2)","decl":{"start":{"line":41,"column":30},"end":{"line":41,"column":31}},"loc":{"start":{"line":41,"column":50},"end":{"line":57,"column":1}},"line":41},"3":{"name":"(anonymous_3)","decl":{"start":{"line":62,"column":30},"end":{"line":62,"column":31}},"loc":{"start":{"line":62,"column":50},"end":{"line":75,"column":1}},"line":62}},"branchMap":{"0":{"loc":{"start":{"line":45,"column":8},"end":{"line":47,"column":9}},"type":"if","locations":[{"start":{"line":45,"column":8},"end":{"line":47,"column":9}},{"start":{},"end":{}}],"line":45},"1":{"loc":{"start":{"line":66,"column":8},"end":{"line":68,"column":9}},"type":"if","locations":[{"start":{"line":66,"column":8},"end":{"line":68,"column":9}},{"start":{},"end":{}}],"line":66}},"s":{"0":5,"1":1,"2":1,"3":1,"4":0,"5":5,"6":1,"7":1,"8":1,"9":1,"10":1,"11":0,"12":5,"13":0,"14":0,"15":0,"16":0,"17":0,"18":0,"19":0,"20":5,"21":0,"22":0,"23":0,"24":0,"25":0,"26":0,"27":0},"f":{"0":1,"1":1,"2":0,"3":0},"b":{"0":[0,0],"1":[0,0]},"inputSourceMap":null,"_coverageSchema":"1a1c01bbd47fc00a2c39e90264f33305004495a9","hash":"dc742a72c83c94b2102001ac86081d2daf03fafd"}
,"C:\\Users\\Juan\\.gemini\\antigravity\\scratch\\mortgage-simulator\\backend\\controllers\\simulation.controller.js": {"path":"C:\\Users\\Juan\\.gemini\\antigravity\\scratch\\mortgage-simulator\\backend\\controllers\\simulation.controller.js","statementMap":{"0":{"start":{"line":8,"column":35},"end":{"line":76,"column":1}},"1":{"start":{"line":20,"column":8},"end":{"line":20,"column":16}},"2":{"start":{"line":22,"column":4},"end":{"line":22,"column":64}},"3":{"start":{"line":24,"column":4},"end":{"line":26,"column":5}},"4":{"start":{"line":25,"column":8},"end":{"line":25,"column":117}},"5":{"start":{"line":28,"column":4},"end":{"line":75,"column":5}},"6":{"start":{"line":30,"column":20},"end":{"line":30,"column":71}},"7":{"start":{"line":33,"column":25},"end":{"line":41,"column":10}},"8":{"start":{"line":47,"column":22},"end":{"line":47,"column":51}},"9":{"start":{"line":48,"column":8},"end":{"line":50,"column":11}},"10":{"start":{"line":49,"column":12},"end":{"line":49,"column":52}},"11":{"start":{"line":65,"column":27},"end":{"line":65,"column":53}},"12":{"start":{"line":67,"column":8},"end":{"line":71,"column":11}},"13":{"start":{"line":73,"column":8},"end":{"line":73,"column":29}},"14":{"start":{"line":74,"column":8},"end":{"line":74,"column":57}},"15":{"start":{"line":81,"column":30},"end":{"line":116,"column":1}},"16":{"start":{"line":82,"column":4},"end":{"line":115,"column":5}},"17":{"start":{"line":89,"column":12},"end":{"line":89,"column":20}},"18":{"start":{"line":91,"column":27},"end":{"line":109,"column":10}},"19":{"start":{"line":111,"column":34},"end":{"line":111,"column":57}},"20":{"start":{"line":112,"column":8},"end":{"line":112,"column":48}},"21":{"start":{"line":114,"column":8},"end":{"line":114,"column":57}},"22":{"start":{"line":121,"column":33},"end":{"line":141,"column":1}},"23":{"start":{"line":122,"column":4},"end":{"line":140,"column":5}},"24":{"start":{"line":123,"column":27},"end":{"line":125,"column":50}},"25":{"start":{"line":127,"column":8},"end":{"line":129,"column":9}},"26":{"start":{"line":128,"column":12},"end":{"line":128,"column":77}},"27":{"start":{"line":132,"column":8},"end":{"line":134,"column":9}},"28":{"start":{"line":133,"column":12},"end":{"line":133,"column":71}},"29":{"start":{"line":136,"column":8},"end":{"line":136,"column":29}},"30":{"start":{"line":138,"column":8},"end":{"line":138,"column":29}},"31":{"start":{"line":139,"column":8},"end":{"line":139,"column":58}}},"fnMap":{"0":{"name":"(anonymous_0)","decl":{"start":{"line":8,"column":35},"end":{"line":8,"column":36}},"loc":{"start":{"line":8,"column":55},"end":{"line":76,"column":1}},"line":8},"1":{"name":"(anonymous_1)","decl":{"start":{"line":48,"column":25},"end":{"line":48,"column":26}},"loc":{"start":{"line":48,"column":32},"end":{"line":50,"column":9}},"line":48},"2":{"name":"(anonymous_2)","decl":{"start":{"line":81,"column":30},"end":{"line":81,"column":31}},"loc":{"start":{"line":81,"column":50},"end":{"line":116,"column":1}},"line":81},"3":{"name":"(anonymous_3)","decl":{"start":{"line":121,"column":33},"end":{"line":121,"column":34}},"loc":{"start":{"line":121,"column":53},"end":{"line":141,"column":1}},"line":121}},"branchMap":{"0":{"loc":{"start":{"line":24,"column":4},"end":{"line":26,"column":5}},"type":"if","locations":[{"start":{"line":24,"column":4},"end":{"line":26,"column":5}},{"start":{},"end":{}}],"line":24},"1":{"loc":{"start":{"line":24,"column":8},"end":{"line":24,"column":54}},"type":"binary-expr","locations":[{"start":{"line":24,"column":8},"end":{"line":24,"column":23}},{"start":{"line":24,"column":27},"end":{"line":24,"column":38}},{"start":{"line":24,"column":42},"end":{"line":24,"column":54}}],"line":24},"2":{"loc":{"start":{"line":127,"column":8},"end":{"line":129,"column":9}},"type":"if","locations":[{"start":{"line":127,"column":8},"end":{"line":129,"column":9}},{"start":{},"end":{}}],"line":127},"3":{"loc":{"start":{"line":132,"column":8},"end":{"line":134,"column":9}},"type":"if","locations":[{"start":{"line":132,"column":8},"end":{"line":134,"column":9}},{"start":{},"end":{}}],"line":132}},"s":{"0":5,"1":0,"2":0,"3":0,"4":0,"5":0,"6":0,"7":0,"8":0,"9":0,"10":0,"11":0,"12":0,"13":0,"14":0,"15":5,"16":0,"17":0,"18":0,"19":0,"20":0,"21":0,"22":5,"23":0,"24":0,"25":0,"26":0,"27":0,"28":0,"29":0,"30":0,"31":0},"f":{"0":0,"1":0,"2":0,"3":0},"b":{"0":[0,0],"1":[0,0,0],"2":[0,0],"3":[0,0]},"inputSourceMap":null,"_coverageSchema":"1a1c01bbd47fc00a2c39e90264f33305004495a9","hash":"a1c54d2281aebb9681305d66a4c90dd3d9d1eb4a"}
,"C:\\Users\\Juan\\.gemini\\antigravity\\scratch\\mortgage-simulator\\backend\\middleware\\authMiddleware.js": {"path":"C:\\Users\\Juan\\.gemini\\antigravity\\scratch\\mortgage-simulator\\backend\\middleware\\authMiddleware.js","statementMap":{"0":{"start":{"line":4,"column":16},"end":{"line":32,"column":1}},"1":{"start":{"line":7,"column":4},"end":{"line":27,"column":5}},"2":{"start":{"line":11,"column":8},"end":{"line":26,"column":9}},"3":{"start":{"line":12,"column":12},"end":{"line":12,"column":60}},"4":{"start":{"line":14,"column":28},"end":{"line":14,"column":69}},"5":{"start":{"line":16,"column":12},"end":{"line":16,"column":75}},"6":{"start":{"line":18,"column":12},"end":{"line":20,"column":13}},"7":{"start":{"line":19,"column":16},"end":{"line":19,"column":75}},"8":{"start":{"line":22,"column":12},"end":{"line":22,"column":19}},"9":{"start":{"line":24,"column":12},"end":{"line":24,"column":33}},"10":{"start":{"line":25,"column":12},"end":{"line":25,"column":78}},"11":{"start":{"line":29,"column":4},"end":{"line":31,"column":5}},"12":{"start":{"line":30,"column":8},"end":{"line":30,"column":70}}},"fnMap":{"0":{"name":"(anonymous_0)","decl":{"start":{"line":4,"column":16},"end":{"line":4,"column":17}},"loc":{"start":{"line":4,"column":42},"end":{"line":32,"column":1}},"line":4}},"branchMap":{"0":{"loc":{"start":{"line":7,"column":4},"end":{"line":27,"column":5}},"type":"if","locations":[{"start":{"line":7,"column":4},"end":{"line":27,"column":5}},{"start":{},"end":{}}],"line":7},"1":{"loc":{"start":{"line":8,"column":8},"end":{"line":9,"column":54}},"type":"binary-expr","locations":[{"start":{"line":8,"column":8},"end":{"line":8,"column":33}},{"start":{"line":9,"column":8},"end":{"line":9,"column":54}}],"line":8},"2":{"loc":{"start":{"line":18,"column":12},"end":{"line":20,"column":13}},"type":"if","locations":[{"start":{"line":18,"column":12},"end":{"line":20,"column":13}},{"start":{},"end":{}}],"line":18},"3":{"loc":{"start":{"line":29,"column":4},"end":{"line":31,"column":5}},"type":"if","locations":[{"start":{"line":29,"column":4},"end":{"line":31,"column":5}},{"start":{},"end":{}}],"line":29}},"s":{"0":5,"1":7,"2":6,"3":6,"4":6,"5":6,"6":6,"7":0,"8":6,"9":0,"10":0,"11":7,"12":1},"f":{"0":7},"b":{"0":[6,1],"1":[7,6],"2":[0,6],"3":[1,6]},"inputSourceMap":null,"_coverageSchema":"1a1c01bbd47fc00a2c39e90264f33305004495a9","hash":"d65a10b9359fc0db26e127a689920b66b8820bf8"}
,"C:\\Users\\Juan\\.gemini\\antigravity\\scratch\\mortgage-simulator\\backend\\models\\Client.js": {"path":"C:\\Users\\Juan\\.gemini\\antigravity\\scratch\\mortgage-simulator\\backend\\models\\Client.js","statementMap":{"0":{"start":{"line":3,"column":21},"end":{"line":34,"column":2}},"1":{"start":{"line":36,"column":15},"end":{"line":36,"column":53}}},"fnMap":{},"branchMap":{},"s":{"0":5,"1":5},"f":{},"b":{},"inputSourceMap":null,"_coverageSchema":"1a1c01bbd47fc00a2c39e90264f33305004495a9","hash":"bef6fafb99b885dc07e78fff026a3b4922c537d8"}
,"C:\\Users\\Juan\\.gemini\\antigravity\\scratch\\mortgage-simulator\\backend\\models\\Property.js": {"path":"C:\\Users\\Juan\\.gemini\\antigravity\\scratch\\mortgage-simulator\\backend\\models\\Property.js","statementMap":{"0":{"start":{"line":3,"column":23},"end":{"line":35,"column":2}},"1":{"start":{"line":37,"column":17},"end":{"line":37,"column":59}}},"fnMap":{},"branchMap":{},"s":{"0":5,"1":5},"f":{},"b":{},"inputSourceMap":null,"_coverageSchema":"1a1c01bbd47fc00a2c39e90264f33305004495a9","hash":"9fd7d61d0d2bdd3f48bd9e30e750993b30a4a7ef"}
,"C:\\Users\\Juan\\.gemini\\antigravity\\scratch\\mortgage-simulator\\backend\\models\\Simulation.js": {"path":"C:\\Users\\Juan\\.gemini\\antigravity\\scratch\\mortgage-simulator\\backend\\models\\Simulation.js","statementMap":{"0":{"start":{"line":3,"column":25},"end":{"line":63,"column":2}},"1":{"start":{"line":65,"column":19},"end":{"line":65,"column":65}}},"fnMap":{},"branchMap":{},"s":{"0":5,"1":5},"f":{},"b":{},"inputSourceMap":null,"_coverageSchema":"1a1c01bbd47fc00a2c39e90264f33305004495a9","hash":"8231d468b591879096518856f31f67d4776f3d49"}
,"C:\\Users\\Juan\\.gemini\\antigravity\\scratch\\mortgage-simulator\\backend\\models\\User.js": {"path":"C:\\Users\\Juan\\.gemini\\antigravity\\scratch\\mortgage-simulator\\backend\\models\\User.js","statementMap":{"0":{"start":{"line":4,"column":19},"end":{"line":20,"column":2}},"1":{"start":{"line":22,"column":0},"end":{"line":24,"column":2}},"2":{"start":{"line":23,"column":4},"end":{"line":23,"column":64}},"3":{"start":{"line":26,"column":0},"end":{"line":32,"column":3}},"4":{"start":{"line":27,"column":4},"end":{"line":29,"column":5}},"5":{"start":{"line":28,"column":8},"end":{"line":28,"column":15}},"6":{"start":{"line":30,"column":17},"end":{"line":30,"column":41}},"7":{"start":{"line":31,"column":4},"end":{"line":31,"column":59}},"8":{"start":{"line":34,"column":13},"end":{"line":34,"column":47}}},"fnMap":{"0":{"name":"(anonymous_0)","decl":{"start":{"line":22,"column":35},"end":{"line":22,"column":36}},"loc":{"start":{"line":22,"column":68},"end":{"line":24,"column":1}},"line":22},"1":{"name":"(anonymous_1)","decl":{"start":{"line":26,"column":23},"end":{"line":26,"column":24}},"loc":{"start":{"line":26,"column":45},"end":{"line":32,"column":1}},"line":26}},"branchMap":{"0":{"loc":{"start":{"line":27,"column":4},"end":{"line":29,"column":5}},"type":"if","locations":[{"start":{"line":27,"column":4},"end":{"line":29,"column":5}},{"start":{},"end":{}}],"line":27}},"s":{"0":5,"1":5,"2":2,"3":5,"4":13,"5":0,"6":13,"7":13,"8":5},"f":{"0":2,"1":13},"b":{"0":[0,13]},"inputSourceMap":null,"_coverageSchema":"1a1c01bbd47fc00a2c39e90264f33305004495a9","hash":"abe4a71c3a66d34afe39592c92ba24bbbcb5ac66"}
,"C:\\Users\\Juan\\.gemini\\antigravity\\scratch\\mortgage-simulator\\backend\\routes\\auth.routes.js": {"path":"C:\\Users\\Juan\\.gemini\\antigravity\\scratch\\mortgage-simulator\\backend\\routes\\auth.routes.js","statementMap":{"0":{"start":{"line":4,"column":15},"end":{"line":4,"column":31}},"1":{"start":{"line":6,"column":0},"end":{"line":6,"column":32}},"2":{"start":{"line":7,"column":0},"end":{"line":7,"column":39}}},"fnMap":{},"branchMap":{},"s":{"0":5,"1":5,"2":5},"f":{},"b":{},"inputSourceMap":null,"_coverageSchema":"1a1c01bbd47fc00a2c39e90264f33305004495a9","hash":"58c2f1e021b45a12edeb5eb86c9c305b4fd630ab"}
,"C:\\Users\\Juan\\.gemini\\antigravity\\scratch\\mortgage-simulator\\backend\\routes\\client.routes.js": {"path":"C:\\Users\\Juan\\.gemini\\antigravity\\scratch\\mortgage-simulator\\backend\\routes\\client.routes.js","statementMap":{"0":{"start":{"line":5,"column":15},"end":{"line":5,"column":31}},"1":{"start":{"line":7,"column":0},"end":{"line":7,"column":71}},"2":{"start":{"line":8,"column":0},"end":{"line":8,"column":78}}},"fnMap":{},"branchMap":{},"s":{"0":5,"1":5,"2":5},"f":{},"b":{},"inputSourceMap":null,"_coverageSchema":"1a1c01bbd47fc00a2c39e90264f33305004495a9","hash":"4e75d59a51284d4032d6c0e128b6632d7f334ca0"}
,"C:\\Users\\Juan\\.gemini\\antigravity\\scratch\\mortgage-simulator\\backend\\routes\\dashboard.routes.js": {"path":"C:\\Users\\Juan\\.gemini\\antigravity\\scratch\\mortgage-simulator\\backend\\routes\\dashboard.routes.js","statementMap":{"0":{"start":{"line":5,"column":15},"end":{"line":5,"column":31}},"1":{"start":{"line":7,"column":0},"end":{"line":7,"column":49}}},"fnMap":{},"branchMap":{},"s":{"0":5,"1":5},"f":{},"b":{},"inputSourceMap":null,"_coverageSchema":"1a1c01bbd47fc00a2c39e90264f33305004495a9","hash":"0e01285eb1d02a20847248d474d8407b36593427"}
,"C:\\Users\\Juan\\.gemini\\antigravity\\scratch\\mortgage-simulator\\backend\\routes\\property.routes.js": {"path":"C:\\Users\\Juan\\.gemini\\antigravity\\scratch\\mortgage-simulator\\backend\\routes\\property.routes.js","statementMap":{"0":{"start":{"line":5,"column":15},"end":{"line":5,"column":31}},"1":{"start":{"line":7,"column":0},"end":{"line":7,"column":76}},"2":{"start":{"line":8,"column":0},"end":{"line":8,"column":82}}},"fnMap":{},"branchMap":{},"s":{"0":5,"1":5,"2":5},"f":{},"b":{},"inputSourceMap":null,"_coverageSchema":"1a1c01bbd47fc00a2c39e90264f33305004495a9","hash":"9105a82f9d0160d843305b1c71f492d5320eac04"}
,"C:\\Users\\Juan\\.gemini\\antigravity\\scratch\\mortgage-simulator\\backend\\routes\\simulation.routes.js": {"path":"C:\\Users\\Juan\\.gemini\\antigravity\\scratch\\mortgage-simulator\\backend\\routes\\simulation.routes.js","statementMap":{"0":{"start":{"line":5,"column":15},"end":{"line":5,"column":31}},"1":{"start":{"line":7,"column":0},"end":{"line":7,"column":56}},"2":{"start":{"line":8,"column":0},"end":{"line":8,"column":46}},"3":{"start":{"line":9,"column":0},"end":{"line":9,"column":47}}},"fnMap":{},"branchMap":{},"s":{"0":5,"1":5,"2":5,"3":5},"f":{},"b":{},"inputSourceMap":null,"_coverageSchema":"1a1c01bbd47fc00a2c39e90264f33305004495a9","hash":"92231d596bb866cea9ca02978dcebd8b65f1c0f6"}
,"C:\\Users\\Juan\\.gemini\\antigravity\\scratch\\mortgage-simulator\\backend\\services\\financial.service.js": {"path":"C:\\Users\\Juan\\.gemini\\antigravity\\scratch\\mortgage-simulator\\backend\\services\\financial.service.js","statementMap":{"0":{"start":{"line":4,"column":0},"end":{"line":4,"column":31}},"1":{"start":{"line":6,"column":28},"end":{"line":33,"column":1}},"2":{"start":{"line":8,"column":4},"end":{"line":10,"column":5}},"3":{"start":{"line":9,"column":8},"end":{"line":9,"column":46}},"4":{"start":{"line":11,"column":14},"end":{"line":11,"column":40}},"5":{"start":{"line":13,"column":4},"end":{"line":32,"column":5}},"6":{"start":{"line":21,"column":8},"end":{"line":26,"column":9}},"7":{"start":{"line":22,"column":22},"end":{"line":22,"column":32}},"8":{"start":{"line":23,"column":12},"end":{"line":23,"column":46}},"9":{"start":{"line":25,"column":12},"end":{"line":25,"column":29}},"10":{"start":{"line":31,"column":8},"end":{"line":31,"column":62}},"11":{"start":{"line":35,"column":32},"end":{"line":124,"column":1}},"12":{"start":{"line":45,"column":8},"end":{"line":45,"column":14}},"13":{"start":{"line":47,"column":16},"end":{"line":47,"column":43}},"14":{"start":{"line":48,"column":16},"end":{"line":48,"column":41}},"15":{"start":{"line":49,"column":14},"end":{"line":49,"column":35}},"16":{"start":{"line":50,"column":24},"end":{"line":50,"column":59}},"17":{"start":{"line":51,"column":28},"end":{"line":51,"column":76}},"18":{"start":{"line":52,"column":23},"end":{"line":52,"column":66}},"19":{"start":{"line":54,"column":21},"end":{"line":54,"column":23}},"20":{"start":{"line":55,"column":22},"end":{"line":55,"column":44}},"21":{"start":{"line":57,"column":4},"end":{"line":121,"column":5}},"22":{"start":{"line":57,"column":17},"end":{"line":57,"column":18}},"23":{"start":{"line":59,"column":8},"end":{"line":59,"column":57}},"24":{"start":{"line":61,"column":24},"end":{"line":61,"column":40}},"25":{"start":{"line":62,"column":34},"end":{"line":62,"column":62}},"26":{"start":{"line":63,"column":29},"end":{"line":63,"column":74}},"27":{"start":{"line":67,"column":27},"end":{"line":67,"column":41}},"28":{"start":{"line":68,"column":20},"end":{"line":68,"column":34}},"29":{"start":{"line":69,"column":25},"end":{"line":69,"column":39}},"30":{"start":{"line":71,"column":8},"end":{"line":95,"column":9}},"31":{"start":{"line":72,"column":12},"end":{"line":83,"column":13}},"32":{"start":{"line":74,"column":16},"end":{"line":74,"column":46}},"33":{"start":{"line":75,"column":16},"end":{"line":75,"column":39}},"34":{"start":{"line":77,"column":16},"end":{"line":77,"column":44}},"35":{"start":{"line":78,"column":19},"end":{"line":83,"column":13}},"36":{"start":{"line":80,"column":16},"end":{"line":80,"column":46}},"37":{"start":{"line":81,"column":16},"end":{"line":81,"column":32}},"38":{"start":{"line":87,"column":31},"end":{"line":87,"column":40}},"39":{"start":{"line":90,"column":27},"end":{"line":90,"column":54}},"40":{"start":{"line":91,"column":12},"end":{"line":91,"column":72}},"41":{"start":{"line":93,"column":12},"end":{"line":93,"column":48}},"42":{"start":{"line":94,"column":12},"end":{"line":94,"column":46}},"43":{"start":{"line":98,"column":8},"end":{"line":107,"column":9}},"44":{"start":{"line":109,"column":8},"end":{"line":109,"column":70}},"45":{"start":{"line":111,"column":8},"end":{"line":120,"column":11}},"46":{"start":{"line":123,"column":4},"end":{"line":123,"column":20}},"47":{"start":{"line":126,"column":35},"end":{"line":169,"column":1}},"48":{"start":{"line":136,"column":25},"end":{"line":156,"column":5}},"49":{"start":{"line":140,"column":24},"end":{"line":140,"column":28}},"50":{"start":{"line":141,"column":20},"end":{"line":141,"column":24}},"51":{"start":{"line":142,"column":19},"end":{"line":142,"column":24}},"52":{"start":{"line":144,"column":8},"end":{"line":154,"column":9}},"53":{"start":{"line":144,"column":21},"end":{"line":144,"column":22}},"54":{"start":{"line":145,"column":25},"end":{"line":145,"column":26}},"55":{"start":{"line":146,"column":30},"end":{"line":146,"column":31}},"56":{"start":{"line":147,"column":12},"end":{"line":150,"column":13}},"57":{"start":{"line":147,"column":25},"end":{"line":147,"column":26}},"58":{"start":{"line":148,"column":16},"end":{"line":148,"column":60}},"59":{"start":{"line":149,"column":16},"end":{"line":149,"column":74}},"60":{"start":{"line":151,"column":28},"end":{"line":151,"column":55}},"61":{"start":{"line":152,"column":12},"end":{"line":152,"column":63}},"62":{"start":{"line":152,"column":48},"end":{"line":152,"column":63}},"63":{"start":{"line":153,"column":12},"end":{"line":153,"column":27}},"64":{"start":{"line":155,"column":8},"end":{"line":155,"column":20}},"65":{"start":{"line":158,"column":16},"end":{"line":158,"column":34}},"66":{"start":{"line":159,"column":17},"end":{"line":159,"column":50}},"67":{"start":{"line":164,"column":4},"end":{"line":168,"column":6}}},"fnMap":{"0":{"name":"(anonymous_0)","decl":{"start":{"line":6,"column":28},"end":{"line":6,"column":29}},"loc":{"start":{"line":6,"column":76},"end":{"line":33,"column":1}},"line":6},"1":{"name":"(anonymous_1)","decl":{"start":{"line":35,"column":32},"end":{"line":35,"column":33}},"loc":{"start":{"line":35,"column":44},"end":{"line":124,"column":1}},"line":35},"2":{"name":"(anonymous_2)","decl":{"start":{"line":126,"column":35},"end":{"line":126,"column":36}},"loc":{"start":{"line":126,"column":64},"end":{"line":169,"column":1}},"line":126},"3":{"name":"(anonymous_3)","decl":{"start":{"line":136,"column":25},"end":{"line":136,"column":26}},"loc":{"start":{"line":136,"column":50},"end":{"line":156,"column":5}},"line":136}},"branchMap":{"0":{"loc":{"start":{"line":6,"column":45},"end":{"line":6,"column":71}},"type":"default-arg","locations":[{"start":{"line":6,"column":62},"end":{"line":6,"column":71}}],"line":6},"1":{"loc":{"start":{"line":8,"column":4},"end":{"line":10,"column":5}},"type":"if","locations":[{"start":{"line":8,"column":4},"end":{"line":10,"column":5}},{"start":{},"end":{}}],"line":8},"2":{"loc":{"start":{"line":8,"column":8},"end":{"line":8,"column":58}},"type":"binary-expr","locations":[{"start":{"line":8,"column":8},"end":{"line":8,"column":26}},{"start":{"line":8,"column":30},"end":{"line":8,"column":43}},{"start":{"line":8,"column":47},"end":{"line":8,"column":58}}],"line":8},"3":{"loc":{"start":{"line":13,"column":4},"end":{"line":32,"column":5}},"type":"if","locations":[{"start":{"line":13,"column":4},"end":{"line":32,"column":5}},{"start":{"line":27,"column":11},"end":{"line":32,"column":5}}],"line":13},"4":{"loc":{"start":{"line":21,"column":8},"end":{"line":26,"column":9}},"type":"if","locations":[{"start":{"line":21,"column":8},"end":{"line":26,"column":9}},{"start":{"line":24,"column":15},"end":{"line":26,"column":9}}],"line":21},"5":{"loc":{"start":{"line":42,"column":8},"end":{"line":42,"column":33}},"type":"default-arg","locations":[{"start":{"line":42,"column":23},"end":{"line":42,"column":33}}],"line":42},"6":{"loc":{"start":{"line":43,"column":8},"end":{"line":43,"column":38}},"type":"default-arg","locations":[{"start":{"line":43,"column":37},"end":{"line":43,"column":38}}],"line":43},"7":{"loc":{"start":{"line":44,"column":8},"end":{"line":44,"column":33}},"type":"default-arg","locations":[{"start":{"line":44,"column":32},"end":{"line":44,"column":33}}],"line":44},"8":{"loc":{"start":{"line":50,"column":33},"end":{"line":50,"column":58}},"type":"binary-expr","locations":[{"start":{"line":50,"column":33},"end":{"line":50,"column":53}},{"start":{"line":50,"column":57},"end":{"line":50,"column":58}}],"line":50},"9":{"loc":{"start":{"line":71,"column":8},"end":{"line":95,"column":9}},"type":"if","locations":[{"start":{"line":71,"column":8},"end":{"line":95,"column":9}},{"start":{"line":84,"column":15},"end":{"line":95,"column":9}}],"line":71},"10":{"loc":{"start":{"line":72,"column":12},"end":{"line":83,"column":13}},"type":"if","locations":[{"start":{"line":72,"column":12},"end":{"line":83,"column":13}},{"start":{"line":78,"column":19},"end":{"line":83,"column":13}}],"line":72},"11":{"loc":{"start":{"line":78,"column":19},"end":{"line":83,"column":13}},"type":"if","locations":[{"start":{"line":78,"column":19},"end":{"line":83,"column":13}},{"start":{},"end":{}}],"line":78},"12":{"loc":{"start":{"line":98,"column":8},"end":{"line":107,"column":9}},"type":"if","locations":[{"start":{"line":98,"column":8},"end":{"line":107,"column":9}},{"start":{},"end":{}}],"line":98},"13":{"loc":{"start":{"line":98,"column":12},"end":{"line":98,"column":40}},"type":"binary-expr","locations":[{"start":{"line":98,"column":12},"end":{"line":98,"column":19}},{"start":{"line":98,"column":23},"end":{"line":98,"column":40}}],"line":98},"14":{"loc":{"start":{"line":136,"column":34},"end":{"line":136,"column":45}},"type":"default-arg","locations":[{"start":{"line":136,"column":42},"end":{"line":136,"column":45}}],"line":136},"15":{"loc":{"start":{"line":152,"column":12},"end":{"line":152,"column":63}},"type":"if","locations":[{"start":{"line":152,"column":12},"end":{"line":152,"column":63}},{"start":{},"end":{}}],"line":152}},"s":{"0":6,"1":6,"2":2,"3":0,"4":2,"5":2,"6":1,"7":0,"8":0,"9":1,"10":1,"11":6,"12":0,"13":0,"14":0,"15":0,"16":0,"17":0,"18":0,"19":0,"20":0,"21":0,"22":0,"23":0,"24":0,"25":0,"26":0,"27":0,"28":0,"29":0,"30":0,"31":0,"32":0,"33":0,"34":0,"35":0,"36":0,"37":0,"38":0,"39":0,"40":0,"41":0,"42":0,"43":0,"44":0,"45":0,"46":0,"47":6,"48":1,"49":1,"50":1,"51":1,"52":1,"53":1,"54":5,"55":5,"56":5,"57":5,"58":65,"59":65,"60":5,"61":5,"62":1,"63":4,"64":0,"65":1,"66":1,"67":1},"f":{"0":2,"1":0,"2":1,"3":1},"b":{"0":[0],"1":[0,2],"2":[2,2,2],"3":[1,1],"4":[0,1],"5":[0],"6":[0],"7":[0],"8":[0,0],"9":[0,0],"10":[0,0],"11":[0,0],"12":[0,0],"13":[0,0],"14":[1],"15":[1,4]},"inputSourceMap":null,"_coverageSchema":"1a1c01bbd47fc00a2c39e90264f33305004495a9","hash":"29d5dbb5bce0313061f72add69c5239fdfc6e40e"}
}
