TN:
SF:index.js
FN:34,(anonymous_0)
FN:39,(anonymous_1)
FNF:2
FNH:0
FNDA:0,(anonymous_0)
FNDA:0,(anonymous_1)
DA:12,5
DA:14,5
DA:15,5
DA:18,5
DA:19,5
DA:23,5
DA:24,0
DA:28,5
DA:29,5
DA:30,5
DA:31,5
DA:32,5
DA:34,5
DA:35,0
DA:38,5
DA:39,0
DA:40,0
LF:17
LH:13
BRDA:15,0,0,5
BRDA:15,0,1,0
BRDA:23,1,0,0
BRDA:23,1,1,5
BRDA:38,2,0,0
BRDA:38,2,1,5
BRF:6
BRH:3
end_of_record
TN:
SF:config\db.js
FN:3,(anonymous_0)
FNF:1
FNH:0
FNDA:0,(anonymous_0)
DA:3,5
DA:4,0
DA:5,0
DA:6,0
DA:8,0
DA:9,0
LF:6
LH:1
BRF:0
BRH:0
end_of_record
TN:
SF:controllers\auth.controller.js
FN:4,(anonymous_0)
FN:13,(anonymous_1)
FN:33,(anonymous_2)
FNF:3
FNH:3
FNDA:4,(anonymous_0)
FNDA:2,(anonymous_1)
FNDA:4,(anonymous_2)
DA:4,5
DA:5,4
DA:13,5
DA:14,2
DA:16,2
DA:18,2
DA:19,1
DA:26,1
DA:33,5
DA:34,4
DA:36,4
DA:38,4
DA:39,1
DA:40,1
DA:43,3
DA:48,3
DA:49,3
DA:56,0
LF:18
LH:17
BRDA:18,0,0,1
BRDA:18,0,1,1
BRDA:18,1,0,2
BRDA:18,1,1,2
BRDA:38,2,0,1
BRDA:38,2,1,3
BRDA:48,3,0,3
BRDA:48,3,1,0
BRF:8
BRH:7
end_of_record
TN:
SF:controllers\client.controller.js
FN:6,(anonymous_0)
FN:18,(anonymous_1)
FN:40,(anonymous_2)
FN:61,(anonymous_3)
FNF:4
FNH:2
FNDA:1,(anonymous_0)
FNDA:1,(anonymous_1)
FNDA:0,(anonymous_2)
FNDA:0,(anonymous_3)
DA:6,5
DA:7,1
DA:8,1
DA:9,1
DA:11,0
DA:18,5
DA:19,1
DA:21,1
DA:22,1
DA:30,1
DA:31,1
DA:33,0
DA:40,5
DA:41,0
DA:42,0
DA:44,0
DA:45,0
DA:48,0
DA:52,0
DA:54,0
DA:61,5
DA:62,0
DA:63,0
DA:65,0
DA:66,0
DA:69,0
DA:70,0
DA:72,0
LF:28
LH:12
BRDA:44,0,0,0
BRDA:44,0,1,0
BRDA:65,1,0,0
BRDA:65,1,1,0
BRF:4
BRH:0
end_of_record
TN:
SF:controllers\dashboard.controller.js
FN:8,(anonymous_0)
FN:48,(anonymous_1)
FNF:2
FNH:2
FNDA:2,(anonymous_0)
FNDA:1,(anonymous_1)
DA:8,5
DA:9,2
DA:10,2
DA:15,2
DA:16,2
DA:19,2
DA:25,2
DA:26,2
DA:28,2
DA:48,2
DA:49,1
DA:50,1
DA:56,2
DA:64,0
DA:65,0
LF:15
LH:13
BRF:0
BRH:0
end_of_record
TN:
SF:controllers\property.controller.js
FN:6,(anonymous_0)
FN:18,(anonymous_1)
FN:41,(anonymous_2)
FN:62,(anonymous_3)
FNF:4
FNH:2
FNDA:1,(anonymous_0)
FNDA:1,(anonymous_1)
FNDA:0,(anonymous_2)
FNDA:0,(anonymous_3)
DA:6,5
DA:7,1
DA:8,1
DA:9,1
DA:11,0
DA:18,5
DA:19,1
DA:21,1
DA:22,1
DA:31,1
DA:32,1
DA:34,0
DA:41,5
DA:42,0
DA:43,0
DA:45,0
DA:46,0
DA:49,0
DA:53,0
DA:55,0
DA:62,5
DA:63,0
DA:64,0
DA:66,0
DA:67,0
DA:70,0
DA:71,0
DA:73,0
LF:28
LH:12
BRDA:45,0,0,0
BRDA:45,0,1,0
BRDA:66,1,0,0
BRDA:66,1,1,0
BRF:4
BRH:0
end_of_record
TN:
SF:controllers\simulation.controller.js
FN:8,(anonymous_0)
FN:48,(anonymous_1)
FN:81,(anonymous_2)
FN:121,(anonymous_3)
FNF:4
FNH:0
FNDA:0,(anonymous_0)
FNDA:0,(anonymous_1)
FNDA:0,(anonymous_2)
FNDA:0,(anonymous_3)
DA:8,5
DA:20,0
DA:22,0
DA:24,0
DA:25,0
DA:28,0
DA:30,0
DA:33,0
DA:47,0
DA:48,0
DA:49,0
DA:65,0
DA:67,0
DA:73,0
DA:74,0
DA:81,5
DA:82,0
DA:89,0
DA:91,0
DA:111,0
DA:112,0
DA:114,0
DA:121,5
DA:122,0
DA:123,0
DA:127,0
DA:128,0
DA:132,0
DA:133,0
DA:136,0
DA:138,0
DA:139,0
LF:32
LH:3
BRDA:24,0,0,0
BRDA:24,0,1,0
BRDA:24,1,0,0
BRDA:24,1,1,0
BRDA:24,1,2,0
BRDA:127,2,0,0
BRDA:127,2,1,0
BRDA:132,3,0,0
BRDA:132,3,1,0
BRF:9
BRH:0
end_of_record
TN:
SF:middleware\authMiddleware.js
FN:4,(anonymous_0)
FNF:1
FNH:1
FNDA:7,(anonymous_0)
DA:4,5
DA:7,7
DA:11,6
DA:12,6
DA:14,6
DA:16,6
DA:18,6
DA:19,0
DA:22,6
DA:24,0
DA:25,0
DA:29,7
DA:30,1
LF:13
LH:10
BRDA:7,0,0,6
BRDA:7,0,1,1
BRDA:8,1,0,7
BRDA:8,1,1,6
BRDA:18,2,0,0
BRDA:18,2,1,6
BRDA:29,3,0,1
BRDA:29,3,1,6
BRF:8
BRH:7
end_of_record
TN:
SF:models\Client.js
FNF:0
FNH:0
DA:3,5
DA:36,5
LF:2
LH:2
BRF:0
BRH:0
end_of_record
TN:
SF:models\Property.js
FNF:0
FNH:0
DA:3,5
DA:37,5
LF:2
LH:2
BRF:0
BRH:0
end_of_record
TN:
SF:models\Simulation.js
FNF:0
FNH:0
DA:3,5
DA:65,5
LF:2
LH:2
BRF:0
BRH:0
end_of_record
TN:
SF:models\User.js
FN:22,(anonymous_0)
FN:26,(anonymous_1)
FNF:2
FNH:2
FNDA:2,(anonymous_0)
FNDA:13,(anonymous_1)
DA:4,5
DA:22,5
DA:23,2
DA:26,5
DA:27,13
DA:28,0
DA:30,13
DA:31,13
DA:34,5
LF:9
LH:8
BRDA:27,0,0,0
BRDA:27,0,1,13
BRF:2
BRH:1
end_of_record
TN:
SF:routes\auth.routes.js
FNF:0
FNH:0
DA:4,5
DA:6,5
DA:7,5
LF:3
LH:3
BRF:0
BRH:0
end_of_record
TN:
SF:routes\client.routes.js
FNF:0
FNH:0
DA:5,5
DA:7,5
DA:8,5
LF:3
LH:3
BRF:0
BRH:0
end_of_record
TN:
SF:routes\dashboard.routes.js
FNF:0
FNH:0
DA:5,5
DA:7,5
LF:2
LH:2
BRF:0
BRH:0
end_of_record
TN:
SF:routes\property.routes.js
FNF:0
FNH:0
DA:5,5
DA:7,5
DA:8,5
LF:3
LH:3
BRF:0
BRH:0
end_of_record
TN:
SF:routes\simulation.routes.js
FNF:0
FNH:0
DA:5,5
DA:7,5
DA:8,5
DA:9,5
LF:4
LH:4
BRF:0
BRH:0
end_of_record
TN:
SF:services\financial.service.js
FN:6,(anonymous_0)
FN:35,(anonymous_1)
FN:126,(anonymous_2)
FN:136,(anonymous_3)
FNF:4
FNH:3
FNDA:2,(anonymous_0)
FNDA:0,(anonymous_1)
FNDA:1,(anonymous_2)
FNDA:1,(anonymous_3)
DA:4,6
DA:6,6
DA:8,2
DA:9,0
DA:11,2
DA:13,2
DA:21,1
DA:22,0
DA:23,0
DA:25,1
DA:31,1
DA:35,6
DA:45,0
DA:47,0
DA:48,0
DA:49,0
DA:50,0
DA:51,0
DA:52,0
DA:54,0
DA:55,0
DA:57,0
DA:59,0
DA:61,0
DA:62,0
DA:63,0
DA:67,0
DA:68,0
DA:69,0
DA:71,0
DA:72,0
DA:74,0
DA:75,0
DA:77,0
DA:78,0
DA:80,0
DA:81,0
DA:87,0
DA:90,0
DA:91,0
DA:93,0
DA:94,0
DA:98,0
DA:109,0
DA:111,0
DA:123,0
DA:126,6
DA:136,1
DA:140,1
DA:141,1
DA:142,1
DA:144,1
DA:145,5
DA:146,5
DA:147,5
DA:148,65
DA:149,65
DA:151,5
DA:152,5
DA:153,4
DA:155,0
DA:158,1
DA:159,1
DA:164,1
LF:64
LH:26
BRDA:6,0,0,0
BRDA:8,1,0,0
BRDA:8,1,1,2
BRDA:8,2,0,2
BRDA:8,2,1,2
BRDA:8,2,2,2
BRDA:13,3,0,1
BRDA:13,3,1,1
BRDA:21,4,0,0
BRDA:21,4,1,1
BRDA:42,5,0,0
BRDA:43,6,0,0
BRDA:44,7,0,0
BRDA:50,8,0,0
BRDA:50,8,1,0
BRDA:71,9,0,0
BRDA:71,9,1,0
BRDA:72,10,0,0
BRDA:72,10,1,0
BRDA:78,11,0,0
BRDA:78,11,1,0
BRDA:98,12,0,0
BRDA:98,12,1,0
BRDA:98,13,0,0
BRDA:98,13,1,0
BRDA:136,14,0,1
BRDA:152,15,0,1
BRDA:152,15,1,4
BRF:28
BRH:10
end_of_record
