TN:
SF:index.js
FN:44,(anonymous_0)
FN:49,(anonymous_1)
FNF:2
FNH:0
FNDA:0,(anonymous_0)
FNDA:0,(anonymous_1)
DA:12,1
DA:14,1
DA:15,1
DA:18,1
DA:29,1
DA:33,1
DA:34,0
DA:38,1
DA:39,1
DA:40,1
DA:41,1
DA:42,1
DA:44,1
DA:45,0
DA:48,1
DA:49,0
DA:50,0
LF:17
LH:13
BRDA:15,0,0,1
BRDA:15,0,1,0
BRDA:33,1,0,0
BRDA:33,1,1,1
BRDA:48,2,0,0
BRDA:48,2,1,1
BRF:6
BRH:3
end_of_record
TN:
SF:config\db.js
FN:23,(anonymous_0)
FNF:1
FNH:0
FNDA:0,(anonymous_0)
DA:23,1
DA:24,0
DA:25,0
DA:26,0
DA:28,0
DA:29,0
LF:6
LH:1
BRF:0
BRH:0
end_of_record
TN:
SF:controllers\auth.controller.js
FN:19,(anonymous_0)
FN:39,(anonymous_1)
FN:70,(anonymous_2)
FNF:3
FNH:0
FNDA:0,(anonymous_0)
FNDA:0,(anonymous_1)
FNDA:0,(anonymous_2)
DA:19,1
DA:20,0
DA:39,1
DA:40,0
DA:42,0
DA:44,0
DA:45,0
DA:52,0
DA:70,1
DA:71,0
DA:73,0
DA:75,0
DA:76,0
DA:77,0
DA:80,0
DA:85,0
DA:86,0
DA:93,0
LF:18
LH:3
BRDA:44,0,0,0
BRDA:44,0,1,0
BRDA:44,1,0,0
BRDA:44,1,1,0
BRDA:75,2,0,0
BRDA:75,2,1,0
BRDA:85,3,0,0
BRDA:85,3,1,0
BRF:8
BRH:0
end_of_record
TN:
SF:controllers\client.controller.js
FN:23,(anonymous_0)
FN:49,(anonymous_1)
FN:82,(anonymous_2)
FN:113,(anonymous_3)
FNF:4
FNH:0
FNDA:0,(anonymous_0)
FNDA:0,(anonymous_1)
FNDA:0,(anonymous_2)
FNDA:0,(anonymous_3)
DA:23,1
DA:24,0
DA:25,0
DA:26,0
DA:28,0
DA:49,1
DA:50,0
DA:52,0
DA:53,0
DA:61,0
DA:62,0
DA:64,0
DA:82,1
DA:83,0
DA:84,0
DA:86,0
DA:87,0
DA:90,0
DA:94,0
DA:96,0
DA:113,1
DA:114,0
DA:115,0
DA:117,0
DA:118,0
DA:121,0
DA:122,0
DA:124,0
LF:28
LH:4
BRDA:86,0,0,0
BRDA:86,0,1,0
BRDA:117,1,0,0
BRDA:117,1,1,0
BRF:4
BRH:0
end_of_record
TN:
SF:controllers\dashboard.controller.js
FN:25,(anonymous_0)
FN:62,(anonymous_1)
FNF:2
FNH:0
FNDA:0,(anonymous_0)
FNDA:0,(anonymous_1)
DA:25,1
DA:26,0
DA:27,0
DA:29,0
DA:30,0
DA:33,0
DA:39,0
DA:40,0
DA:42,0
DA:62,0
DA:63,0
DA:64,0
DA:70,0
DA:78,0
DA:79,0
LF:15
LH:1
BRF:0
BRH:0
end_of_record
TN:
SF:controllers\property.controller.js
FN:23,(anonymous_0)
FN:50,(anonymous_1)
FN:84,(anonymous_2)
FN:115,(anonymous_3)
FNF:4
FNH:0
FNDA:0,(anonymous_0)
FNDA:0,(anonymous_1)
FNDA:0,(anonymous_2)
FNDA:0,(anonymous_3)
DA:23,1
DA:24,0
DA:25,0
DA:26,0
DA:28,0
DA:50,1
DA:51,0
DA:53,0
DA:54,0
DA:63,0
DA:64,0
DA:66,0
DA:84,1
DA:85,0
DA:86,0
DA:88,0
DA:89,0
DA:92,0
DA:96,0
DA:98,0
DA:115,1
DA:116,0
DA:117,0
DA:119,0
DA:120,0
DA:123,0
DA:124,0
DA:126,0
LF:28
LH:4
BRDA:88,0,0,0
BRDA:88,0,1,0
BRDA:119,1,0,0
BRDA:119,1,1,0
BRF:4
BRH:0
end_of_record
TN:
SF:controllers\simulation.controller.js
FN:40,(anonymous_0)
FN:70,(anonymous_1)
FN:99,(anonymous_2)
FN:135,(anonymous_3)
FN:186,(anonymous_4)
FNF:5
FNH:4
FNDA:10,(anonymous_0)
FNDA:8,(anonymous_1)
FNDA:876,(anonymous_2)
FNDA:1,(anonymous_3)
FNDA:0,(anonymous_4)
DA:40,1
DA:57,10
DA:59,10
DA:61,10
DA:62,1
DA:65,9
DA:66,9
DA:68,9
DA:69,9
DA:70,5
DA:71,8
DA:72,4
DA:73,4
DA:74,4
DA:75,4
DA:76,2
DA:77,2
DA:78,2
DA:80,4
DA:85,9
DA:98,9
DA:99,9
DA:100,876
DA:103,9
DA:105,9
DA:112,0
DA:113,0
DA:135,1
DA:136,1
DA:143,1
DA:145,1
DA:165,1
DA:166,1
DA:168,0
DA:186,1
DA:187,0
DA:188,0
DA:192,0
DA:193,0
DA:197,0
DA:198,0
DA:201,0
DA:203,0
DA:204,0
LF:44
LH:32
BRDA:61,0,0,1
BRDA:61,0,1,9
BRDA:61,1,0,10
BRDA:61,1,1,9
BRDA:61,1,2,9
BRDA:69,2,0,5
BRDA:69,2,1,4
BRDA:69,3,0,9
BRDA:69,3,1,8
BRDA:71,4,0,4
BRDA:71,4,1,4
BRDA:73,5,0,4
BRDA:73,5,1,0
BRDA:75,6,0,2
BRDA:75,6,1,2
BRDA:77,7,0,2
BRDA:77,7,1,0
BRDA:78,8,0,2
BRDA:78,8,1,0
BRDA:103,9,0,9
BRDA:103,9,1,1
BRDA:192,10,0,0
BRDA:192,10,1,0
BRDA:197,11,0,0
BRDA:197,11,1,0
BRF:25
BRH:18
end_of_record
TN:
SF:middleware\authMiddleware.js
FN:33,(anonymous_0)
FNF:1
FNH:1
FNDA:11,(anonymous_0)
DA:33,1
DA:36,11
DA:40,11
DA:41,11
DA:43,11
DA:45,11
DA:47,11
DA:48,0
DA:51,11
DA:53,0
DA:54,0
DA:58,11
DA:59,0
LF:13
LH:9
BRDA:36,0,0,11
BRDA:36,0,1,0
BRDA:37,1,0,11
BRDA:37,1,1,11
BRDA:47,2,0,0
BRDA:47,2,1,11
BRDA:58,3,0,0
BRDA:58,3,1,11
BRF:8
BRH:5
end_of_record
TN:
SF:models\Client.js
FNF:0
FNH:0
DA:24,1
DA:57,1
LF:2
LH:2
BRF:0
BRH:0
end_of_record
TN:
SF:models\Property.js
FNF:0
FNH:0
DA:23,1
DA:57,1
LF:2
LH:2
BRF:0
BRH:0
end_of_record
TN:
SF:models\Simulation.js
FNF:0
FNH:0
DA:23,1
DA:110,1
LF:2
LH:2
BRF:0
BRH:0
end_of_record
TN:
SF:models\User.js
FN:45,(anonymous_0)
FN:49,(anonymous_1)
FNF:2
FNH:1
FNDA:0,(anonymous_0)
FNDA:10,(anonymous_1)
DA:21,1
DA:45,1
DA:46,0
DA:49,1
DA:50,10
DA:51,0
DA:53,10
DA:54,10
DA:57,1
LF:9
LH:7
BRDA:50,0,0,0
BRDA:50,0,1,10
BRF:2
BRH:1
end_of_record
TN:
SF:routes\auth.routes.js
FNF:0
FNH:0
DA:4,1
DA:6,1
DA:7,1
LF:3
LH:3
BRF:0
BRH:0
end_of_record
TN:
SF:routes\client.routes.js
FNF:0
FNH:0
DA:5,1
DA:7,1
DA:8,1
LF:3
LH:3
BRF:0
BRH:0
end_of_record
TN:
SF:routes\dashboard.routes.js
FNF:0
FNH:0
DA:5,1
DA:7,1
LF:2
LH:2
BRF:0
BRH:0
end_of_record
TN:
SF:routes\property.routes.js
FNF:0
FNH:0
DA:5,1
DA:7,1
DA:8,1
LF:3
LH:3
BRF:0
BRH:0
end_of_record
TN:
SF:routes\simulation.routes.js
FNF:0
FNH:0
DA:5,1
DA:7,1
DA:8,1
DA:9,1
LF:4
LH:4
BRF:0
BRH:0
end_of_record
TN:
SF:services\financial.service.js
FN:30,(anonymous_0)
FN:75,(anonymous_1)
FN:168,(anonymous_2)
FN:169,(anonymous_3)
FNF:4
FNH:4
FNDA:18,(anonymous_0)
FNDA:15,(anonymous_1)
FNDA:16,(anonymous_2)
FNDA:16,(anonymous_3)
DA:11,2
DA:30,2
DA:31,18
DA:32,3
DA:34,15
DA:36,15
DA:37,2
DA:38,1
DA:39,1
DA:41,1
DA:44,13
DA:75,2
DA:88,15
DA:90,15
DA:91,15
DA:92,15
DA:93,15
DA:94,15
DA:95,15
DA:97,15
DA:98,15
DA:100,15
DA:101,960
DA:103,960
DA:104,960
DA:105,960
DA:107,960
DA:108,960
DA:109,960
DA:111,960
DA:112,12
DA:113,3
DA:114,3
DA:115,3
DA:116,9
DA:117,9
DA:118,9
DA:121,948
DA:122,948
DA:123,948
DA:125,948
DA:126,948
DA:129,960
DA:130,960
DA:131,30
DA:132,30
DA:135,960
DA:137,960
DA:150,15
DA:168,2
DA:169,16
DA:170,16
DA:171,16
DA:172,16
DA:174,16
DA:175,686
DA:176,686
DA:177,686
DA:178,77570
DA:179,77570
DA:181,686
DA:182,686
DA:183,670
DA:185,0
DA:188,16
DA:189,16
DA:191,16
DA:193,16
DA:194,16
DA:195,970
DA:198,16
LF:71
LH:70
BRDA:30,0,0,0
BRDA:31,1,0,3
BRDA:31,1,1,15
BRDA:31,2,0,18
BRDA:31,2,1,17
BRDA:31,2,2,16
BRDA:36,3,0,2
BRDA:36,3,1,13
BRDA:37,4,0,1
BRDA:37,4,1,1
BRDA:82,5,0,15
BRDA:83,6,0,0
BRDA:84,7,0,0
BRDA:85,8,0,0
BRDA:86,9,0,12
BRDA:87,10,0,12
BRDA:93,11,0,15
BRDA:93,11,1,12
BRDA:111,12,0,12
BRDA:111,12,1,948
BRDA:112,13,0,3
BRDA:112,13,1,9
BRDA:116,14,0,9
BRDA:116,14,1,0
BRDA:130,15,0,30
BRDA:130,15,1,930
BRDA:130,16,0,960
BRDA:130,16,1,156
BRDA:130,16,2,30
BRDA:168,17,0,0
BRDA:169,18,0,16
BRDA:182,19,0,16
BRDA:182,19,1,670
BRF:33
BRH:27
end_of_record
